<?xml version="1.0" encoding="utf-8"?><testsuites name="pytest tests"><testsuite name="pytest" errors="0" failures="0" skipped="0" tests="36" time="170.124" timestamp="2026-01-15T22:46:30.582131+00:00" hostname="pwayper-thinkpadt590.remote.csb"><testcase classname="service.tests.test_advisor_service" name="test_similar_uploads" time="7.898" /><testcase classname="service.tests.test_advisor_service" name="test_impacted_date" time="4.860" /><testcase classname="service.tests.test_advisor_service" name="test_autoacks_for_new_account" time="5.289" /><testcase classname="service.tests.test_advisor_service" name="test_handle_engine_results" time="3.391" /><testcase classname="service.tests.test_advisor_service" name="test_handle_engine_results_two_sources" time="5.546" /><testcase classname="service.tests.test_advisor_service" name="test_satellite_handle_engine_results" time="3.441" /><testcase classname="service.tests.test_advisor_service" name="test_handle_engine_results_bad_keys" time="4.875" /><testcase classname="service.tests.test_advisor_service" name="test_generate_webhook_msgs_new_report" time="3.373" /><testcase classname="service.tests.test_advisor_service" name="test_generate_webhook_msgs_resolved_report" time="3.364" /><testcase classname="service.tests.test_advisor_service" name="test_db_one_failure" time="4.673" /><testcase classname="service.tests.test_advisor_service" name="test_db_repeated_failure" time="3.394" /><testcase classname="service.tests.test_advisor_service" name="test_handle_rule_hits" time="3.597" /><testcase classname="service.tests.test_advisor_service" name="test_db_reports_bad_upload" time="1.209" /><testcase classname="service.tests.test_advisor_service" name="test_db_reports_bad_upload_source" time="1.249" /><testcase classname="service.tests.test_advisor_service" name="test_db_reports_upload_source_exception" time="1.258" /><testcase classname="service.tests.test_advisor_service" name="test_handle_inventory_delete_event" time="4.298" /><testcase classname="service.tests.test_advisor_service" name="test_bad_db_inventory_upload_delete" time="3.598" /><testcase classname="service.tests.test_advisor_service" name="test_bad_db_inventory_current_report_delete" time="4.314" /><testcase classname="service.tests.test_advisor_service" name="test_bad_db_inventory_hostack_delete" time="4.371" /><testcase classname="service.tests.test_advisor_service" name="test_non_rhel_system_filtering" time="3.497" /><testcase classname="service.tests.test_advisor_service" name="test_rhel6_system_filtering" time="3.622" /><testcase classname="service.tests.test_advisor_service" name="test_executor_unhandled_exception" time="0.070" /><testcase classname="service.tests.test_advisor_service" name="test_consume_upload" time="0.100" /><testcase classname="service.tests.test_advisor_service" name="test_consume_exception_in_process_archive" time="0.100" /><testcase classname="service.tests.test_advisor_service" name="test_consume_error" time="0.028" /><testcase classname="service.tests.test_advisor_service" name="test_consume_partition_eof_error" time="0.030" /><testcase classname="service.tests.test_advisor_service" name="test_subscribe_and_teardown" time="0.025" /><testcase classname="service.tests.test_advisor_service" name="test_sigterm_shutdown" time="6.337" /><testcase classname="service.tests.test_advisor_service" name="test_sigterm_shutdown_failed_cloudwatch_setup" time="66.883" /><testcase classname="service.tests.test_advisor_service" name="test_our_log_formatter" time="4.393" /><testcase classname="service.tests.test_advisor_service" name="test_handle_rule_hits_path" time="0.023" /><testcase classname="service.tests.test_advisor_service" name="test_handle_rule_hits_missing_keys" time="0.011" /><testcase classname="service.tests.test_advisor_service" name="test_prometheus" time="0.057" /><testcase classname="service.tests.test_advisor_service" name="test_handle_inventory_event_path" time="0.021" /><testcase classname="service.tests.test_advisor_service" name="test_handle_inventory_event_missing_type" time="0.016" /><testcase classname="service.tests.test_advisor_service" name="test_handle_inventory_event_missing_delete_keys" time="1.421" /></testsuite></testsuites>