<?xml version="1.0" encoding="UTF-8"?>
<testsuite name="api.tests.test_advisor_service_engine_rule_hits.AdvisorServiceEngineRuleHitsTestCase-20260216011415" tests="11" file="api/tests/test_advisor_service_engine_rule_hits.py" time="0.556" timestamp="2026-02-16T01:14:15" failures="1" errors="0" skipped="0">
	<testcase classname="api.tests.test_advisor_service_engine_rule_hits.AdvisorServiceEngineRuleHitsTestCase" name="test_autoacks_for_new_account" time="0.149" timestamp="2026-02-16T01:14:15" file="api/tests/test_advisor_service_engine_rule_hits.py" line="149">
		<!--Test that autoacks are created for new accounts and not for existing accounts.-->
	</testcase>
	<testcase classname="api.tests.test_advisor_service_engine_rule_hits.AdvisorServiceEngineRuleHitsTestCase" name="test_handle_engine_results" time="0.029" timestamp="2026-02-16T01:14:15" file="api/tests/test_advisor_service_engine_rule_hits.py" line="206">
		<!--Test basic engine results processing.-->
	</testcase>
	<testcase classname="api.tests.test_advisor_service_engine_rule_hits.AdvisorServiceEngineRuleHitsTestCase" name="test_handle_engine_results_bad_keys" time="0.076" timestamp="2026-02-16T01:14:15" file="api/tests/test_advisor_service_engine_rule_hits.py" line="273">
		<!--Test that engine results with missing keys are rejected.-->
		<system-err><![CDATA[Hit exception sending bad payload tracker status.
Traceback (most recent call last):
  File "/home/pwayper/Code/insights/advisor-backend/api/advisor/payload_tracker.py", line 58, in bad_payload
    json_msg = json.loads(payload_message.decode('unicode_escape').strip('"'))
                          ^^^^^^^^^^^^^^^^^^^^^^
AttributeError: 'dict' object has no attribute 'decode'
Hit exception sending bad payload tracker status.
Traceback (most recent call last):
  File "/home/pwayper/Code/insights/advisor-backend/api/advisor/payload_tracker.py", line 58, in bad_payload
    json_msg = json.loads(payload_message.decode('unicode_escape').strip('"'))
                          ^^^^^^^^^^^^^^^^^^^^^^
AttributeError: 'dict' object has no attribute 'decode'
Hit exception sending bad payload tracker status.
Traceback (most recent call last):
  File "/home/pwayper/Code/insights/advisor-backend/api/advisor/payload_tracker.py", line 58, in bad_payload
    json_msg = json.loads(payload_message.decode('unicode_escape').strip('"'))
                          ^^^^^^^^^^^^^^^^^^^^^^
AttributeError: 'dict' object has no attribute 'decode'
Hit exception sending bad payload tracker status.
Traceback (most recent call last):
  File "/home/pwayper/Code/insights/advisor-backend/api/advisor/payload_tracker.py", line 58, in bad_payload
    json_msg = json.loads(payload_message.decode('unicode_escape').strip('"'))
                          ^^^^^^^^^^^^^^^^^^^^^^
AttributeError: 'dict' object has no attribute 'decode'
Hit exception sending bad payload tracker status.
Traceback (most recent call last):
  File "/home/pwayper/Code/insights/advisor-backend/api/advisor/payload_tracker.py", line 58, in bad_payload
    json_msg = json.loads(payload_message.decode('unicode_escape').strip('"'))
                          ^^^^^^^^^^^^^^^^^^^^^^
AttributeError: 'dict' object has no attribute 'decode'
Hit exception sending bad payload tracker status.
Traceback (most recent call last):
  File "/home/pwayper/Code/insights/advisor-backend/api/advisor/payload_tracker.py", line 58, in bad_payload
    json_msg = json.loads(payload_message.decode('unicode_escape').strip('"'))
                          ^^^^^^^^^^^^^^^^^^^^^^
AttributeError: 'dict' object has no attribute 'decode'
Hit exception sending bad payload tracker status.
Traceback (most recent call last):
  File "/home/pwayper/Code/insights/advisor-backend/api/advisor/payload_tracker.py", line 58, in bad_payload
    json_msg = json.loads(payload_message.decode('unicode_escape').strip('"'))
                          ^^^^^^^^^^^^^^^^^^^^^^
AttributeError: 'dict' object has no attribute 'decode'
Hit exception sending bad payload tracker status.
Traceback (most recent call last):
  File "/home/pwayper/Code/insights/advisor-backend/api/advisor/payload_tracker.py", line 58, in bad_payload
    json_msg = json.loads(payload_message.decode('unicode_escape').strip('"'))
                          ^^^^^^^^^^^^^^^^^^^^^^
AttributeError: 'dict' object has no attribute 'decode'
]]></system-err>
	</testcase>
	<testcase classname="api.tests.test_advisor_service_engine_rule_hits.AdvisorServiceEngineRuleHitsTestCase" name="test_handle_rule_hits" time="0.027" timestamp="2026-02-16T01:14:15" file="api/tests/test_advisor_service_engine_rule_hits.py" line="310">
		<!--Test third-party rule hits processing.-->
	</testcase>
	<testcase classname="api.tests.test_advisor_service_engine_rule_hits.AdvisorServiceEngineRuleHitsTestCase" name="test_handle_rule_hits_missing_keys" time="0.000" timestamp="2026-02-16T01:14:15" file="api/tests/test_advisor_service_engine_rule_hits.py" line="331">
		<!--Test that rule hits with missing keys are rejected.-->
	</testcase>
	<testcase classname="api.tests.test_advisor_service_engine_rule_hits.AdvisorServiceEngineRuleHitsTestCase" name="test_impacted_date" time="0.090" timestamp="2026-02-16T01:14:15" file="api/tests/test_advisor_service_engine_rule_hits.py" line="101">
		<!--Test that impacted_date is preserved across uploads and reset when report is resolved.-->
	</testcase>
	<testcase classname="api.tests.test_advisor_service_engine_rule_hits.AdvisorServiceEngineRuleHitsTestCase" name="test_non_rhel_system_filtering" time="0.022" timestamp="2026-02-16T01:14:15" file="api/tests/test_advisor_service_engine_rule_hits.py" line="336">
		<!--Test that non-RHEL systems can be filtered.-->
	</testcase>
	<testcase classname="api.tests.test_advisor_service_engine_rule_hits.AdvisorServiceEngineRuleHitsTestCase" name="test_rhel6_system_filtering" time="0.054" timestamp="2026-02-16T01:14:15" file="api/tests/test_advisor_service_engine_rule_hits.py" line="352">
		<!--Test that RHEL6 systems can be filtered to only show upgrade rules.-->
	</testcase>
	<testcase classname="api.tests.test_advisor_service_engine_rule_hits.AdvisorServiceEngineRuleHitsTestCase" name="test_satellite_handle_engine_results" time="0.021" timestamp="2026-02-16T01:14:15" file="api/tests/test_advisor_service_engine_rule_hits.py" line="259">
		<!--Test engine results from satellite-managed systems.-->
	</testcase>
	<testcase classname="api.tests.test_advisor_service_engine_rule_hits.AdvisorServiceEngineRuleHitsTestCase" name="test_similar_uploads" time="0.043" timestamp="2026-02-16T01:14:15" file="api/tests/test_advisor_service_engine_rule_hits.py" line="64">
		<!--Test that similar uploads update the same upload record.-->
	</testcase>
	<testcase classname="api.tests.test_advisor_service_engine_rule_hits.AdvisorServiceEngineRuleHitsTestCase" name="test_handle_engine_results_two_sources" time="0.045" timestamp="2026-02-16T01:14:15" file="api/tests/test_advisor_service_engine_rule_hits.py" line="232">
		<!--Test that uploads from different sources for the same system work correctly.-->
		<failure type="AssertionError" message="1 != 4"><![CDATA[Traceback (most recent call last):
  File "/home/pwayper/.local/share/virtualenvs/advisor-backend-A3tAKjzl/lib/python3.12/site-packages/responses/__init__.py", line 232, in wrapper
    return func(*args, **kwargs)
           ^^^^^^^^^^^^^^^^^^^^^
  File "/home/pwayper/Code/insights/advisor-backend/api/advisor/api/tests/test_advisor_service_engine_rule_hits.py", line 253, in test_handle_engine_results_two_sources
    self.assertEqual(client_upload.currentreport_set.count(), 4)
AssertionError: 1 != 4
]]></failure>
	</testcase>
</testsuite>
