<?xml version="1.0" encoding="UTF-8"?>
<testsuite name="api.tests.test_pathway_views.PathwayViewTestCase-20260216011819" tests="9" file="api/tests/test_pathway_views.py" time="3.098" timestamp="2026-02-16T01:18:47" failures="0" errors="0" skipped="0">
	<testcase classname="api.tests.test_pathway_views.PathwayViewTestCase" name="test_pathway_filters" time="1.700" timestamp="2026-02-16T01:18:45" file="api/tests/test_pathway_views.py" line="167"/>
	<testcase classname="api.tests.test_pathway_views.PathwayViewTestCase" name="test_pathway_list" time="0.162" timestamp="2026-02-16T01:18:45" file="api/tests/test_pathway_views.py" line="48"/>
	<testcase classname="api.tests.test_pathway_views.PathwayViewTestCase" name="test_pathway_report_filters" time="0.044" timestamp="2026-02-16T01:18:46" file="api/tests/test_pathway_views.py" line="650"/>
	<testcase classname="api.tests.test_pathway_views.PathwayViewTestCase" name="test_pathway_retrieve" time="0.179" timestamp="2026-02-16T01:18:46" file="api/tests/test_pathway_views.py" line="35"/>
	<testcase classname="api.tests.test_pathway_views.PathwayViewTestCase" name="test_pathway_rule_category" time="0.129" timestamp="2026-02-16T01:18:46" file="api/tests/test_pathway_views.py" line="556"/>
	<testcase classname="api.tests.test_pathway_views.PathwayViewTestCase" name="test_pathway_rule_systems" time="0.028" timestamp="2026-02-16T01:18:46" file="api/tests/test_pathway_views.py" line="606"/>
	<testcase classname="api.tests.test_pathway_views.PathwayViewTestCase" name="test_pathway_rules" time="0.083" timestamp="2026-02-16T01:18:46" file="api/tests/test_pathway_views.py" line="516"/>
	<testcase classname="api.tests.test_pathway_views.PathwayViewTestCase" name="test_pathway_sorting" time="0.540" timestamp="2026-02-16T01:18:46" file="api/tests/test_pathway_views.py" line="90"/>
	<testcase classname="api.tests.test_pathway_views.PathwayViewTestCase" name="test_pathway_systems" time="0.232" timestamp="2026-02-16T01:18:47" file="api/tests/test_pathway_views.py" line="467"/>
</testsuite>
