<?xml version="1.0" encoding="UTF-8"?>
<testsuite name="api.tests.test_advisor_service_webhooks.AdvisorServiceWebhooksTestCase-20260216004909" tests="2" file="api/tests/test_advisor_service_webhooks.py" time="0.032" timestamp="2026-02-16T00:49:09" failures="2" errors="0" skipped="0">
	<testcase classname="api.tests.test_advisor_service_webhooks.AdvisorServiceWebhooksTestCase" name="test_generate_webhook_msgs_new_report" time="0.014" timestamp="2026-02-16T00:49:09" file="api/tests/test_advisor_service_webhooks.py" line="51">
		<!--Test that webhook messages are correctly generated for new reports.-->
		<failure type="AssertionError" message="0 != 1"><![CDATA[Traceback (most recent call last):
  File "/home/pwayper/Code/insights/advisor-backend/api/advisor/api/tests/test_advisor_service_webhooks.py", line 80, in test_generate_webhook_msgs_new_report
    self.assertEqual(reports._producer.flush_calls, 1)
AssertionError: 0 != 1
]]></failure>
		<system-err><![CDATA[Error sending Remediations
Traceback (most recent call last):
  File "/home/pwayper/Code/insights/advisor-backend/api/advisor/reports.py", line 210, in trigger_report_hooks
    send_remediations_event(inventory_uuid, msg_value)
  File "/home/pwayper/Code/insights/advisor-backend/api/advisor/reports.py", line 80, in send_remediations_event
    _producer.produce(kafka_settings.REMEDIATIONS_HOOK_TOPIC, key=event_key, value=send_value,
TypeError: DummyProducer.produce() got an unexpected keyword argument 'key'
]]></system-err>
	</testcase>
	<testcase classname="api.tests.test_advisor_service_webhooks.AdvisorServiceWebhooksTestCase" name="test_generate_webhook_msgs_resolved_report" time="0.018" timestamp="2026-02-16T00:49:09" file="api/tests/test_advisor_service_webhooks.py" line="128">
		<!--Test that webhook messages are correctly generated for resolved reports.-->
		<failure type="AssertionError" message="0 != 1"><![CDATA[Traceback (most recent call last):
  File "/home/pwayper/Code/insights/advisor-backend/api/advisor/api/tests/test_advisor_service_webhooks.py", line 184, in test_generate_webhook_msgs_resolved_report
    self.assertEqual(reports._producer.poll_calls, 1)
AssertionError: 0 != 1
]]></failure>
	</testcase>
</testsuite>
