<?xml version="1.0" encoding="UTF-8"?>
<testsuite name="sat_compat.tests.test_reports_views.ReportsDupInsightsIDViewTestCase-20260216011819" tests="1" file="sat_compat/tests/test_reports_views.py" time="0.027" timestamp="2026-02-16T01:19:12" failures="0" errors="0" skipped="0">
	<testcase classname="sat_compat.tests.test_reports_views.ReportsDupInsightsIDViewTestCase" name="test_list_reports" time="0.027" timestamp="2026-02-16T01:19:12" file="sat_compat/tests/test_reports_views.py" line="150"/>
</testsuite>
