<?xml version="1.0" encoding="UTF-8"?>
<testsuite name="api.tests.test_weekly_report_subscription_views.WeeklyReportSubscriptionTestCase-20260216011819" tests="6" file="api/tests/test_weekly_report_subscription_views.py" time="0.110" timestamp="2026-02-16T01:19:09" failures="0" errors="0" skipped="0">
	<testcase classname="api.tests.test_weekly_report_subscription_views.WeeklyReportSubscriptionTestCase" name="test_create_list_remove_subscriptions" time="0.070" timestamp="2026-02-16T01:19:09" file="api/tests/test_weekly_report_subscription_views.py" line="72"/>
	<testcase classname="api.tests.test_weekly_report_subscription_views.WeeklyReportSubscriptionTestCase" name="test_middleware_failure_on_send_email" time="0.008" timestamp="2026-02-16T01:19:09" file="api/tests/test_weekly_report_subscription_views.py" line="195"/>
	<testcase classname="api.tests.test_weekly_report_subscription_views.WeeklyReportSubscriptionTestCase" name="test_missing_headers" time="0.004" timestamp="2026-02-16T01:19:09" file="api/tests/test_weekly_report_subscription_views.py" line="252"/>
	<testcase classname="api.tests.test_weekly_report_subscription_views.WeeklyReportSubscriptionTestCase" name="test_missing_post_request_parameter" time="0.005" timestamp="2026-02-16T01:19:09" file="api/tests/test_weekly_report_subscription_views.py" line="242"/>
	<testcase classname="api.tests.test_weekly_report_subscription_views.WeeklyReportSubscriptionTestCase" name="test_rbac_enabled_and_user_denied" time="0.007" timestamp="2026-02-16T01:19:09" file="api/tests/test_weekly_report_subscription_views.py" line="168"/>
	<testcase classname="api.tests.test_weekly_report_subscription_views.WeeklyReportSubscriptionTestCase" name="test_same_username_in_two_accounts" time="0.015" timestamp="2026-02-16T01:19:09" file="api/tests/test_weekly_report_subscription_views.py" line="210"/>
</testsuite>
