<?xml version="1.0" encoding="UTF-8"?>
<testsuite name="api.tests.test_import_content.ImportContentRuleRenamingTestCase-20260216011819" tests="2" file="api/tests/test_import_content.py" time="0.395" timestamp="2026-02-16T01:18:35" failures="0" errors="0" skipped="0">
	<testcase classname="api.tests.test_import_content.ImportContentRuleRenamingTestCase" name="test_fixture_matches_test_data" time="0.009" timestamp="2026-02-16T01:18:35" file="api/tests/test_import_content.py" line="1449"/>
	<testcase classname="api.tests.test_import_content.ImportContentRuleRenamingTestCase" name="test_rule_renaming" time="0.386" timestamp="2026-02-16T01:18:35" file="api/tests/test_import_content.py" line="1478"/>
</testsuite>
