<?xml version="1.0" encoding="UTF-8"?>
<testsuite name="tasks.tests.test_job_views.JobViewTestCase-20260216011819" tests="7" file="tasks/tests/test_job_views.py" time="0.069" timestamp="2026-02-16T01:19:20" failures="0" errors="0" skipped="0">
	<testcase classname="tasks.tests.test_job_views.JobViewTestCase" name="test_job_detail" time="0.008" timestamp="2026-02-16T01:19:20" file="tasks/tests/test_job_views.py" line="124"/>
	<testcase classname="tasks.tests.test_job_views.JobViewTestCase" name="test_job_detail_check_rhc_client_id" time="0.011" timestamp="2026-02-16T01:19:20" file="tasks/tests/test_job_views.py" line="145"/>
	<testcase classname="tasks.tests.test_job_views.JobViewTestCase" name="test_job_list" time="0.012" timestamp="2026-02-16T01:19:20" file="tasks/tests/test_job_views.py" line="59"/>
	<testcase classname="tasks.tests.test_job_views.JobViewTestCase" name="test_job_list_bad_param" time="0.003" timestamp="2026-02-16T01:19:20" file="tasks/tests/test_job_views.py" line="111"/>
	<testcase classname="tasks.tests.test_job_views.JobViewTestCase" name="test_job_live_stdout" time="0.015" timestamp="2026-02-16T01:19:20" file="tasks/tests/test_job_views.py" line="214"/>
	<testcase classname="tasks.tests.test_job_views.JobViewTestCase" name="test_job_log" time="0.009" timestamp="2026-02-16T01:19:20" file="tasks/tests/test_job_views.py" line="164"/>
	<testcase classname="tasks.tests.test_job_views.JobViewTestCase" name="test_job_stdout" time="0.011" timestamp="2026-02-16T01:19:20" file="tasks/tests/test_job_views.py" line="187"/>
</testsuite>
