<?xml version="1.0" encoding="UTF-8"?>
<testsuite name="api.tests.test_rule_views.RuleTestCase-20260213061019" tests="58" file="api/tests/test_rule_views.py" time="4.849" timestamp="2026-02-13T06:10:54" failures="0" errors="0" skipped="0">
	<testcase classname="api.tests.test_rule_views.RuleTestCase" name="test_no_systems_detail_for_acked_rules" time="0.085" timestamp="2026-02-13T06:10:50" file="advisor/api/tests/test_rule_views.py" line="1417"/>
	<testcase classname="api.tests.test_rule_views.RuleTestCase" name="test_no_systems_detail_for_hostacked_rules" time="0.062" timestamp="2026-02-13T06:10:50" file="advisor/api/tests/test_rule_views.py" line="1440"/>
	<testcase classname="api.tests.test_rule_views.RuleTestCase" name="test_rule_add_del_many_host_acks" time="0.274" timestamp="2026-02-13T06:10:50" file="advisor/api/tests/test_rule_views.py" line="1572"/>
	<testcase classname="api.tests.test_rule_views.RuleTestCase" name="test_rule_component_pathway_counts" time="0.045" timestamp="2026-02-13T06:10:50" file="advisor/api/tests/test_rule_views.py" line="1780"/>
	<testcase classname="api.tests.test_rule_views.RuleTestCase" name="test_rule_detail" time="0.030" timestamp="2026-02-13T06:10:50" file="advisor/api/tests/test_rule_views.py" line="1016"/>
	<testcase classname="api.tests.test_rule_views.RuleTestCase" name="test_rule_detail_acked" time="0.027" timestamp="2026-02-13T06:10:50" file="advisor/api/tests/test_rule_views.py" line="1078"/>
	<testcase classname="api.tests.test_rule_views.RuleTestCase" name="test_rule_list" time="0.035" timestamp="2026-02-13T06:10:50" file="advisor/api/tests/test_rule_views.py" line="121"/>
	<testcase classname="api.tests.test_rule_views.RuleTestCase" name="test_rule_list_filter_category" time="0.029" timestamp="2026-02-13T06:10:50" file="advisor/api/tests/test_rule_views.py" line="212"/>
	<testcase classname="api.tests.test_rule_views.RuleTestCase" name="test_rule_list_filter_has_no_matching_tags" time="0.014" timestamp="2026-02-13T06:10:50" file="advisor/api/tests/test_rule_views.py" line="409"/>
	<testcase classname="api.tests.test_rule_views.RuleTestCase" name="test_rule_list_filter_has_no_playbook" time="0.036" timestamp="2026-02-13T06:10:50" file="advisor/api/tests/test_rule_views.py" line="508"/>
	<testcase classname="api.tests.test_rule_views.RuleTestCase" name="test_rule_list_filter_has_playbook" time="0.030" timestamp="2026-02-13T06:10:50" file="advisor/api/tests/test_rule_views.py" line="487"/>
	<testcase classname="api.tests.test_rule_views.RuleTestCase" name="test_rule_list_filter_has_tag" time="0.041" timestamp="2026-02-13T06:10:50" file="advisor/api/tests/test_rule_views.py" line="363"/>
	<testcase classname="api.tests.test_rule_views.RuleTestCase" name="test_rule_list_filter_has_union_of_tags" time="0.040" timestamp="2026-02-13T06:10:50" file="advisor/api/tests/test_rule_views.py" line="386"/>
	<testcase classname="api.tests.test_rule_views.RuleTestCase" name="test_rule_list_filter_impact" time="0.035" timestamp="2026-02-13T06:10:50" file="advisor/api/tests/test_rule_views.py" line="571"/>
	<testcase classname="api.tests.test_rule_views.RuleTestCase" name="test_rule_list_filter_impact_highest" time="0.028" timestamp="2026-02-13T06:10:50" file="advisor/api/tests/test_rule_views.py" line="592"/>
	<testcase classname="api.tests.test_rule_views.RuleTestCase" name="test_rule_list_filter_impact_invalid" time="0.011" timestamp="2026-02-13T06:10:50" file="advisor/api/tests/test_rule_views.py" line="613"/>
	<testcase classname="api.tests.test_rule_views.RuleTestCase" name="test_rule_list_filter_impact_no_rules" time="0.014" timestamp="2026-02-13T06:10:50" file="advisor/api/tests/test_rule_views.py" line="624"/>
	<testcase classname="api.tests.test_rule_views.RuleTestCase" name="test_rule_list_filter_impacting" time="0.069" timestamp="2026-02-13T06:10:50" file="advisor/api/tests/test_rule_views.py" line="704"/>
	<testcase classname="api.tests.test_rule_views.RuleTestCase" name="test_rule_list_filter_incident" time="0.034" timestamp="2026-02-13T06:10:50" file="advisor/api/tests/test_rule_views.py" line="418"/>
	<testcase classname="api.tests.test_rule_views.RuleTestCase" name="test_rule_list_filter_incident_and_tag" time="0.040" timestamp="2026-02-13T06:10:50" file="advisor/api/tests/test_rule_views.py" line="463"/>
	<testcase classname="api.tests.test_rule_views.RuleTestCase" name="test_rule_list_filter_invalid_category" time="0.011" timestamp="2026-02-13T06:10:50" file="advisor/api/tests/test_rule_views.py" line="267"/>
	<testcase classname="api.tests.test_rule_views.RuleTestCase" name="test_rule_list_filter_likelihood" time="0.035" timestamp="2026-02-13T06:10:50" file="advisor/api/tests/test_rule_views.py" line="529"/>
	<testcase classname="api.tests.test_rule_views.RuleTestCase" name="test_rule_list_filter_multiple_categories" time="0.033" timestamp="2026-02-13T06:10:51" file="advisor/api/tests/test_rule_views.py" line="234"/>
	<testcase classname="api.tests.test_rule_views.RuleTestCase" name="test_rule_list_filter_multiple_likelihoods" time="0.037" timestamp="2026-02-13T06:10:51" file="advisor/api/tests/test_rule_views.py" line="550"/>
	<testcase classname="api.tests.test_rule_views.RuleTestCase" name="test_rule_list_filter_multiple_res_risks" time="0.042" timestamp="2026-02-13T06:10:51" file="advisor/api/tests/test_rule_views.py" line="299"/>
	<testcase classname="api.tests.test_rule_views.RuleTestCase" name="test_rule_list_filter_multiple_total_risks" time="0.038" timestamp="2026-02-13T06:10:51" file="advisor/api/tests/test_rule_views.py" line="859"/>
	<testcase classname="api.tests.test_rule_views.RuleTestCase" name="test_rule_list_filter_no_incident" time="0.045" timestamp="2026-02-13T06:10:51" file="advisor/api/tests/test_rule_views.py" line="440"/>
	<testcase classname="api.tests.test_rule_views.RuleTestCase" name="test_rule_list_filter_nonexistent_category" time="0.003" timestamp="2026-02-13T06:10:51" file="advisor/api/tests/test_rule_views.py" line="256"/>
	<testcase classname="api.tests.test_rule_views.RuleTestCase" name="test_rule_list_filter_reboot_required" time="0.063" timestamp="2026-02-13T06:10:51" file="advisor/api/tests/test_rule_views.py" line="632"/>
	<testcase classname="api.tests.test_rule_views.RuleTestCase" name="test_rule_list_filter_reports_shown" time="0.062" timestamp="2026-02-13T06:10:51" file="advisor/api/tests/test_rule_views.py" line="668"/>
	<testcase classname="api.tests.test_rule_views.RuleTestCase" name="test_rule_list_filter_res_risk" time="0.037" timestamp="2026-02-13T06:10:51" file="advisor/api/tests/test_rule_views.py" line="277"/>
	<testcase classname="api.tests.test_rule_views.RuleTestCase" name="test_rule_list_filter_res_risk_and_category" time="0.032" timestamp="2026-02-13T06:10:51" file="advisor/api/tests/test_rule_views.py" line="341"/>
	<testcase classname="api.tests.test_rule_views.RuleTestCase" name="test_rule_list_filter_res_risk_invalid_risk" time="0.011" timestamp="2026-02-13T06:10:51" file="advisor/api/tests/test_rule_views.py" line="322"/>
	<testcase classname="api.tests.test_rule_views.RuleTestCase" name="test_rule_list_filter_res_risk_no_rules" time="0.015" timestamp="2026-02-13T06:10:51" file="advisor/api/tests/test_rule_views.py" line="333"/>
	<testcase classname="api.tests.test_rule_views.RuleTestCase" name="test_rule_list_filter_system_profile" time="0.075" timestamp="2026-02-13T06:10:51" file="advisor/api/tests/test_rule_views.py" line="882"/>
	<testcase classname="api.tests.test_rule_views.RuleTestCase" name="test_rule_list_filter_text" time="0.145" timestamp="2026-02-13T06:10:51" file="advisor/api/tests/test_rule_views.py" line="742"/>
	<testcase classname="api.tests.test_rule_views.RuleTestCase" name="test_rule_list_filter_topic" time="0.044" timestamp="2026-02-13T06:10:51" file="advisor/api/tests/test_rule_views.py" line="808"/>
	<testcase classname="api.tests.test_rule_views.RuleTestCase" name="test_rule_list_filter_topic_not_found" time="0.014" timestamp="2026-02-13T06:10:51" file="advisor/api/tests/test_rule_views.py" line="828"/>
	<testcase classname="api.tests.test_rule_views.RuleTestCase" name="test_rule_list_filter_total_risk" time="0.030" timestamp="2026-02-13T06:10:51" file="advisor/api/tests/test_rule_views.py" line="836"/>
	<testcase classname="api.tests.test_rule_views.RuleTestCase" name="test_rule_list_multi_sort_correct_ordering" time="0.038" timestamp="2026-02-13T06:10:51" file="advisor/api/tests/test_rule_views.py" line="959"/>
	<testcase classname="api.tests.test_rule_views.RuleTestCase" name="test_rule_list_offset_limit_links" time="0.033" timestamp="2026-02-13T06:10:51" file="advisor/api/tests/test_rule_views.py" line="194"/>
	<testcase classname="api.tests.test_rule_views.RuleTestCase" name="test_rule_list_other_account" time="0.039" timestamp="2026-02-13T06:10:51" file="advisor/api/tests/test_rule_views.py" line="154"/>
	<testcase classname="api.tests.test_rule_views.RuleTestCase" name="test_rule_list_page_size" time="0.039" timestamp="2026-02-13T06:10:51" file="advisor/api/tests/test_rule_views.py" line="189"/>
	<testcase classname="api.tests.test_rule_views.RuleTestCase" name="test_rule_list_sort_bad_ordering" time="0.012" timestamp="2026-02-13T06:10:51" file="advisor/api/tests/test_rule_views.py" line="1009"/>
	<testcase classname="api.tests.test_rule_views.RuleTestCase" name="test_rule_list_sort_correct_ordering" time="0.071" timestamp="2026-02-13T06:10:51" file="advisor/api/tests/test_rule_views.py" line="929"/>
	<testcase classname="api.tests.test_rule_views.RuleTestCase" name="test_rule_list_sort_impacted_systems_count_unaffected" time="0.752" timestamp="2026-02-13T06:10:52" file="advisor/api/tests/test_rule_views.py" line="988"/>
	<testcase classname="api.tests.test_rule_views.RuleTestCase" name="test_rule_list_sort_impacted_systems_ordering" time="0.034" timestamp="2026-02-13T06:10:52" file="advisor/api/tests/test_rule_views.py" line="973"/>
	<testcase classname="api.tests.test_rule_views.RuleTestCase" name="test_rule_pathway_serializer" time="0.052" timestamp="2026-02-13T06:10:52" file="advisor/api/tests/test_rule_views.py" line="1788"/>
	<testcase classname="api.tests.test_rule_views.RuleTestCase" name="test_rule_usage_justifications" time="0.015" timestamp="2026-02-13T06:10:52" file="advisor/api/tests/test_rule_views.py" line="1125"/>
	<testcase classname="api.tests.test_rule_views.RuleTestCase" name="test_rule_usage_stats" time="0.008" timestamp="2026-02-13T06:10:52" file="advisor/api/tests/test_rule_views.py" line="1099"/>
	<testcase classname="api.tests.test_rule_views.RuleTestCase" name="test_systems_detail_for_a_rule" time="1.437" timestamp="2026-02-13T06:10:54" file="advisor/api/tests/test_rule_views.py" line="1340"/>
	<testcase classname="api.tests.test_rule_views.RuleTestCase" name="test_systems_detail_for_a_rule_name_filtering" time="0.099" timestamp="2026-02-13T06:10:54" file="advisor/api/tests/test_rule_views.py" line="1455"/>
	<testcase classname="api.tests.test_rule_views.RuleTestCase" name="test_systems_detail_for_a_rule_rhel_version_filtering" time="0.183" timestamp="2026-02-13T06:10:54" file="advisor/api/tests/test_rule_views.py" line="1484"/>
	<testcase classname="api.tests.test_rule_views.RuleTestCase" name="test_systems_detail_for_a_rule_system_type_filter" time="0.065" timestamp="2026-02-13T06:10:54" file="advisor/api/tests/test_rule_views.py" line="1542"/>
	<testcase classname="api.tests.test_rule_views.RuleTestCase" name="test_systems_for_a_rule" time="0.131" timestamp="2026-02-13T06:10:54" file="advisor/api/tests/test_rule_views.py" line="1156"/>
	<testcase classname="api.tests.test_rule_views.RuleTestCase" name="test_systems_for_a_rule_acked" time="0.010" timestamp="2026-02-13T06:10:54" file="advisor/api/tests/test_rule_views.py" line="1560"/>
	<testcase classname="api.tests.test_rule_views.RuleTestCase" name="test_systems_for_a_rule_csv" time="0.026" timestamp="2026-02-13T06:10:54" file="advisor/api/tests/test_rule_views.py" line="1299"/>
	<testcase classname="api.tests.test_rule_views.RuleTestCase" name="test_systems_for_a_rule_filtering" time="0.051" timestamp="2026-02-13T06:10:54" file="advisor/api/tests/test_rule_views.py" line="1230"/>
</testsuite>
