<?xml version="1.0" encoding="UTF-8"?>
<testsuite name="sat_compat.tests.test_export_views.SatExportViewTestCase-20260317043948" tests="4" file="sat_compat/tests/test_export_views.py" time="0.050" timestamp="2026-03-17T04:40:37" failures="0" errors="0" skipped="0">
	<testcase classname="sat_compat.tests.test_export_views.SatExportViewTestCase" name="test_reports_export" time="0.015" timestamp="2026-03-17T04:40:37" file="advisor/sat_compat/tests/test_export_views.py" line="80">
		<!--
        Tests of reports export.
        -->
	</testcase>
	<testcase classname="sat_compat.tests.test_export_views.SatExportViewTestCase" name="test_reports_export_cert_auth" time="0.013" timestamp="2026-03-17T04:40:37" file="advisor/sat_compat/tests/test_export_views.py" line="125">
		<!--
        Tests of reports export with Satellite certificate authentication.
        -->
	</testcase>
	<testcase classname="sat_compat.tests.test_export_views.SatExportViewTestCase" name="test_systems_export" time="0.013" timestamp="2026-03-17T04:40:37" file="advisor/sat_compat/tests/test_export_views.py" line="165">
		<!--
        Tests of systems export.
        -->
	</testcase>
	<testcase classname="sat_compat.tests.test_export_views.SatExportViewTestCase" name="test_systems_export_cert_auth" time="0.010" timestamp="2026-03-17T04:40:37" file="advisor/sat_compat/tests/test_export_views.py" line="213">
		<!--
        Tests of systems export with Satellite certificate authentication.
        -->
	</testcase>
</testsuite>
