<?xml version="1.0" encoding="UTF-8"?>
<testsuite name="api.tests.test_rule_views.InternalRuleTestCase-20260317043948" tests="2" file="api/tests/test_rule_views.py" time="0.084" timestamp="2026-03-17T04:40:19" failures="0" errors="0" skipped="0">
	<testcase classname="api.tests.test_rule_views.InternalRuleTestCase" name="test_rule_list_detail" time="0.070" timestamp="2026-03-17T04:40:19" file="advisor/api/tests/test_rule_views.py" line="1840"/>
	<testcase classname="api.tests.test_rule_views.InternalRuleTestCase" name="test_rule_reports_content_preview" time="0.015" timestamp="2026-03-17T04:40:19" file="advisor/api/tests/test_rule_views.py" line="1899"/>
</testsuite>
