<?xml version="1.0" encoding="UTF-8"?>
<testsuite name="unittest.loader._FailedTest-20260212053823" tests="1" file="unittest/loader.py" time="0.001" timestamp="2026-02-12T05:38:23" failures="0" errors="1" skipped="0">
	<testcase classname="unittest.loader._FailedTest" name="test_inventory_service" time="0.001" timestamp="2026-02-12T05:38:23" file="/usr/lib64/python3.12/unittest/loader.py" line="32">
		<error type="ImportError" message="Failed to import test module: test_inventory_service
Traceback (most recent call last):
  File &quot;/usr/lib64/python3.12/unittest/loader.py&quot;, line 137, in loadTestsFromName
    module = __import__(module_name)
             ^^^^^^^^^^^^^^^^^^^^^^^
ModuleNotFoundError: No module named 'api.tests.test_inventory_service'
"><![CDATA[ImportError: Failed to import test module: test_inventory_service
Traceback (most recent call last):
  File "/usr/lib64/python3.12/unittest/loader.py", line 137, in loadTestsFromName
    module = __import__(module_name)
             ^^^^^^^^^^^^^^^^^^^^^^^
ModuleNotFoundError: No module named 'api.tests.test_inventory_service'

]]></error>
	</testcase>
</testsuite>
