<?xml version="1.0" encoding="UTF-8"?>
<testsuite name="api.tests.test_disabled_rules_views.DisabledRulesViewTestCase-20260318052514" tests="2" file="api/tests/test_disabled_rules_views.py" time="0.017" timestamp="2026-03-18T05:25:19" failures="0" errors="0" skipped="0">
	<testcase classname="api.tests.test_disabled_rules_views.DisabledRulesViewTestCase" name="test_disabled_rules_detail" time="0.010" timestamp="2026-03-18T05:25:19" file="advisor/api/tests/test_disabled_rules_views.py" line="56"/>
	<testcase classname="api.tests.test_disabled_rules_views.DisabledRulesViewTestCase" name="test_disabled_rules_list" time="0.007" timestamp="2026-03-18T05:25:19" file="advisor/api/tests/test_disabled_rules_views.py" line="37"/>
</testsuite>
