<?xml version="1.0" encoding="UTF-8"?>
<testsuite name="tasks.tests.test_system_views.SystemViewTestCase-20260213061019" tests="10" file="tasks/tests/test_system_views.py" time="0.267" timestamp="2026-02-13T06:11:12" failures="0" errors="0" skipped="0">
	<testcase classname="tasks.tests.test_system_views.SystemViewTestCase" name="test_all_systems_param" time="0.033" timestamp="2026-02-13T06:11:12" file="advisor/tasks/tests/test_system_views.py" line="542"/>
	<testcase classname="tasks.tests.test_system_views.SystemViewTestCase" name="test_bad_os_filter" time="0.004" timestamp="2026-02-13T06:11:12" file="advisor/tasks/tests/test_system_views.py" line="386"/>
	<testcase classname="tasks.tests.test_system_views.SystemViewTestCase" name="test_system_detail" time="0.009" timestamp="2026-02-13T06:11:12" file="advisor/tasks/tests/test_system_views.py" line="480"/>
	<testcase classname="tasks.tests.test_system_views.SystemViewTestCase" name="test_system_detail_connection_status_pd_available" time="0.017" timestamp="2026-02-13T06:11:12" file="advisor/tasks/tests/test_system_views.py" line="514"/>
	<testcase classname="tasks.tests.test_system_views.SystemViewTestCase" name="test_system_list" time="0.014" timestamp="2026-02-13T06:11:12" file="advisor/tasks/tests/test_system_views.py" line="88"/>
	<testcase classname="tasks.tests.test_system_views.SystemViewTestCase" name="test_system_list_connection_status_pd_available" time="0.015" timestamp="2026-02-13T06:11:12" file="advisor/tasks/tests/test_system_views.py" line="399"/>
	<testcase classname="tasks.tests.test_system_views.SystemViewTestCase" name="test_system_list_connection_status_pd_available_multiple_parts" time="0.014" timestamp="2026-02-13T06:11:12" file="advisor/tasks/tests/test_system_views.py" line="428"/>
	<testcase classname="tasks.tests.test_system_views.SystemViewTestCase" name="test_system_list_filtering" time="0.107" timestamp="2026-02-13T06:11:12" file="advisor/tasks/tests/test_system_views.py" line="234"/>
	<testcase classname="tasks.tests.test_system_views.SystemViewTestCase" name="test_system_list_filtering_new_rhc_connection" time="0.018" timestamp="2026-02-13T06:11:12" file="advisor/tasks/tests/test_system_views.py" line="366"/>
	<testcase classname="tasks.tests.test_system_views.SystemViewTestCase" name="test_system_list_sort" time="0.036" timestamp="2026-02-13T06:11:12" file="advisor/tasks/tests/test_system_views.py" line="160"/>
</testsuite>
