<?xml version="1.0" encoding="UTF-8"?>
<testsuite name="api.tests.test_report_model.ReportTestCase-20260213061019" tests="6" file="api/tests/test_report_model.py" time="0.071" timestamp="2026-02-13T06:10:46" failures="0" errors="0" skipped="0">
	<testcase classname="api.tests.test_report_model.ReportTestCase" name="test_current_reports_in_current_uploads" time="0.018" timestamp="2026-02-13T06:10:46" file="advisor/api/tests/test_report_model.py" line="135"/>
	<testcase classname="api.tests.test_report_model.ReportTestCase" name="test_current_reports_match_upload_data" time="0.020" timestamp="2026-02-13T06:10:46" file="advisor/api/tests/test_report_model.py" line="145"/>
	<testcase classname="api.tests.test_report_model.ReportTestCase" name="test_currentreport_properties" time="0.005" timestamp="2026-02-13T06:10:46" file="advisor/api/tests/test_report_model.py" line="37"/>
	<testcase classname="api.tests.test_report_model.ReportTestCase" name="test_no_duplicate_reports" time="0.005" timestamp="2026-02-13T06:10:46" file="advisor/api/tests/test_report_model.py" line="113"/>
	<testcase classname="api.tests.test_report_model.ReportTestCase" name="test_report_deletion" time="0.009" timestamp="2026-02-13T06:10:46" file="advisor/api/tests/test_report_model.py" line="79"/>
	<testcase classname="api.tests.test_report_model.ReportTestCase" name="test_report_methods" time="0.015" timestamp="2026-02-13T06:10:46" file="advisor/api/tests/test_report_model.py" line="58"/>
</testsuite>
