<?xml version="1.0" encoding="UTF-8"?>
<testsuite name="api.tests.test_import_content.ImportContentTestCase-20260211234528" tests="13" file="api/tests/test_import_content.py" time="13.813" timestamp="2026-02-11T23:47:27" failures="0" errors="0" skipped="0">
	<testcase classname="api.tests.test_import_content.ImportContentTestCase" name="test_cve_rule_import" time="1.936" timestamp="2026-02-11T23:47:15" file="advisor/api/tests/test_import_content.py" line="1061"/>
	<testcase classname="api.tests.test_import_content.ImportContentTestCase" name="test_import_config_blank" time="0.002" timestamp="2026-02-11T23:47:15" file="advisor/api/tests/test_import_content.py" line="598">
		<!--
        If there's no 'resolution risk' config, nothing happens and no stats
        are returned.
        -->
	</testcase>
	<testcase classname="api.tests.test_import_content.ImportContentTestCase" name="test_import_config_from_string_updates" time="0.350" timestamp="2026-02-11T23:47:16" file="advisor/api/tests/test_import_content.py" line="617"/>
	<testcase classname="api.tests.test_import_content.ImportContentTestCase" name="test_import_config_with_data" time="0.233" timestamp="2026-02-11T23:47:16" file="advisor/api/tests/test_import_content.py" line="606"/>
	<testcase classname="api.tests.test_import_content.ImportContentTestCase" name="test_import_new_content_bad_entries" time="0.246" timestamp="2026-02-11T23:47:16" file="advisor/api/tests/test_import_content.py" line="676"/>
	<testcase classname="api.tests.test_import_content.ImportContentTestCase" name="test_import_new_content_from_string" time="1.654" timestamp="2026-02-11T23:47:18" file="advisor/api/tests/test_import_content.py" line="697"/>
	<testcase classname="api.tests.test_import_content.ImportContentTestCase" name="test_import_new_playbook_content" time="2.142" timestamp="2026-02-11T23:47:20" file="advisor/api/tests/test_import_content.py" line="826"/>
	<testcase classname="api.tests.test_import_content.ImportContentTestCase" name="test_import_playbook_missing_keys" time="1.165" timestamp="2026-02-11T23:47:21" file="advisor/api/tests/test_import_content.py" line="811"/>
	<testcase classname="api.tests.test_import_content.ImportContentTestCase" name="test_import_publish_date_issues" time="1.417" timestamp="2026-02-11T23:47:22" file="advisor/api/tests/test_import_content.py" line="876"/>
	<testcase classname="api.tests.test_import_content.ImportContentTestCase" name="test_nodeid_issues" time="1.180" timestamp="2026-02-11T23:47:24" file="advisor/api/tests/test_import_content.py" line="907"/>
	<testcase classname="api.tests.test_import_content.ImportContentTestCase" name="test_null_impact_issues" time="0.911" timestamp="2026-02-11T23:47:25" file="advisor/api/tests/test_import_content.py" line="1043"/>
	<testcase classname="api.tests.test_import_content.ImportContentTestCase" name="test_resolution_issues" time="1.095" timestamp="2026-02-11T23:47:26" file="advisor/api/tests/test_import_content.py" line="951"/>
	<testcase classname="api.tests.test_import_content.ImportContentTestCase" name="test_resolution_risk_issues" time="1.482" timestamp="2026-02-11T23:47:27" file="advisor/api/tests/test_import_content.py" line="991"/>
</testsuite>
