<?xml version="1.0" encoding="UTF-8"?>
<testsuite name="api.tests.test_rule_topic_views.RuleTopicHostTagsViewsTestCase-20260318052514" tests="2" file="api/tests/test_rule_topic_views.py" time="0.053" timestamp="2026-03-18T05:25:41" failures="0" errors="0" skipped="0">
	<testcase classname="api.tests.test_rule_topic_views.RuleTopicHostTagsViewsTestCase" name="test_topic_list" time="0.027" timestamp="2026-03-18T05:25:41" file="advisor/api/tests/test_rule_topic_views.py" line="392"/>
	<testcase classname="api.tests.test_rule_topic_views.RuleTopicHostTagsViewsTestCase" name="test_topic_systems" time="0.026" timestamp="2026-03-18T05:25:41" file="advisor/api/tests/test_rule_topic_views.py" line="424"/>
</testsuite>
