<?xml version="1.0" encoding="UTF-8"?>
<testsuite name="api.tests.test_playbook_views.PlaybookViewTestCase-20260318052514" tests="2" file="api/tests/test_playbook_views.py" time="0.013" timestamp="2026-03-18T05:25:37" failures="0" errors="0" skipped="0">
	<testcase classname="api.tests.test_playbook_views.PlaybookViewTestCase" name="test_playbook_detail" time="0.007" timestamp="2026-03-18T05:25:37" file="advisor/api/tests/test_playbook_views.py" line="48"/>
	<testcase classname="api.tests.test_playbook_views.PlaybookViewTestCase" name="test_playbook_list" time="0.006" timestamp="2026-03-18T05:25:37" file="advisor/api/tests/test_playbook_views.py" line="29"/>
</testsuite>
