<?xml version="1.0" encoding="UTF-8"?>
<testsuite name="tasks.tests.test_rbac.KesselTestCase-20260212002758" tests="2" file="tasks/tests/test_rbac.py" time="0.084" timestamp="2026-02-12T00:30:13" failures="0" errors="0" skipped="0">
	<testcase classname="tasks.tests.test_rbac.KesselTestCase" name="test_rbac_basic_allowed_full" time="0.044" timestamp="2026-02-12T00:30:13" file="advisor/tasks/tests/test_rbac.py" line="226"/>
	<testcase classname="tasks.tests.test_rbac.KesselTestCase" name="test_rbac_basic_allowed_read_only" time="0.040" timestamp="2026-02-12T00:30:13" file="advisor/tasks/tests/test_rbac.py" line="226"/>
</testsuite>
