<?xml version="1.0" encoding="UTF-8"?>
<testsuite name="api.tests.test_import_content_command.ImportContentTestCase-20260318052514" tests="9" file="api/tests/test_import_content_command.py" time="1.417" timestamp="2026-03-18T05:25:31" failures="0" errors="0" skipped="0">
	<testcase classname="api.tests.test_import_content_command.ImportContentTestCase" name="test_autoack_import" time="0.358" timestamp="2026-03-18T05:25:30" file="advisor/api/tests/test_import_content_command.py" line="330"/>
	<testcase classname="api.tests.test_import_content_command.ImportContentTestCase" name="test_basic_import_rule_config" time="0.091" timestamp="2026-03-18T05:25:30" file="advisor/api/tests/test_import_content_command.py" line="260"/>
	<testcase classname="api.tests.test_import_content_command.ImportContentTestCase" name="test_basic_import_rule_content" time="0.096" timestamp="2026-03-18T05:25:30" file="advisor/api/tests/test_import_content_command.py" line="275"/>
	<testcase classname="api.tests.test_import_content_command.ImportContentTestCase" name="test_content_dump_load" time="0.121" timestamp="2026-03-18T05:25:30" file="advisor/api/tests/test_import_content_command.py" line="511"/>
	<testcase classname="api.tests.test_import_content_command.ImportContentTestCase" name="test_content_dump_load_compressed" time="0.124" timestamp="2026-03-18T05:25:30" file="advisor/api/tests/test_import_content_command.py" line="560"/>
	<testcase classname="api.tests.test_import_content_command.ImportContentTestCase" name="test_content_dump_load_compressed_from_url" time="0.221" timestamp="2026-03-18T05:25:31" file="advisor/api/tests/test_import_content_command.py" line="677"/>
	<testcase classname="api.tests.test_import_content_command.ImportContentTestCase" name="test_content_dump_load_from_url" time="0.133" timestamp="2026-03-18T05:25:31" file="advisor/api/tests/test_import_content_command.py" line="609"/>
	<testcase classname="api.tests.test_import_content_command.ImportContentTestCase" name="test_content_load_from_url_failures" time="0.033" timestamp="2026-03-18T05:25:31" file="advisor/api/tests/test_import_content_command.py" line="782"/>
	<testcase classname="api.tests.test_import_content_command.ImportContentTestCase" name="test_content_update" time="0.241" timestamp="2026-03-18T05:25:31" file="advisor/api/tests/test_import_content_command.py" line="426">
		<!--
        Test updates to content.
        -->
	</testcase>
</testsuite>
