<?xml version="1.0" encoding="UTF-8"?>
<testsuite name="api.tests.test_ack_views.AckCountViewTestCase-20260212002758" tests="5" file="api/tests/test_ack_views.py" time="0.870" timestamp="2026-02-12T00:28:00" failures="0" errors="0" skipped="0">
	<testcase classname="api.tests.test_ack_views.AckCountViewTestCase" name="test_ackcount_detail" time="0.774" timestamp="2026-02-12T00:28:00" file="advisor/api/tests/test_ack_views.py" line="429"/>
	<testcase classname="api.tests.test_ack_views.AckCountViewTestCase" name="test_ackcount_detail_invalid_rule_id" time="0.015" timestamp="2026-02-12T00:28:00" file="advisor/api/tests/test_ack_views.py" line="466"/>
	<testcase classname="api.tests.test_ack_views.AckCountViewTestCase" name="test_ackcount_endpoint_access_fails_for_non_internal_user" time="0.013" timestamp="2026-02-12T00:28:00" file="advisor/api/tests/test_ack_views.py" line="483"/>
	<testcase classname="api.tests.test_ack_views.AckCountViewTestCase" name="test_ackcount_list" time="0.010" timestamp="2026-02-12T00:28:00" file="advisor/api/tests/test_ack_views.py" line="414"/>
	<testcase classname="api.tests.test_ack_views.AckCountViewTestCase" name="test_add_deleting_acks_to_modify_ack_counts" time="0.058" timestamp="2026-02-12T00:28:00" file="advisor/api/tests/test_ack_views.py" line="440">
		<system-err><![CDATA[Returning default value for feature: advisor.kessel_enabled
Error checking feature flag: 'advisor.kessel_enabled'
]]></system-err>
	</testcase>
</testsuite>
