<?xml version="1.0" encoding="UTF-8"?>
<testsuite name="tasks.tests.test_rbac.KesselTestCase-20260317043948" tests="2" file="tasks/tests/test_rbac.py" time="0.038" timestamp="2026-03-17T04:40:47" failures="0" errors="0" skipped="0">
	<testcase classname="tasks.tests.test_rbac.KesselTestCase" name="test_rbac_basic_allowed_full" time="0.021" timestamp="2026-03-17T04:40:47" file="advisor/tasks/tests/test_rbac.py" line="226"/>
	<testcase classname="tasks.tests.test_rbac.KesselTestCase" name="test_rbac_basic_allowed_read_only" time="0.017" timestamp="2026-03-17T04:40:47" file="advisor/tasks/tests/test_rbac.py" line="226"/>
</testsuite>
