<?xml version="1.0" encoding="UTF-8"?>
<testsuite name="api.tests.test_system_views.SystemViewTestCase-20260211232519" tests="1" file="api/tests/test_system_views.py" time="0.013" timestamp="2026-02-11T23:25:20" failures="0" errors="1" skipped="0">
	<testcase classname="api.tests.test_system_views.SystemViewTestCase" name="test_get_system_different_os_names_and_versions" time="0.013" timestamp="2026-02-11T23:25:20" file="advisor/api/tests/test_system_views.py" line="155">
		<!--
        Test different failure modes in retrieving the os_name and version.
        -->
		<error type="TypeError" message="InventoryHost.get_os_name() missing 1 required positional argument: 'profile'"><![CDATA[Traceback (most recent call last):
  File "/home/pwayper/Code/insights/advisor-backend/api/advisor/api/tests/test_system_views.py", line 164, in test_get_system_different_os_names_and_versions
    self.assertEqual(host_01.get_os_name(), 'Unknown operating system')
                     ^^^^^^^^^^^^^^^^^^^^^
TypeError: InventoryHost.get_os_name() missing 1 required positional argument: 'profile'
]]></error>
	</testcase>
</testsuite>
