<?xml version="1.0" encoding="UTF-8"?>
<testsuite name="api.tests.test_import_content_command.NoDataImportContentTestCase-20260212002758" tests="9" file="api/tests/test_import_content_command.py" time="3.046" timestamp="2026-02-12T00:28:45" failures="0" errors="0" skipped="1">
	<testcase classname="api.tests.test_import_content_command.NoDataImportContentTestCase" name="test_basic_import_rule_config" time="0.180" timestamp="2026-02-12T00:28:42" file="advisor/api/tests/test_import_content_command.py" line="260"/>
	<testcase classname="api.tests.test_import_content_command.NoDataImportContentTestCase" name="test_basic_import_rule_content" time="0.213" timestamp="2026-02-12T00:28:42" file="advisor/api/tests/test_import_content_command.py" line="275"/>
	<testcase classname="api.tests.test_import_content_command.NoDataImportContentTestCase" name="test_content_dump_load" time="0.316" timestamp="2026-02-12T00:28:43" file="advisor/api/tests/test_import_content_command.py" line="511"/>
	<testcase classname="api.tests.test_import_content_command.NoDataImportContentTestCase" name="test_content_dump_load_compressed" time="0.356" timestamp="2026-02-12T00:28:43" file="advisor/api/tests/test_import_content_command.py" line="560"/>
	<testcase classname="api.tests.test_import_content_command.NoDataImportContentTestCase" name="test_content_dump_load_compressed_from_url" time="0.809" timestamp="2026-02-12T00:28:44" file="advisor/api/tests/test_import_content_command.py" line="677"/>
	<testcase classname="api.tests.test_import_content_command.NoDataImportContentTestCase" name="test_content_dump_load_from_url" time="0.481" timestamp="2026-02-12T00:28:44" file="advisor/api/tests/test_import_content_command.py" line="609"/>
	<testcase classname="api.tests.test_import_content_command.NoDataImportContentTestCase" name="test_content_load_from_url_failures" time="0.065" timestamp="2026-02-12T00:28:44" file="advisor/api/tests/test_import_content_command.py" line="782"/>
	<testcase classname="api.tests.test_import_content_command.NoDataImportContentTestCase" name="test_content_update" time="0.616" timestamp="2026-02-12T00:28:45" file="advisor/api/tests/test_import_content_command.py" line="426">
		<!--
        Test updates to content.
        -->
	</testcase>
	<testcase classname="api.tests.test_import_content_command.NoDataImportContentTestCase" name="test_autoack_import" time="0.010" timestamp="2026-02-12T00:28:42" file="advisor/api/tests/test_import_content_command.py" line="330">
		<skipped type="skip" message="No hosts available to create auto-acks for"/>
	</testcase>
</testsuite>
