<?xml version="1.0" encoding="UTF-8"?>
<testsuite name="api.tests.test_inventory_host_model.InventoryHostTestCase-20260318052514" tests="3" file="api/tests/test_inventory_host_model.py" time="0.008" timestamp="2026-03-18T05:25:32" failures="0" errors="0" skipped="0">
	<testcase classname="api.tests.test_inventory_host_model.InventoryHostTestCase" name="test_host_properties" time="0.004" timestamp="2026-03-18T05:25:32" file="advisor/api/tests/test_inventory_host_model.py" line="33"/>
	<testcase classname="api.tests.test_inventory_host_model.InventoryHostTestCase" name="test_host_tag_filter" time="0.002" timestamp="2026-03-18T05:25:32" file="advisor/api/tests/test_inventory_host_model.py" line="83"/>
	<testcase classname="api.tests.test_inventory_host_model.InventoryHostTestCase" name="test_rhel_version" time="0.002" timestamp="2026-03-18T05:25:32" file="advisor/api/tests/test_inventory_host_model.py" line="68"/>
</testsuite>
