<?xml version="1.0" encoding="UTF-8"?>
<testsuite name="api.tests.test_view_auth.BaseRedHatUserTestCase-20260213061019" tests="2" file="api/tests/test_view_auth.py" time="0.001" timestamp="2026-02-13T06:10:59" failures="0" errors="0" skipped="0">
	<testcase classname="api.tests.test_view_auth.BaseRedHatUserTestCase" name="test_has_permission_basic_fails" time="0.001" timestamp="2026-02-13T06:10:59" file="advisor/api/tests/test_view_auth.py" line="488"/>
	<testcase classname="api.tests.test_view_auth.BaseRedHatUserTestCase" name="test_not_implemented" time="0.000" timestamp="2026-02-13T06:10:59" file="advisor/api/tests/test_view_auth.py" line="483"/>
</testsuite>
