<?xml version="1.0" encoding="UTF-8"?>
<testsuite name="api.tests.test_advisor_inventory_service.TestAdvisorInventoryServer-20260212002758" tests="6" file="api/tests/test_advisor_inventory_service.py" time="0.110" timestamp="2026-02-12T00:28:01" failures="0" errors="0" skipped="0">
	<testcase classname="api.tests.test_advisor_inventory_service.TestAdvisorInventoryServer" name="test_created_message_fail_missing_key" time="0.042" timestamp="2026-02-12T00:28:01" file="advisor/api/tests/test_advisor_inventory_service.py" line="132"/>
	<testcase classname="api.tests.test_advisor_inventory_service.TestAdvisorInventoryServer" name="test_created_message_success" time="0.024" timestamp="2026-02-12T00:28:01" file="advisor/api/tests/test_advisor_inventory_service.py" line="132"/>
	<testcase classname="api.tests.test_advisor_inventory_service.TestAdvisorInventoryServer" name="test_deleted_message_fail_missing_key" time="0.002" timestamp="2026-02-12T00:28:01" file="advisor/api/tests/test_advisor_inventory_service.py" line="132"/>
	<testcase classname="api.tests.test_advisor_inventory_service.TestAdvisorInventoryServer" name="test_deleted_message_success" time="0.029" timestamp="2026-02-12T00:28:01" file="advisor/api/tests/test_advisor_inventory_service.py" line="132"/>
	<testcase classname="api.tests.test_advisor_inventory_service.TestAdvisorInventoryServer" name="test_message_dispatch" time="0.001" timestamp="2026-02-12T00:28:01" file="advisor/api/tests/test_advisor_inventory_service.py" line="132"/>
	<testcase classname="api.tests.test_advisor_inventory_service.TestAdvisorInventoryServer" name="test_updated_message_success" time="0.012" timestamp="2026-02-12T00:28:01" file="advisor/api/tests/test_advisor_inventory_service.py" line="132"/>
</testsuite>
