<?xml version="1.0" encoding="UTF-8"?>
<testsuite name="api.tests.test_import_content_command.ImportContentTestCase-20260211234528" tests="9" file="api/tests/test_import_content_command.py" time="11.705" timestamp="2026-02-11T23:47:47" failures="0" errors="0" skipped="0">
	<testcase classname="api.tests.test_import_content_command.ImportContentTestCase" name="test_autoack_import" time="2.877" timestamp="2026-02-11T23:47:38" file="advisor/api/tests/test_import_content_command.py" line="330"/>
	<testcase classname="api.tests.test_import_content_command.ImportContentTestCase" name="test_basic_import_rule_config" time="0.672" timestamp="2026-02-11T23:47:38" file="advisor/api/tests/test_import_content_command.py" line="260"/>
	<testcase classname="api.tests.test_import_content_command.ImportContentTestCase" name="test_basic_import_rule_content" time="0.782" timestamp="2026-02-11T23:47:39" file="advisor/api/tests/test_import_content_command.py" line="275"/>
	<testcase classname="api.tests.test_import_content_command.ImportContentTestCase" name="test_content_dump_load" time="1.127" timestamp="2026-02-11T23:47:40" file="advisor/api/tests/test_import_content_command.py" line="511"/>
	<testcase classname="api.tests.test_import_content_command.ImportContentTestCase" name="test_content_dump_load_compressed" time="1.159" timestamp="2026-02-11T23:47:42" file="advisor/api/tests/test_import_content_command.py" line="560"/>
	<testcase classname="api.tests.test_import_content_command.ImportContentTestCase" name="test_content_dump_load_compressed_from_url" time="1.760" timestamp="2026-02-11T23:47:43" file="advisor/api/tests/test_import_content_command.py" line="677"/>
	<testcase classname="api.tests.test_import_content_command.ImportContentTestCase" name="test_content_dump_load_from_url" time="1.250" timestamp="2026-02-11T23:47:45" file="advisor/api/tests/test_import_content_command.py" line="609"/>
	<testcase classname="api.tests.test_import_content_command.ImportContentTestCase" name="test_content_load_from_url_failures" time="0.213" timestamp="2026-02-11T23:47:45" file="advisor/api/tests/test_import_content_command.py" line="782"/>
	<testcase classname="api.tests.test_import_content_command.ImportContentTestCase" name="test_content_update" time="1.865" timestamp="2026-02-11T23:47:47" file="advisor/api/tests/test_import_content_command.py" line="426">
		<!--
        Test updates to content.
        -->
	</testcase>
</testsuite>
