<?xml version="1.0" encoding="UTF-8"?>
<testsuite name="api.tests.test_weekly_report_command.WeeklyReportEmailTest-20260212002758" tests="6" file="api/tests/test_weekly_report_command.py" time="3.191" timestamp="2026-02-12T00:29:45" failures="0" errors="0" skipped="0">
	<testcase classname="api.tests.test_weekly_report_command.WeeklyReportEmailTest" name="test_user_account_details_middleware_users_not_in_response" time="0.031" timestamp="2026-02-12T00:29:42" file="advisor/api/tests/test_weekly_report_command.py" line="319"/>
	<testcase classname="api.tests.test_weekly_report_command.WeeklyReportEmailTest" name="test_weekly_report_emails_command" time="2.102" timestamp="2026-02-12T00:29:44" file="advisor/api/tests/test_weekly_report_command.py" line="149"/>
	<testcase classname="api.tests.test_weekly_report_command.WeeklyReportEmailTest" name="test_weekly_report_emails_command_with_rbac" time="0.721" timestamp="2026-02-12T00:29:45" file="advisor/api/tests/test_weekly_report_command.py" line="333"/>
	<testcase classname="api.tests.test_weekly_report_command.WeeklyReportEmailTest" name="test_weekly_report_emails_command_with_rbac_delete_expired" time="0.319" timestamp="2026-02-12T00:29:45" file="advisor/api/tests/test_weekly_report_command.py" line="395"/>
	<testcase classname="api.tests.test_weekly_report_command.WeeklyReportEmailTest" name="test_weekly_report_emails_command_with_rbac_no_weekly_report" time="0.009" timestamp="2026-02-12T00:29:45" file="advisor/api/tests/test_weekly_report_command.py" line="437"/>
	<testcase classname="api.tests.test_weekly_report_command.WeeklyReportEmailTest" name="test_weekly_report_emails_command_with_rbac_unknown_user" time="0.009" timestamp="2026-02-12T00:29:45" file="advisor/api/tests/test_weekly_report_command.py" line="417"/>
</testsuite>
