<?xml version="1.0" encoding="UTF-8"?>
<testsuite name="api.tests.test_hostack_views.HostAckViewTestCase-20260211234528" tests="15" file="api/tests/test_hostack_views.py" time="2.066" timestamp="2026-02-11T23:46:48" failures="0" errors="0" skipped="0">
	<testcase classname="api.tests.test_hostack_views.HostAckViewTestCase" name="test_hostack_add" time="0.538" timestamp="2026-02-11T23:46:47" file="advisor/api/tests/test_hostack_views.py" line="113"/>
	<testcase classname="api.tests.test_hostack_views.HostAckViewTestCase" name="test_hostack_add_cert_auth" time="0.312" timestamp="2026-02-11T23:46:47" file="advisor/api/tests/test_hostack_views.py" line="175"/>
	<testcase classname="api.tests.test_hostack_views.HostAckViewTestCase" name="test_hostack_add_exceptions" time="0.109" timestamp="2026-02-11T23:46:47" file="advisor/api/tests/test_hostack_views.py" line="256"/>
	<testcase classname="api.tests.test_hostack_views.HostAckViewTestCase" name="test_hostack_add_service_account" time="0.274" timestamp="2026-02-11T23:46:47" file="advisor/api/tests/test_hostack_views.py" line="215"/>
	<testcase classname="api.tests.test_hostack_views.HostAckViewTestCase" name="test_hostack_delete" time="0.080" timestamp="2026-02-11T23:46:47" file="advisor/api/tests/test_hostack_views.py" line="366"/>
	<testcase classname="api.tests.test_hostack_views.HostAckViewTestCase" name="test_hostack_delete_cert_auth" time="0.084" timestamp="2026-02-11T23:46:47" file="advisor/api/tests/test_hostack_views.py" line="381"/>
	<testcase classname="api.tests.test_hostack_views.HostAckViewTestCase" name="test_hostack_delete_errors" time="0.052" timestamp="2026-02-11T23:46:47" file="advisor/api/tests/test_hostack_views.py" line="411"/>
	<testcase classname="api.tests.test_hostack_views.HostAckViewTestCase" name="test_hostack_delete_service_account" time="0.084" timestamp="2026-02-11T23:46:48" file="advisor/api/tests/test_hostack_views.py" line="396"/>
	<testcase classname="api.tests.test_hostack_views.HostAckViewTestCase" name="test_hostack_edit_justification" time="0.108" timestamp="2026-02-11T23:46:48" file="advisor/api/tests/test_hostack_views.py" line="306"/>
	<testcase classname="api.tests.test_hostack_views.HostAckViewTestCase" name="test_hostack_edit_justification_cert_auth" time="0.085" timestamp="2026-02-11T23:46:48" file="advisor/api/tests/test_hostack_views.py" line="333"/>
	<testcase classname="api.tests.test_hostack_views.HostAckViewTestCase" name="test_hostack_list" time="0.078" timestamp="2026-02-11T23:46:48" file="advisor/api/tests/test_hostack_views.py" line="41"/>
	<testcase classname="api.tests.test_hostack_views.HostAckViewTestCase" name="test_hostack_list_filter_rule_ids" time="0.052" timestamp="2026-02-11T23:46:48" file="advisor/api/tests/test_hostack_views.py" line="64"/>
	<testcase classname="api.tests.test_hostack_views.HostAckViewTestCase" name="test_hostack_list_filter_system_profile" time="0.124" timestamp="2026-02-11T23:46:48" file="advisor/api/tests/test_hostack_views.py" line="78"/>
	<testcase classname="api.tests.test_hostack_views.HostAckViewTestCase" name="test_hostack_list_other_account" time="0.043" timestamp="2026-02-11T23:46:48" file="advisor/api/tests/test_hostack_views.py" line="103"/>
	<testcase classname="api.tests.test_hostack_views.HostAckViewTestCase" name="test_hostack_update_justification_exceptions" time="0.043" timestamp="2026-02-11T23:46:48" file="advisor/api/tests/test_hostack_views.py" line="360"/>
</testsuite>
