<?xml version="1.0" encoding="UTF-8"?>
<testsuite name="api.tests.test_workloads_field_redirection.WorkloadsFieldRedirectionTestCase-20260211234528" tests="7" file="api/tests/test_workloads_field_redirection.py" time="0.635" timestamp="2026-02-11T23:49:35" failures="0" errors="0" skipped="0">
	<testcase classname="api.tests.test_workloads_field_redirection.WorkloadsFieldRedirectionTestCase" name="test_ansible_field_redirection_new_schema" time="0.086" timestamp="2026-02-11T23:49:34" file="advisor/api/tests/test_workloads_field_redirection.py" line="90">
		<!--Test Ansible field filtering works through API.-->
	</testcase>
	<testcase classname="api.tests.test_workloads_field_redirection.WorkloadsFieldRedirectionTestCase" name="test_mssql_field_redirection_new_schema" time="0.089" timestamp="2026-02-11T23:49:35" file="advisor/api/tests/test_workloads_field_redirection.py" line="109">
		<!--Test MSSQL field filtering works through API.-->
	</testcase>
	<testcase classname="api.tests.test_workloads_field_redirection.WorkloadsFieldRedirectionTestCase" name="test_multiple_workloads_fields_new_schema" time="0.095" timestamp="2026-02-11T23:49:35" file="advisor/api/tests/test_workloads_field_redirection.py" line="128">
		<!--Test multiple workloads fields together through API.-->
	</testcase>
	<testcase classname="api.tests.test_workloads_field_redirection.WorkloadsFieldRedirectionTestCase" name="test_non_workloads_fields_unaffected" time="0.098" timestamp="2026-02-11T23:49:35" file="advisor/api/tests/test_workloads_field_redirection.py" line="151">
		<!--Test that non-workloads fields work normally through API.-->
	</testcase>
	<testcase classname="api.tests.test_workloads_field_redirection.WorkloadsFieldRedirectionTestCase" name="test_sap_sids_field_redirection_new_schema" time="0.088" timestamp="2026-02-11T23:49:35" file="advisor/api/tests/test_workloads_field_redirection.py" line="71">
		<!--Test SAP SIDs field filtering works through API.-->
	</testcase>
	<testcase classname="api.tests.test_workloads_field_redirection.WorkloadsFieldRedirectionTestCase" name="test_sap_system_field_redirection_new_schema" time="0.087" timestamp="2026-02-11T23:49:35" file="advisor/api/tests/test_workloads_field_redirection.py" line="47">
		<!--Test SAP system field filtering works through API.-->
	</testcase>
	<testcase classname="api.tests.test_workloads_field_redirection.WorkloadsFieldRedirectionTestCase" name="test_workloads_false_filtering" time="0.092" timestamp="2026-02-11T23:49:35" file="advisor/api/tests/test_workloads_field_redirection.py" line="174">
		<!--Test filtering systems without specific workloads.-->
	</testcase>
</testsuite>
