<?xml version="1.0" encoding="UTF-8"?>
<testsuite name="sat_compat.tests.test_upload_views.UploaderTestCase-20260211234528" tests="2" file="sat_compat/tests/test_upload_views.py" time="0.061" timestamp="2026-02-11T23:49:56" failures="0" errors="0" skipped="0">
	<testcase classname="sat_compat.tests.test_upload_views.UploaderTestCase" name="test_ping_view" time="0.007" timestamp="2026-02-11T23:49:56" file="advisor/sat_compat/tests/test_upload_views.py" line="35"/>
	<testcase classname="sat_compat.tests.test_upload_views.UploaderTestCase" name="test_system_views" time="0.054" timestamp="2026-02-11T23:49:56" file="advisor/sat_compat/tests/test_upload_views.py" line="44"/>
</testsuite>
