<?xml version="1.0" encoding="UTF-8"?>
<testsuite name="api.tests.test_report_model.ReportTestCase-20260317043948" tests="6" file="api/tests/test_report_model.py" time="0.078" timestamp="2026-03-17T04:40:17" failures="0" errors="0" skipped="0">
	<testcase classname="api.tests.test_report_model.ReportTestCase" name="test_current_reports_in_current_uploads" time="0.019" timestamp="2026-03-17T04:40:17" file="advisor/api/tests/test_report_model.py" line="135"/>
	<testcase classname="api.tests.test_report_model.ReportTestCase" name="test_current_reports_match_upload_data" time="0.020" timestamp="2026-03-17T04:40:17" file="advisor/api/tests/test_report_model.py" line="145"/>
	<testcase classname="api.tests.test_report_model.ReportTestCase" name="test_currentreport_properties" time="0.007" timestamp="2026-03-17T04:40:17" file="advisor/api/tests/test_report_model.py" line="37"/>
	<testcase classname="api.tests.test_report_model.ReportTestCase" name="test_no_duplicate_reports" time="0.006" timestamp="2026-03-17T04:40:17" file="advisor/api/tests/test_report_model.py" line="113"/>
	<testcase classname="api.tests.test_report_model.ReportTestCase" name="test_report_deletion" time="0.010" timestamp="2026-03-17T04:40:17" file="advisor/api/tests/test_report_model.py" line="79"/>
	<testcase classname="api.tests.test_report_model.ReportTestCase" name="test_report_methods" time="0.016" timestamp="2026-03-17T04:40:17" file="advisor/api/tests/test_report_model.py" line="58"/>
</testsuite>
