<?xml version="1.0" encoding="UTF-8"?>
<testsuite name="sat_compat.tests.test_maintenance_views.MaintenanceTestCase-20260318052514" tests="15" file="sat_compat/tests/test_maintenance_views.py" time="0.658" timestamp="2026-03-18T05:25:57" failures="0" errors="0" skipped="0">
	<testcase classname="sat_compat.tests.test_maintenance_views.MaintenanceTestCase" name="test_get_playbook" time="0.062" timestamp="2026-03-18T05:25:56" file="advisor/sat_compat/tests/test_maintenance_views.py" line="705"/>
	<testcase classname="sat_compat.tests.test_maintenance_views.MaintenanceTestCase" name="test_get_playbook_bad_remediations" time="0.020" timestamp="2026-03-18T05:25:56" file="advisor/sat_compat/tests/test_maintenance_views.py" line="795"/>
	<testcase classname="sat_compat.tests.test_maintenance_views.MaintenanceTestCase" name="test_get_playbook_no_remediations_url" time="0.019" timestamp="2026-03-18T05:25:56" file="advisor/sat_compat/tests/test_maintenance_views.py" line="825"/>
	<testcase classname="sat_compat.tests.test_maintenance_views.MaintenanceTestCase" name="test_get_playbook_remediations_connection_fail" time="0.052" timestamp="2026-03-18T05:25:56" file="advisor/sat_compat/tests/test_maintenance_views.py" line="810"/>
	<testcase classname="sat_compat.tests.test_maintenance_views.MaintenanceTestCase" name="test_maintenance_create_destroy_with_rules" time="0.104" timestamp="2026-03-18T05:25:57" file="advisor/sat_compat/tests/test_maintenance_views.py" line="344"/>
	<testcase classname="sat_compat.tests.test_maintenance_views.MaintenanceTestCase" name="test_maintenance_create_errors" time="0.013" timestamp="2026-03-18T05:25:57" file="advisor/sat_compat/tests/test_maintenance_views.py" line="510"/>
	<testcase classname="sat_compat.tests.test_maintenance_views.MaintenanceTestCase" name="test_maintenance_create_simple" time="0.034" timestamp="2026-03-18T05:25:57" file="advisor/sat_compat/tests/test_maintenance_views.py" line="157"/>
	<testcase classname="sat_compat.tests.test_maintenance_views.MaintenanceTestCase" name="test_maintenance_create_simple_cert_auth" time="0.059" timestamp="2026-03-18T05:25:57" file="advisor/sat_compat/tests/test_maintenance_views.py" line="237"/>
	<testcase classname="sat_compat.tests.test_maintenance_views.MaintenanceTestCase" name="test_maintenance_list" time="0.021" timestamp="2026-03-18T05:25:57" file="advisor/sat_compat/tests/test_maintenance_views.py" line="51"/>
	<testcase classname="sat_compat.tests.test_maintenance_views.MaintenanceTestCase" name="test_maintenance_list_cert_auth" time="0.018" timestamp="2026-03-18T05:25:57" file="advisor/sat_compat/tests/test_maintenance_views.py" line="86"/>
	<testcase classname="sat_compat.tests.test_maintenance_views.MaintenanceTestCase" name="test_maintenance_model" time="0.001" timestamp="2026-03-18T05:25:57" file="advisor/sat_compat/tests/test_maintenance_views.py" line="46"/>
	<testcase classname="sat_compat.tests.test_maintenance_views.MaintenanceTestCase" name="test_maintenance_plan_get_csv" time="0.019" timestamp="2026-03-18T05:25:57" file="advisor/sat_compat/tests/test_maintenance_views.py" line="116"/>
	<testcase classname="sat_compat.tests.test_maintenance_views.MaintenanceTestCase" name="test_maintenance_update_edit_actions" time="0.073" timestamp="2026-03-18T05:25:57" file="advisor/sat_compat/tests/test_maintenance_views.py" line="629"/>
	<testcase classname="sat_compat.tests.test_maintenance_views.MaintenanceTestCase" name="test_maintenance_update_simple" time="0.035" timestamp="2026-03-18T05:25:57" file="advisor/sat_compat/tests/test_maintenance_views.py" line="567"/>
	<testcase classname="sat_compat.tests.test_maintenance_views.MaintenanceTestCase" name="test_set_playbook_for_action" time="0.128" timestamp="2026-03-18T05:25:57" file="advisor/sat_compat/tests/test_maintenance_views.py" line="841"/>
</testsuite>
