<?xml version="1.0" encoding="UTF-8"?>
<testsuite name="sat_compat.tests.test_reports_views.ReportsViewTestCase-20260213061019" tests="2" file="sat_compat/tests/test_reports_views.py" time="0.053" timestamp="2026-02-13T06:11:04" failures="0" errors="0" skipped="0">
	<testcase classname="sat_compat.tests.test_reports_views.ReportsViewTestCase" name="test_list_reports" time="0.034" timestamp="2026-02-13T06:11:04" file="advisor/sat_compat/tests/test_reports_views.py" line="45"/>
	<testcase classname="sat_compat.tests.test_reports_views.ReportsViewTestCase" name="test_list_reports_cert_auth" time="0.019" timestamp="2026-02-13T06:11:04" file="advisor/sat_compat/tests/test_reports_views.py" line="99"/>
</testsuite>
