<?xml version="1.0" encoding="UTF-8"?>
<testsuite name="api.tests.test_stats_views.StatsAfterAckTestCase-20260213061019" tests="3" file="api/tests/test_stats_views.py" time="0.051" timestamp="2026-02-13T06:10:55" failures="0" errors="0" skipped="0">
	<testcase classname="api.tests.test_stats_views.StatsAfterAckTestCase" name="test_reports_stats_after_ack" time="0.017" timestamp="2026-02-13T06:10:55" file="advisor/api/tests/test_stats_views.py" line="234"/>
	<testcase classname="api.tests.test_stats_views.StatsAfterAckTestCase" name="test_rules_stats_after_ack" time="0.017" timestamp="2026-02-13T06:10:55" file="advisor/api/tests/test_stats_views.py" line="218"/>
	<testcase classname="api.tests.test_stats_views.StatsAfterAckTestCase" name="test_systems_stats_after_ack" time="0.017" timestamp="2026-02-13T06:10:55" file="advisor/api/tests/test_stats_views.py" line="255"/>
</testsuite>
