<?xml version="1.0" encoding="UTF-8"?>
<testsuite name="api.tests.test_import_content.ImportContentViewTestCase-20260317043948" tests="4" file="api/tests/test_import_content.py" time="0.392" timestamp="2026-03-17T04:40:05" failures="0" errors="0" skipped="0">
	<testcase classname="api.tests.test_import_content.ImportContentViewTestCase" name="test_import_content_get" time="0.003" timestamp="2026-03-17T04:40:05" file="advisor/api/tests/test_import_content.py" line="1156"/>
	<testcase classname="api.tests.test_import_content.ImportContentViewTestCase" name="test_import_content_push_application_json" time="0.194" timestamp="2026-03-17T04:40:05" file="advisor/api/tests/test_import_content.py" line="1161"/>
	<testcase classname="api.tests.test_import_content.ImportContentViewTestCase" name="test_import_content_push_failures" time="0.008" timestamp="2026-03-17T04:40:05" file="advisor/api/tests/test_import_content.py" line="1221"/>
	<testcase classname="api.tests.test_import_content.ImportContentViewTestCase" name="test_import_content_push_non_json" time="0.187" timestamp="2026-03-17T04:40:05" file="advisor/api/tests/test_import_content.py" line="1190"/>
</testsuite>
