<?xml version="1.0" encoding="UTF-8"?>
<testsuite name="sat_compat.tests.test_maintenance_views.MaintenanceDupInsightsIDViewTestCase-20260212002758" tests="1" file="sat_compat/tests/test_maintenance_views.py" time="0.061" timestamp="2026-02-12T00:29:50" failures="0" errors="0" skipped="0">
	<testcase classname="sat_compat.tests.test_maintenance_views.MaintenanceDupInsightsIDViewTestCase" name="test_maintenance_list" time="0.061" timestamp="2026-02-12T00:29:50" file="advisor/sat_compat/tests/test_maintenance_views.py" line="944"/>
</testsuite>
