<?xml version="1.0" encoding="UTF-8"?>
<testsuite name="sat_compat.tests.test_maintenance_views.MaintenanceTestCase-20260211234528" tests="15" file="sat_compat/tests/test_maintenance_views.py" time="1.736" timestamp="2026-02-11T23:49:40" failures="0" errors="0" skipped="0">
	<testcase classname="sat_compat.tests.test_maintenance_views.MaintenanceTestCase" name="test_get_playbook" time="0.159" timestamp="2026-02-11T23:49:39" file="advisor/sat_compat/tests/test_maintenance_views.py" line="705"/>
	<testcase classname="sat_compat.tests.test_maintenance_views.MaintenanceTestCase" name="test_get_playbook_bad_remediations" time="0.052" timestamp="2026-02-11T23:49:39" file="advisor/sat_compat/tests/test_maintenance_views.py" line="795"/>
	<testcase classname="sat_compat.tests.test_maintenance_views.MaintenanceTestCase" name="test_get_playbook_no_remediations_url" time="0.055" timestamp="2026-02-11T23:49:39" file="advisor/sat_compat/tests/test_maintenance_views.py" line="825"/>
	<testcase classname="sat_compat.tests.test_maintenance_views.MaintenanceTestCase" name="test_get_playbook_remediations_connection_fail" time="0.094" timestamp="2026-02-11T23:49:39" file="advisor/sat_compat/tests/test_maintenance_views.py" line="810"/>
	<testcase classname="sat_compat.tests.test_maintenance_views.MaintenanceTestCase" name="test_maintenance_create_destroy_with_rules" time="0.267" timestamp="2026-02-11T23:49:39" file="advisor/sat_compat/tests/test_maintenance_views.py" line="344"/>
	<testcase classname="sat_compat.tests.test_maintenance_views.MaintenanceTestCase" name="test_maintenance_create_errors" time="0.037" timestamp="2026-02-11T23:49:39" file="advisor/sat_compat/tests/test_maintenance_views.py" line="510"/>
	<testcase classname="sat_compat.tests.test_maintenance_views.MaintenanceTestCase" name="test_maintenance_create_simple" time="0.096" timestamp="2026-02-11T23:49:39" file="advisor/sat_compat/tests/test_maintenance_views.py" line="157"/>
	<testcase classname="sat_compat.tests.test_maintenance_views.MaintenanceTestCase" name="test_maintenance_create_simple_cert_auth" time="0.161" timestamp="2026-02-11T23:49:40" file="advisor/sat_compat/tests/test_maintenance_views.py" line="237"/>
	<testcase classname="sat_compat.tests.test_maintenance_views.MaintenanceTestCase" name="test_maintenance_list" time="0.051" timestamp="2026-02-11T23:49:40" file="advisor/sat_compat/tests/test_maintenance_views.py" line="51"/>
	<testcase classname="sat_compat.tests.test_maintenance_views.MaintenanceTestCase" name="test_maintenance_list_cert_auth" time="0.045" timestamp="2026-02-11T23:49:40" file="advisor/sat_compat/tests/test_maintenance_views.py" line="86"/>
	<testcase classname="sat_compat.tests.test_maintenance_views.MaintenanceTestCase" name="test_maintenance_model" time="0.004" timestamp="2026-02-11T23:49:40" file="advisor/sat_compat/tests/test_maintenance_views.py" line="46"/>
	<testcase classname="sat_compat.tests.test_maintenance_views.MaintenanceTestCase" name="test_maintenance_plan_get_csv" time="0.053" timestamp="2026-02-11T23:49:40" file="advisor/sat_compat/tests/test_maintenance_views.py" line="116"/>
	<testcase classname="sat_compat.tests.test_maintenance_views.MaintenanceTestCase" name="test_maintenance_update_edit_actions" time="0.193" timestamp="2026-02-11T23:49:40" file="advisor/sat_compat/tests/test_maintenance_views.py" line="629"/>
	<testcase classname="sat_compat.tests.test_maintenance_views.MaintenanceTestCase" name="test_maintenance_update_simple" time="0.102" timestamp="2026-02-11T23:49:40" file="advisor/sat_compat/tests/test_maintenance_views.py" line="567"/>
	<testcase classname="sat_compat.tests.test_maintenance_views.MaintenanceTestCase" name="test_set_playbook_for_action" time="0.365" timestamp="2026-02-11T23:49:40" file="advisor/sat_compat/tests/test_maintenance_views.py" line="841"/>
</testsuite>
