<?xml version="1.0" encoding="UTF-8"?>
<testsuite name="tasks.tests.test_rbac.KesselTestCase-20260318025810" tests="2" file="tasks/tests/test_rbac.py" time="0.383" timestamp="2026-03-18T02:58:11" failures="0" errors="0" skipped="0">
	<testcase classname="tasks.tests.test_rbac.KesselTestCase" name="test_rbac_basic_allowed_full" time="0.368" timestamp="2026-03-18T02:58:11" file="advisor/tasks/tests/test_rbac.py" line="226">
		<system-err><![CDATA[Returning default value for feature: advisor.kessel_enabled
Error checking feature flag: 'advisor.kessel_enabled'
]]></system-err>
	</testcase>
	<testcase classname="tasks.tests.test_rbac.KesselTestCase" name="test_rbac_basic_allowed_read_only" time="0.015" timestamp="2026-03-18T02:58:11" file="advisor/tasks/tests/test_rbac.py" line="226"/>
</testsuite>
