<?xml version="1.0" encoding="UTF-8"?>
<testsuite name="api.tests.test_hostack_models.HostAckModelTestCase-20260211234528" tests="3" file="api/tests/test_hostack_models.py" time="0.164" timestamp="2026-02-11T23:46:43" failures="0" errors="0" skipped="0">
	<testcase classname="api.tests.test_hostack_models.HostAckModelTestCase" name="test_hostack_properties" time="0.022" timestamp="2026-02-11T23:46:43" file="advisor/api/tests/test_hostack_models.py" line="33"/>
	<testcase classname="api.tests.test_hostack_models.HostAckModelTestCase" name="test_no_duplicate_hostacks" time="0.029" timestamp="2026-02-11T23:46:43" file="advisor/api/tests/test_hostack_models.py" line="47"/>
	<testcase classname="api.tests.test_hostack_models.HostAckModelTestCase" name="test_rule_deletion_deletes_hostack" time="0.113" timestamp="2026-02-11T23:46:43" file="advisor/api/tests/test_hostack_models.py" line="57"/>
</testsuite>
