<?xml version="1.0" encoding="UTF-8"?>
<testsuite name="sat_compat.tests.test_export_views.SatExportViewTestCase-20260212002758" tests="4" file="sat_compat/tests/test_export_views.py" time="0.106" timestamp="2026-02-12T00:29:50" failures="0" errors="0" skipped="0">
	<testcase classname="sat_compat.tests.test_export_views.SatExportViewTestCase" name="test_reports_export" time="0.037" timestamp="2026-02-12T00:29:50" file="advisor/sat_compat/tests/test_export_views.py" line="80">
		<!--
        Tests of reports export.
        -->
	</testcase>
	<testcase classname="sat_compat.tests.test_export_views.SatExportViewTestCase" name="test_reports_export_cert_auth" time="0.023" timestamp="2026-02-12T00:29:50" file="advisor/sat_compat/tests/test_export_views.py" line="125">
		<!--
        Tests of reports export with Satellite certificate authentication.
        -->
	</testcase>
	<testcase classname="sat_compat.tests.test_export_views.SatExportViewTestCase" name="test_systems_export" time="0.028" timestamp="2026-02-12T00:29:50" file="advisor/sat_compat/tests/test_export_views.py" line="165">
		<!--
        Tests of systems export.
        -->
	</testcase>
	<testcase classname="sat_compat.tests.test_export_views.SatExportViewTestCase" name="test_systems_export_cert_auth" time="0.019" timestamp="2026-02-12T00:29:50" file="advisor/sat_compat/tests/test_export_views.py" line="213">
		<!--
        Tests of systems export with Satellite certificate authentication.
        -->
	</testcase>
</testsuite>
