<?xml version="1.0" encoding="UTF-8"?>
<testsuite name="sat_compat.tests.test_stats_views.StatsTestCase-20260212002758" tests="8" file="sat_compat/tests/test_stats_views.py" time="0.424" timestamp="2026-02-12T00:29:59" failures="0" errors="0" skipped="0">
	<testcase classname="sat_compat.tests.test_stats_views.StatsTestCase" name="test_rules_stats_view" time="0.076" timestamp="2026-02-12T00:29:59" file="advisor/sat_compat/tests/test_stats_views.py" line="179"/>
	<testcase classname="sat_compat.tests.test_stats_views.StatsTestCase" name="test_rules_stats_view_min_severity" time="0.047" timestamp="2026-02-12T00:29:59" file="advisor/sat_compat/tests/test_stats_views.py" line="218"/>
	<testcase classname="sat_compat.tests.test_stats_views.StatsTestCase" name="test_standard_stats_view" time="0.069" timestamp="2026-02-12T00:29:59" file="advisor/sat_compat/tests/test_stats_views.py" line="35"/>
	<testcase classname="sat_compat.tests.test_stats_views.StatsTestCase" name="test_standard_stats_view_cert_auth" time="0.056" timestamp="2026-02-12T00:29:59" file="advisor/sat_compat/tests/test_stats_views.py" line="74"/>
	<testcase classname="sat_compat.tests.test_stats_views.StatsTestCase" name="test_standard_stats_view_min_severity" time="0.046" timestamp="2026-02-12T00:29:59" file="advisor/sat_compat/tests/test_stats_views.py" line="118"/>
	<testcase classname="sat_compat.tests.test_stats_views.StatsTestCase" name="test_standard_stats_view_with_branch_id" time="0.048" timestamp="2026-02-12T00:29:59" file="advisor/sat_compat/tests/test_stats_views.py" line="135"/>
	<testcase classname="sat_compat.tests.test_stats_views.StatsTestCase" name="test_systems_stats_view" time="0.056" timestamp="2026-02-12T00:29:59" file="advisor/sat_compat/tests/test_stats_views.py" line="240"/>
	<testcase classname="sat_compat.tests.test_stats_views.StatsTestCase" name="test_systems_stats_view_min_severity" time="0.027" timestamp="2026-02-12T00:29:59" file="advisor/sat_compat/tests/test_stats_views.py" line="266"/>
</testsuite>
