<?xml version="1.0" encoding="UTF-8"?>
<testsuite name="tasks.tests.test_update_executed_task_status_command.UpdateExecutedTaskStatusTestCase-20260212002758" tests="6" file="tasks/tests/test_update_executed_task_status_command.py" time="0.240" timestamp="2026-02-12T00:30:18" failures="0" errors="0" skipped="0">
	<testcase classname="tasks.tests.test_update_executed_task_status_command.UpdateExecutedTaskStatusTestCase" name="test_update_executed_task_status_command" time="0.059" timestamp="2026-02-12T00:30:18" file="advisor/tasks/tests/test_update_executed_task_status_command.py" line="39"/>
	<testcase classname="tasks.tests.test_update_executed_task_status_command.UpdateExecutedTaskStatusTestCase" name="test_update_executed_task_status_command_delete_parameter" time="0.043" timestamp="2026-02-12T00:30:18" file="advisor/tasks/tests/test_update_executed_task_status_command.py" line="118"/>
	<testcase classname="tasks.tests.test_update_executed_task_status_command.UpdateExecutedTaskStatusTestCase" name="test_update_executed_task_status_command_executed_task_parameter" time="0.033" timestamp="2026-02-12T00:30:18" file="advisor/tasks/tests/test_update_executed_task_status_command.py" line="69"/>
	<testcase classname="tasks.tests.test_update_executed_task_status_command.UpdateExecutedTaskStatusTestCase" name="test_update_executed_task_status_command_job_parameter" time="0.034" timestamp="2026-02-12T00:30:18" file="advisor/tasks/tests/test_update_executed_task_status_command.py" line="81"/>
	<testcase classname="tasks.tests.test_update_executed_task_status_command.UpdateExecutedTaskStatusTestCase" name="test_update_executed_task_status_command_org_id_parameter" time="0.036" timestamp="2026-02-12T00:30:18" file="advisor/tasks/tests/test_update_executed_task_status_command.py" line="93"/>
	<testcase classname="tasks.tests.test_update_executed_task_status_command.UpdateExecutedTaskStatusTestCase" name="test_update_executed_task_status_command_task_parameter" time="0.035" timestamp="2026-02-12T00:30:18" file="advisor/tasks/tests/test_update_executed_task_status_command.py" line="105"/>
</testsuite>
