<?xml version="1.0" encoding="UTF-8"?>
<testsuite name="api.tests.test_rule_views.InternalRuleTestCase-20260211225150" tests="2" file="api/tests/test_rule_views.py" time="0.166" timestamp="2026-02-11T22:51:57" failures="0" errors="0" skipped="0">
	<testcase classname="api.tests.test_rule_views.InternalRuleTestCase" name="test_rule_list_detail" time="0.138" timestamp="2026-02-11T22:51:57" file="advisor/api/tests/test_rule_views.py" line="1818"/>
	<testcase classname="api.tests.test_rule_views.InternalRuleTestCase" name="test_rule_reports_content_preview" time="0.028" timestamp="2026-02-11T22:51:57" file="advisor/api/tests/test_rule_views.py" line="1877"/>
</testsuite>
