<?xml version="1.0" encoding="UTF-8"?>
<testsuite name="unittest.suite._ErrorHolder-20260318012050" tests="67" file="unittest/suite.py" time="0.000" timestamp="0001-01-01T00:00:00" failures="0" errors="67" skipped="0">
	<testcase classname="" name="setUpClass (api.tests.test_ack_models.AckModelTestCase)" time="0.000" timestamp="0001-01-01T00:00:00">
		<error type="DeserializationError" message="Problem installing fixture '/home/pwayper/Code/insights/advisor-backend/api/advisor/api/fixtures/basic_test_data.json': Error deserializing object: InventoryHost has no field named 'stale_warning_timestamp'"><![CDATA[Traceback (most recent call last):
  File "/home/pwayper/.local/share/virtualenvs/advisor-backend-A3tAKjzl/lib/python3.12/site-packages/django/db/models/options.py", line 683, in get_field
    return self.fields_map[field_name]
           ~~~~~~~~~~~~~~~^^^^^^^^^^^^
KeyError: 'stale_warning_timestamp'

During handling of the above exception, another exception occurred:

Traceback (most recent call last):
  File "/home/pwayper/.local/share/virtualenvs/advisor-backend-A3tAKjzl/lib/python3.12/site-packages/django/core/serializers/json.py", line 78, in _handle_object
    yield from super()._handle_object(obj)
  File "/home/pwayper/.local/share/virtualenvs/advisor-backend-A3tAKjzl/lib/python3.12/site-packages/django/core/serializers/python.py", line 160, in _handle_object
    field = Model._meta.get_field(field_name)
            ^^^^^^^^^^^^^^^^^^^^^^^^^^^^^^^^^
  File "/home/pwayper/.local/share/virtualenvs/advisor-backend-A3tAKjzl/lib/python3.12/site-packages/django/db/models/options.py", line 685, in get_field
    raise FieldDoesNotExist(
django.core.exceptions.FieldDoesNotExist: InventoryHost has no field named 'stale_warning_timestamp'

The above exception was the direct cause of the following exception:

Traceback (most recent call last):
  File "/home/pwayper/.local/share/virtualenvs/advisor-backend-A3tAKjzl/lib/python3.12/site-packages/django/core/management/__init__.py", line 194, in call_command
    return command.execute(*args, **defaults)
           ^^^^^^^^^^^^^^^^^^^^^^^^^^^^^^^^^^
  File "/home/pwayper/.local/share/virtualenvs/advisor-backend-A3tAKjzl/lib/python3.12/site-packages/django/core/management/base.py", line 464, in execute
    output = self.handle(*args, **options)
             ^^^^^^^^^^^^^^^^^^^^^^^^^^^^^
  File "/home/pwayper/.local/share/virtualenvs/advisor-backend-A3tAKjzl/lib/python3.12/site-packages/django/core/management/commands/loaddata.py", line 103, in handle
    self.loaddata(fixture_labels)
  File "/home/pwayper/.local/share/virtualenvs/advisor-backend-A3tAKjzl/lib/python3.12/site-packages/django/core/management/commands/loaddata.py", line 164, in loaddata
    self.load_label(fixture_label)
  File "/home/pwayper/.local/share/virtualenvs/advisor-backend-A3tAKjzl/lib/python3.12/site-packages/django/core/management/commands/loaddata.py", line 252, in load_label
    for obj in objects:
               ^^^^^^^
  File "/home/pwayper/.local/share/virtualenvs/advisor-backend-A3tAKjzl/lib/python3.12/site-packages/django/core/serializers/python.py", line 123, in __iter__
    yield from self._handle_object(obj)
  File "/home/pwayper/.local/share/virtualenvs/advisor-backend-A3tAKjzl/lib/python3.12/site-packages/django/core/serializers/json.py", line 82, in _handle_object
    raise DeserializationError(f"Error deserializing object: {exc}") from exc
django.core.serializers.base.DeserializationError: Problem installing fixture '/home/pwayper/Code/insights/advisor-backend/api/advisor/api/fixtures/basic_test_data.json': Error deserializing object: InventoryHost has no field named 'stale_warning_timestamp'
]]></error>
	</testcase>
	<testcase classname="" name="setUpClass (api.tests.test_ack_views.AckCountViewTestCase)" time="0.000" timestamp="0001-01-01T00:00:00">
		<error type="DeserializationError" message="Problem installing fixture '/home/pwayper/Code/insights/advisor-backend/api/advisor/api/fixtures/basic_test_data.json': Error deserializing object: InventoryHost has no field named 'stale_warning_timestamp'"><![CDATA[Traceback (most recent call last):
  File "/home/pwayper/.local/share/virtualenvs/advisor-backend-A3tAKjzl/lib/python3.12/site-packages/django/db/models/options.py", line 683, in get_field
    return self.fields_map[field_name]
           ~~~~~~~~~~~~~~~^^^^^^^^^^^^
KeyError: 'stale_warning_timestamp'

During handling of the above exception, another exception occurred:

Traceback (most recent call last):
  File "/home/pwayper/.local/share/virtualenvs/advisor-backend-A3tAKjzl/lib/python3.12/site-packages/django/core/serializers/json.py", line 78, in _handle_object
    yield from super()._handle_object(obj)
  File "/home/pwayper/.local/share/virtualenvs/advisor-backend-A3tAKjzl/lib/python3.12/site-packages/django/core/serializers/python.py", line 160, in _handle_object
    field = Model._meta.get_field(field_name)
            ^^^^^^^^^^^^^^^^^^^^^^^^^^^^^^^^^
  File "/home/pwayper/.local/share/virtualenvs/advisor-backend-A3tAKjzl/lib/python3.12/site-packages/django/db/models/options.py", line 685, in get_field
    raise FieldDoesNotExist(
django.core.exceptions.FieldDoesNotExist: InventoryHost has no field named 'stale_warning_timestamp'

The above exception was the direct cause of the following exception:

Traceback (most recent call last):
  File "/home/pwayper/.local/share/virtualenvs/advisor-backend-A3tAKjzl/lib/python3.12/site-packages/django/core/management/__init__.py", line 194, in call_command
    return command.execute(*args, **defaults)
           ^^^^^^^^^^^^^^^^^^^^^^^^^^^^^^^^^^
  File "/home/pwayper/.local/share/virtualenvs/advisor-backend-A3tAKjzl/lib/python3.12/site-packages/django/core/management/base.py", line 464, in execute
    output = self.handle(*args, **options)
             ^^^^^^^^^^^^^^^^^^^^^^^^^^^^^
  File "/home/pwayper/.local/share/virtualenvs/advisor-backend-A3tAKjzl/lib/python3.12/site-packages/django/core/management/commands/loaddata.py", line 103, in handle
    self.loaddata(fixture_labels)
  File "/home/pwayper/.local/share/virtualenvs/advisor-backend-A3tAKjzl/lib/python3.12/site-packages/django/core/management/commands/loaddata.py", line 164, in loaddata
    self.load_label(fixture_label)
  File "/home/pwayper/.local/share/virtualenvs/advisor-backend-A3tAKjzl/lib/python3.12/site-packages/django/core/management/commands/loaddata.py", line 252, in load_label
    for obj in objects:
               ^^^^^^^
  File "/home/pwayper/.local/share/virtualenvs/advisor-backend-A3tAKjzl/lib/python3.12/site-packages/django/core/serializers/python.py", line 123, in __iter__
    yield from self._handle_object(obj)
  File "/home/pwayper/.local/share/virtualenvs/advisor-backend-A3tAKjzl/lib/python3.12/site-packages/django/core/serializers/json.py", line 82, in _handle_object
    raise DeserializationError(f"Error deserializing object: {exc}") from exc
django.core.serializers.base.DeserializationError: Problem installing fixture '/home/pwayper/Code/insights/advisor-backend/api/advisor/api/fixtures/basic_test_data.json': Error deserializing object: InventoryHost has no field named 'stale_warning_timestamp'
]]></error>
	</testcase>
	<testcase classname="" name="setUpClass (api.tests.test_ack_views.AckViewTestCase)" time="0.000" timestamp="0001-01-01T00:00:00">
		<error type="DeserializationError" message="Problem installing fixture '/home/pwayper/Code/insights/advisor-backend/api/advisor/api/fixtures/basic_test_data.json': Error deserializing object: InventoryHost has no field named 'stale_warning_timestamp'"><![CDATA[Traceback (most recent call last):
  File "/home/pwayper/.local/share/virtualenvs/advisor-backend-A3tAKjzl/lib/python3.12/site-packages/django/db/models/options.py", line 683, in get_field
    return self.fields_map[field_name]
           ~~~~~~~~~~~~~~~^^^^^^^^^^^^
KeyError: 'stale_warning_timestamp'

During handling of the above exception, another exception occurred:

Traceback (most recent call last):
  File "/home/pwayper/.local/share/virtualenvs/advisor-backend-A3tAKjzl/lib/python3.12/site-packages/django/core/serializers/json.py", line 78, in _handle_object
    yield from super()._handle_object(obj)
  File "/home/pwayper/.local/share/virtualenvs/advisor-backend-A3tAKjzl/lib/python3.12/site-packages/django/core/serializers/python.py", line 160, in _handle_object
    field = Model._meta.get_field(field_name)
            ^^^^^^^^^^^^^^^^^^^^^^^^^^^^^^^^^
  File "/home/pwayper/.local/share/virtualenvs/advisor-backend-A3tAKjzl/lib/python3.12/site-packages/django/db/models/options.py", line 685, in get_field
    raise FieldDoesNotExist(
django.core.exceptions.FieldDoesNotExist: InventoryHost has no field named 'stale_warning_timestamp'

The above exception was the direct cause of the following exception:

Traceback (most recent call last):
  File "/home/pwayper/.local/share/virtualenvs/advisor-backend-A3tAKjzl/lib/python3.12/site-packages/django/core/management/__init__.py", line 194, in call_command
    return command.execute(*args, **defaults)
           ^^^^^^^^^^^^^^^^^^^^^^^^^^^^^^^^^^
  File "/home/pwayper/.local/share/virtualenvs/advisor-backend-A3tAKjzl/lib/python3.12/site-packages/django/core/management/base.py", line 464, in execute
    output = self.handle(*args, **options)
             ^^^^^^^^^^^^^^^^^^^^^^^^^^^^^
  File "/home/pwayper/.local/share/virtualenvs/advisor-backend-A3tAKjzl/lib/python3.12/site-packages/django/core/management/commands/loaddata.py", line 103, in handle
    self.loaddata(fixture_labels)
  File "/home/pwayper/.local/share/virtualenvs/advisor-backend-A3tAKjzl/lib/python3.12/site-packages/django/core/management/commands/loaddata.py", line 164, in loaddata
    self.load_label(fixture_label)
  File "/home/pwayper/.local/share/virtualenvs/advisor-backend-A3tAKjzl/lib/python3.12/site-packages/django/core/management/commands/loaddata.py", line 252, in load_label
    for obj in objects:
               ^^^^^^^
  File "/home/pwayper/.local/share/virtualenvs/advisor-backend-A3tAKjzl/lib/python3.12/site-packages/django/core/serializers/python.py", line 123, in __iter__
    yield from self._handle_object(obj)
  File "/home/pwayper/.local/share/virtualenvs/advisor-backend-A3tAKjzl/lib/python3.12/site-packages/django/core/serializers/json.py", line 82, in _handle_object
    raise DeserializationError(f"Error deserializing object: {exc}") from exc
django.core.serializers.base.DeserializationError: Problem installing fixture '/home/pwayper/Code/insights/advisor-backend/api/advisor/api/fixtures/basic_test_data.json': Error deserializing object: InventoryHost has no field named 'stale_warning_timestamp'
]]></error>
	</testcase>
	<testcase classname="" name="setUpClass (api.tests.test_advisor_inventory_service.TestAdvisorInventoryServer)" time="0.000" timestamp="0001-01-01T00:00:00">
		<error type="DeserializationError" message="Problem installing fixture '/home/pwayper/Code/insights/advisor-backend/api/advisor/api/fixtures/basic_test_data.json': Error deserializing object: InventoryHost has no field named 'stale_warning_timestamp'"><![CDATA[Traceback (most recent call last):
  File "/home/pwayper/.local/share/virtualenvs/advisor-backend-A3tAKjzl/lib/python3.12/site-packages/django/db/models/options.py", line 683, in get_field
    return self.fields_map[field_name]
           ~~~~~~~~~~~~~~~^^^^^^^^^^^^
KeyError: 'stale_warning_timestamp'

During handling of the above exception, another exception occurred:

Traceback (most recent call last):
  File "/home/pwayper/.local/share/virtualenvs/advisor-backend-A3tAKjzl/lib/python3.12/site-packages/django/core/serializers/json.py", line 78, in _handle_object
    yield from super()._handle_object(obj)
  File "/home/pwayper/.local/share/virtualenvs/advisor-backend-A3tAKjzl/lib/python3.12/site-packages/django/core/serializers/python.py", line 160, in _handle_object
    field = Model._meta.get_field(field_name)
            ^^^^^^^^^^^^^^^^^^^^^^^^^^^^^^^^^
  File "/home/pwayper/.local/share/virtualenvs/advisor-backend-A3tAKjzl/lib/python3.12/site-packages/django/db/models/options.py", line 685, in get_field
    raise FieldDoesNotExist(
django.core.exceptions.FieldDoesNotExist: InventoryHost has no field named 'stale_warning_timestamp'

The above exception was the direct cause of the following exception:

Traceback (most recent call last):
  File "/home/pwayper/.local/share/virtualenvs/advisor-backend-A3tAKjzl/lib/python3.12/site-packages/django/core/management/__init__.py", line 194, in call_command
    return command.execute(*args, **defaults)
           ^^^^^^^^^^^^^^^^^^^^^^^^^^^^^^^^^^
  File "/home/pwayper/.local/share/virtualenvs/advisor-backend-A3tAKjzl/lib/python3.12/site-packages/django/core/management/base.py", line 464, in execute
    output = self.handle(*args, **options)
             ^^^^^^^^^^^^^^^^^^^^^^^^^^^^^
  File "/home/pwayper/.local/share/virtualenvs/advisor-backend-A3tAKjzl/lib/python3.12/site-packages/django/core/management/commands/loaddata.py", line 103, in handle
    self.loaddata(fixture_labels)
  File "/home/pwayper/.local/share/virtualenvs/advisor-backend-A3tAKjzl/lib/python3.12/site-packages/django/core/management/commands/loaddata.py", line 164, in loaddata
    self.load_label(fixture_label)
  File "/home/pwayper/.local/share/virtualenvs/advisor-backend-A3tAKjzl/lib/python3.12/site-packages/django/core/management/commands/loaddata.py", line 252, in load_label
    for obj in objects:
               ^^^^^^^
  File "/home/pwayper/.local/share/virtualenvs/advisor-backend-A3tAKjzl/lib/python3.12/site-packages/django/core/serializers/python.py", line 123, in __iter__
    yield from self._handle_object(obj)
  File "/home/pwayper/.local/share/virtualenvs/advisor-backend-A3tAKjzl/lib/python3.12/site-packages/django/core/serializers/json.py", line 82, in _handle_object
    raise DeserializationError(f"Error deserializing object: {exc}") from exc
django.core.serializers.base.DeserializationError: Problem installing fixture '/home/pwayper/Code/insights/advisor-backend/api/advisor/api/fixtures/basic_test_data.json': Error deserializing object: InventoryHost has no field named 'stale_warning_timestamp'
]]></error>
	</testcase>
	<testcase classname="" name="setUpClass (api.tests.test_cert_auth.CertAuthTestCase)" time="0.000" timestamp="0001-01-01T00:00:00" file="advisor/api/tests/test_autosubexclusion_views.py" line="66">
		<error type="DeserializationError" message="Problem installing fixture '/home/pwayper/Code/insights/advisor-backend/api/advisor/api/fixtures/basic_test_data.json': Error deserializing object: InventoryHost has no field named 'stale_warning_timestamp'"><![CDATA[Traceback (most recent call last):
  File "/home/pwayper/.local/share/virtualenvs/advisor-backend-A3tAKjzl/lib/python3.12/site-packages/django/db/models/options.py", line 683, in get_field
    return self.fields_map[field_name]
           ~~~~~~~~~~~~~~~^^^^^^^^^^^^
KeyError: 'stale_warning_timestamp'

During handling of the above exception, another exception occurred:

Traceback (most recent call last):
  File "/home/pwayper/.local/share/virtualenvs/advisor-backend-A3tAKjzl/lib/python3.12/site-packages/django/core/serializers/json.py", line 78, in _handle_object
    yield from super()._handle_object(obj)
  File "/home/pwayper/.local/share/virtualenvs/advisor-backend-A3tAKjzl/lib/python3.12/site-packages/django/core/serializers/python.py", line 160, in _handle_object
    field = Model._meta.get_field(field_name)
            ^^^^^^^^^^^^^^^^^^^^^^^^^^^^^^^^^
  File "/home/pwayper/.local/share/virtualenvs/advisor-backend-A3tAKjzl/lib/python3.12/site-packages/django/db/models/options.py", line 685, in get_field
    raise FieldDoesNotExist(
django.core.exceptions.FieldDoesNotExist: InventoryHost has no field named 'stale_warning_timestamp'

The above exception was the direct cause of the following exception:

Traceback (most recent call last):
  File "/home/pwayper/Code/insights/advisor-backend/api/advisor/api/tests/test_cert_auth.py", line 54, in setUpClass
    super().setUpClass()
  File "/home/pwayper/.local/share/virtualenvs/advisor-backend-A3tAKjzl/lib/python3.12/site-packages/django/test/testcases.py", line 1419, in setUpClass
    call_command(
  File "/home/pwayper/.local/share/virtualenvs/advisor-backend-A3tAKjzl/lib/python3.12/site-packages/django/core/management/__init__.py", line 194, in call_command
    return command.execute(*args, **defaults)
           ^^^^^^^^^^^^^^^^^^^^^^^^^^^^^^^^^^
  File "/home/pwayper/.local/share/virtualenvs/advisor-backend-A3tAKjzl/lib/python3.12/site-packages/django/core/management/base.py", line 464, in execute
    output = self.handle(*args, **options)
             ^^^^^^^^^^^^^^^^^^^^^^^^^^^^^
  File "/home/pwayper/.local/share/virtualenvs/advisor-backend-A3tAKjzl/lib/python3.12/site-packages/django/core/management/commands/loaddata.py", line 103, in handle
    self.loaddata(fixture_labels)
  File "/home/pwayper/.local/share/virtualenvs/advisor-backend-A3tAKjzl/lib/python3.12/site-packages/django/core/management/commands/loaddata.py", line 164, in loaddata
    self.load_label(fixture_label)
  File "/home/pwayper/.local/share/virtualenvs/advisor-backend-A3tAKjzl/lib/python3.12/site-packages/django/core/management/commands/loaddata.py", line 252, in load_label
    for obj in objects:
               ^^^^^^^
  File "/home/pwayper/.local/share/virtualenvs/advisor-backend-A3tAKjzl/lib/python3.12/site-packages/django/core/serializers/python.py", line 123, in __iter__
    yield from self._handle_object(obj)
  File "/home/pwayper/.local/share/virtualenvs/advisor-backend-A3tAKjzl/lib/python3.12/site-packages/django/core/serializers/json.py", line 82, in _handle_object
    raise DeserializationError(f"Error deserializing object: {exc}") from exc
django.core.serializers.base.DeserializationError: Problem installing fixture '/home/pwayper/Code/insights/advisor-backend/api/advisor/api/fixtures/basic_test_data.json': Error deserializing object: InventoryHost has no field named 'stale_warning_timestamp'
]]></error>
	</testcase>
	<testcase classname="" name="setUpClass (api.tests.test_delete_stale_api_hosts_command.ImportContentTestCase)" time="0.000" timestamp="0001-01-01T00:00:00" file="advisor/api/tests/test_autosubexclusion_views.py" line="66">
		<error type="DeserializationError" message="Problem installing fixture '/home/pwayper/Code/insights/advisor-backend/api/advisor/api/fixtures/basic_test_data.json': Error deserializing object: InventoryHost has no field named 'stale_warning_timestamp'"><![CDATA[Traceback (most recent call last):
  File "/home/pwayper/.local/share/virtualenvs/advisor-backend-A3tAKjzl/lib/python3.12/site-packages/django/db/models/options.py", line 683, in get_field
    return self.fields_map[field_name]
           ~~~~~~~~~~~~~~~^^^^^^^^^^^^
KeyError: 'stale_warning_timestamp'

During handling of the above exception, another exception occurred:

Traceback (most recent call last):
  File "/home/pwayper/.local/share/virtualenvs/advisor-backend-A3tAKjzl/lib/python3.12/site-packages/django/core/serializers/json.py", line 78, in _handle_object
    yield from super()._handle_object(obj)
  File "/home/pwayper/.local/share/virtualenvs/advisor-backend-A3tAKjzl/lib/python3.12/site-packages/django/core/serializers/python.py", line 160, in _handle_object
    field = Model._meta.get_field(field_name)
            ^^^^^^^^^^^^^^^^^^^^^^^^^^^^^^^^^
  File "/home/pwayper/.local/share/virtualenvs/advisor-backend-A3tAKjzl/lib/python3.12/site-packages/django/db/models/options.py", line 685, in get_field
    raise FieldDoesNotExist(
django.core.exceptions.FieldDoesNotExist: InventoryHost has no field named 'stale_warning_timestamp'

The above exception was the direct cause of the following exception:

Traceback (most recent call last):
  File "/home/pwayper/.local/share/virtualenvs/advisor-backend-A3tAKjzl/lib/python3.12/site-packages/django/core/management/__init__.py", line 194, in call_command
    return command.execute(*args, **defaults)
           ^^^^^^^^^^^^^^^^^^^^^^^^^^^^^^^^^^
  File "/home/pwayper/.local/share/virtualenvs/advisor-backend-A3tAKjzl/lib/python3.12/site-packages/django/core/management/base.py", line 464, in execute
    output = self.handle(*args, **options)
             ^^^^^^^^^^^^^^^^^^^^^^^^^^^^^
  File "/home/pwayper/.local/share/virtualenvs/advisor-backend-A3tAKjzl/lib/python3.12/site-packages/django/core/management/commands/loaddata.py", line 103, in handle
    self.loaddata(fixture_labels)
  File "/home/pwayper/.local/share/virtualenvs/advisor-backend-A3tAKjzl/lib/python3.12/site-packages/django/core/management/commands/loaddata.py", line 164, in loaddata
    self.load_label(fixture_label)
  File "/home/pwayper/.local/share/virtualenvs/advisor-backend-A3tAKjzl/lib/python3.12/site-packages/django/core/management/commands/loaddata.py", line 252, in load_label
    for obj in objects:
               ^^^^^^^
  File "/home/pwayper/.local/share/virtualenvs/advisor-backend-A3tAKjzl/lib/python3.12/site-packages/django/core/serializers/python.py", line 123, in __iter__
    yield from self._handle_object(obj)
  File "/home/pwayper/.local/share/virtualenvs/advisor-backend-A3tAKjzl/lib/python3.12/site-packages/django/core/serializers/json.py", line 82, in _handle_object
    raise DeserializationError(f"Error deserializing object: {exc}") from exc
django.core.serializers.base.DeserializationError: Problem installing fixture '/home/pwayper/Code/insights/advisor-backend/api/advisor/api/fixtures/basic_test_data.json': Error deserializing object: InventoryHost has no field named 'stale_warning_timestamp'
]]></error>
	</testcase>
	<testcase classname="" name="setUpClass (api.tests.test_disabled_rules_views.DisabledRulesViewTestCase)" time="0.000" timestamp="0001-01-01T00:00:00" file="advisor/api/tests/test_autosubexclusion_views.py" line="66">
		<error type="DeserializationError" message="Problem installing fixture '/home/pwayper/Code/insights/advisor-backend/api/advisor/api/fixtures/basic_test_data.json': Error deserializing object: InventoryHost has no field named 'stale_warning_timestamp'"><![CDATA[Traceback (most recent call last):
  File "/home/pwayper/.local/share/virtualenvs/advisor-backend-A3tAKjzl/lib/python3.12/site-packages/django/db/models/options.py", line 683, in get_field
    return self.fields_map[field_name]
           ~~~~~~~~~~~~~~~^^^^^^^^^^^^
KeyError: 'stale_warning_timestamp'

During handling of the above exception, another exception occurred:

Traceback (most recent call last):
  File "/home/pwayper/.local/share/virtualenvs/advisor-backend-A3tAKjzl/lib/python3.12/site-packages/django/core/serializers/json.py", line 78, in _handle_object
    yield from super()._handle_object(obj)
  File "/home/pwayper/.local/share/virtualenvs/advisor-backend-A3tAKjzl/lib/python3.12/site-packages/django/core/serializers/python.py", line 160, in _handle_object
    field = Model._meta.get_field(field_name)
            ^^^^^^^^^^^^^^^^^^^^^^^^^^^^^^^^^
  File "/home/pwayper/.local/share/virtualenvs/advisor-backend-A3tAKjzl/lib/python3.12/site-packages/django/db/models/options.py", line 685, in get_field
    raise FieldDoesNotExist(
django.core.exceptions.FieldDoesNotExist: InventoryHost has no field named 'stale_warning_timestamp'

The above exception was the direct cause of the following exception:

Traceback (most recent call last):
  File "/home/pwayper/Code/insights/advisor-backend/api/advisor/api/tests/test_disabled_rules_views.py", line 34, in setUpClass
    super().setUpClass()
  File "/home/pwayper/.local/share/virtualenvs/advisor-backend-A3tAKjzl/lib/python3.12/site-packages/django/test/testcases.py", line 1419, in setUpClass
    call_command(
  File "/home/pwayper/.local/share/virtualenvs/advisor-backend-A3tAKjzl/lib/python3.12/site-packages/django/core/management/__init__.py", line 194, in call_command
    return command.execute(*args, **defaults)
           ^^^^^^^^^^^^^^^^^^^^^^^^^^^^^^^^^^
  File "/home/pwayper/.local/share/virtualenvs/advisor-backend-A3tAKjzl/lib/python3.12/site-packages/django/core/management/base.py", line 464, in execute
    output = self.handle(*args, **options)
             ^^^^^^^^^^^^^^^^^^^^^^^^^^^^^
  File "/home/pwayper/.local/share/virtualenvs/advisor-backend-A3tAKjzl/lib/python3.12/site-packages/django/core/management/commands/loaddata.py", line 103, in handle
    self.loaddata(fixture_labels)
  File "/home/pwayper/.local/share/virtualenvs/advisor-backend-A3tAKjzl/lib/python3.12/site-packages/django/core/management/commands/loaddata.py", line 164, in loaddata
    self.load_label(fixture_label)
  File "/home/pwayper/.local/share/virtualenvs/advisor-backend-A3tAKjzl/lib/python3.12/site-packages/django/core/management/commands/loaddata.py", line 252, in load_label
    for obj in objects:
               ^^^^^^^
  File "/home/pwayper/.local/share/virtualenvs/advisor-backend-A3tAKjzl/lib/python3.12/site-packages/django/core/serializers/python.py", line 123, in __iter__
    yield from self._handle_object(obj)
  File "/home/pwayper/.local/share/virtualenvs/advisor-backend-A3tAKjzl/lib/python3.12/site-packages/django/core/serializers/json.py", line 82, in _handle_object
    raise DeserializationError(f"Error deserializing object: {exc}") from exc
django.core.serializers.base.DeserializationError: Problem installing fixture '/home/pwayper/Code/insights/advisor-backend/api/advisor/api/fixtures/basic_test_data.json': Error deserializing object: InventoryHost has no field named 'stale_warning_timestamp'
]]></error>
	</testcase>
	<testcase classname="" name="setUpClass (api.tests.test_export_views.ExportViewHostTagsTestCase)" time="0.000" timestamp="0001-01-01T00:00:00" file="advisor/api/tests/test_autosubexclusion_views.py" line="66">
		<error type="DeserializationError" message="Problem installing fixture '/home/pwayper/Code/insights/advisor-backend/api/advisor/api/fixtures/basic_test_data.json': Error deserializing object: InventoryHost has no field named 'stale_warning_timestamp'"><![CDATA[Traceback (most recent call last):
  File "/home/pwayper/.local/share/virtualenvs/advisor-backend-A3tAKjzl/lib/python3.12/site-packages/django/db/models/options.py", line 683, in get_field
    return self.fields_map[field_name]
           ~~~~~~~~~~~~~~~^^^^^^^^^^^^
KeyError: 'stale_warning_timestamp'

During handling of the above exception, another exception occurred:

Traceback (most recent call last):
  File "/home/pwayper/.local/share/virtualenvs/advisor-backend-A3tAKjzl/lib/python3.12/site-packages/django/core/serializers/json.py", line 78, in _handle_object
    yield from super()._handle_object(obj)
  File "/home/pwayper/.local/share/virtualenvs/advisor-backend-A3tAKjzl/lib/python3.12/site-packages/django/core/serializers/python.py", line 160, in _handle_object
    field = Model._meta.get_field(field_name)
            ^^^^^^^^^^^^^^^^^^^^^^^^^^^^^^^^^
  File "/home/pwayper/.local/share/virtualenvs/advisor-backend-A3tAKjzl/lib/python3.12/site-packages/django/db/models/options.py", line 685, in get_field
    raise FieldDoesNotExist(
django.core.exceptions.FieldDoesNotExist: InventoryHost has no field named 'stale_warning_timestamp'

The above exception was the direct cause of the following exception:

Traceback (most recent call last):
  File "/home/pwayper/Code/insights/advisor-backend/api/advisor/api/tests/test_export_views.py", line 1078, in setUpClass
    super().setUpClass()
  File "/home/pwayper/.local/share/virtualenvs/advisor-backend-A3tAKjzl/lib/python3.12/site-packages/django/test/testcases.py", line 1419, in setUpClass
    call_command(
  File "/home/pwayper/.local/share/virtualenvs/advisor-backend-A3tAKjzl/lib/python3.12/site-packages/django/core/management/__init__.py", line 194, in call_command
    return command.execute(*args, **defaults)
           ^^^^^^^^^^^^^^^^^^^^^^^^^^^^^^^^^^
  File "/home/pwayper/.local/share/virtualenvs/advisor-backend-A3tAKjzl/lib/python3.12/site-packages/django/core/management/base.py", line 464, in execute
    output = self.handle(*args, **options)
             ^^^^^^^^^^^^^^^^^^^^^^^^^^^^^
  File "/home/pwayper/.local/share/virtualenvs/advisor-backend-A3tAKjzl/lib/python3.12/site-packages/django/core/management/commands/loaddata.py", line 103, in handle
    self.loaddata(fixture_labels)
  File "/home/pwayper/.local/share/virtualenvs/advisor-backend-A3tAKjzl/lib/python3.12/site-packages/django/core/management/commands/loaddata.py", line 164, in loaddata
    self.load_label(fixture_label)
  File "/home/pwayper/.local/share/virtualenvs/advisor-backend-A3tAKjzl/lib/python3.12/site-packages/django/core/management/commands/loaddata.py", line 252, in load_label
    for obj in objects:
               ^^^^^^^
  File "/home/pwayper/.local/share/virtualenvs/advisor-backend-A3tAKjzl/lib/python3.12/site-packages/django/core/serializers/python.py", line 123, in __iter__
    yield from self._handle_object(obj)
  File "/home/pwayper/.local/share/virtualenvs/advisor-backend-A3tAKjzl/lib/python3.12/site-packages/django/core/serializers/json.py", line 82, in _handle_object
    raise DeserializationError(f"Error deserializing object: {exc}") from exc
django.core.serializers.base.DeserializationError: Problem installing fixture '/home/pwayper/Code/insights/advisor-backend/api/advisor/api/fixtures/basic_test_data.json': Error deserializing object: InventoryHost has no field named 'stale_warning_timestamp'
]]></error>
	</testcase>
	<testcase classname="" name="setUpClass (api.tests.test_export_views.ExportViewTestCase)" time="0.000" timestamp="0001-01-01T00:00:00" file="advisor/api/tests/test_autosubexclusion_views.py" line="66">
		<error type="DeserializationError" message="Problem installing fixture '/home/pwayper/Code/insights/advisor-backend/api/advisor/api/fixtures/basic_test_data.json': Error deserializing object: InventoryHost has no field named 'stale_warning_timestamp'"><![CDATA[Traceback (most recent call last):
  File "/home/pwayper/.local/share/virtualenvs/advisor-backend-A3tAKjzl/lib/python3.12/site-packages/django/db/models/options.py", line 683, in get_field
    return self.fields_map[field_name]
           ~~~~~~~~~~~~~~~^^^^^^^^^^^^
KeyError: 'stale_warning_timestamp'

During handling of the above exception, another exception occurred:

Traceback (most recent call last):
  File "/home/pwayper/.local/share/virtualenvs/advisor-backend-A3tAKjzl/lib/python3.12/site-packages/django/core/serializers/json.py", line 78, in _handle_object
    yield from super()._handle_object(obj)
  File "/home/pwayper/.local/share/virtualenvs/advisor-backend-A3tAKjzl/lib/python3.12/site-packages/django/core/serializers/python.py", line 160, in _handle_object
    field = Model._meta.get_field(field_name)
            ^^^^^^^^^^^^^^^^^^^^^^^^^^^^^^^^^
  File "/home/pwayper/.local/share/virtualenvs/advisor-backend-A3tAKjzl/lib/python3.12/site-packages/django/db/models/options.py", line 685, in get_field
    raise FieldDoesNotExist(
django.core.exceptions.FieldDoesNotExist: InventoryHost has no field named 'stale_warning_timestamp'

The above exception was the direct cause of the following exception:

Traceback (most recent call last):
  File "/home/pwayper/Code/insights/advisor-backend/api/advisor/api/tests/test_export_views.py", line 49, in setUpClass
    super().setUpClass()
  File "/home/pwayper/.local/share/virtualenvs/advisor-backend-A3tAKjzl/lib/python3.12/site-packages/django/test/testcases.py", line 1419, in setUpClass
    call_command(
  File "/home/pwayper/.local/share/virtualenvs/advisor-backend-A3tAKjzl/lib/python3.12/site-packages/django/core/management/__init__.py", line 194, in call_command
    return command.execute(*args, **defaults)
           ^^^^^^^^^^^^^^^^^^^^^^^^^^^^^^^^^^
  File "/home/pwayper/.local/share/virtualenvs/advisor-backend-A3tAKjzl/lib/python3.12/site-packages/django/core/management/base.py", line 464, in execute
    output = self.handle(*args, **options)
             ^^^^^^^^^^^^^^^^^^^^^^^^^^^^^
  File "/home/pwayper/.local/share/virtualenvs/advisor-backend-A3tAKjzl/lib/python3.12/site-packages/django/core/management/commands/loaddata.py", line 103, in handle
    self.loaddata(fixture_labels)
  File "/home/pwayper/.local/share/virtualenvs/advisor-backend-A3tAKjzl/lib/python3.12/site-packages/django/core/management/commands/loaddata.py", line 164, in loaddata
    self.load_label(fixture_label)
  File "/home/pwayper/.local/share/virtualenvs/advisor-backend-A3tAKjzl/lib/python3.12/site-packages/django/core/management/commands/loaddata.py", line 252, in load_label
    for obj in objects:
               ^^^^^^^
  File "/home/pwayper/.local/share/virtualenvs/advisor-backend-A3tAKjzl/lib/python3.12/site-packages/django/core/serializers/python.py", line 123, in __iter__
    yield from self._handle_object(obj)
  File "/home/pwayper/.local/share/virtualenvs/advisor-backend-A3tAKjzl/lib/python3.12/site-packages/django/core/serializers/json.py", line 82, in _handle_object
    raise DeserializationError(f"Error deserializing object: {exc}") from exc
django.core.serializers.base.DeserializationError: Problem installing fixture '/home/pwayper/Code/insights/advisor-backend/api/advisor/api/fixtures/basic_test_data.json': Error deserializing object: InventoryHost has no field named 'stale_warning_timestamp'
]]></error>
	</testcase>
	<testcase classname="" name="setUpClass (api.tests.test_floorist.FlooristQueryTest)" time="0.000" timestamp="0001-01-01T00:00:00" file="advisor/api/tests/test_autosubexclusion_views.py" line="66">
		<error type="DeserializationError" message="Problem installing fixture '/home/pwayper/Code/insights/advisor-backend/api/advisor/api/fixtures/basic_test_data.json': Error deserializing object: InventoryHost has no field named 'stale_warning_timestamp'"><![CDATA[Traceback (most recent call last):
  File "/home/pwayper/.local/share/virtualenvs/advisor-backend-A3tAKjzl/lib/python3.12/site-packages/django/db/models/options.py", line 683, in get_field
    return self.fields_map[field_name]
           ~~~~~~~~~~~~~~~^^^^^^^^^^^^
KeyError: 'stale_warning_timestamp'

During handling of the above exception, another exception occurred:

Traceback (most recent call last):
  File "/home/pwayper/.local/share/virtualenvs/advisor-backend-A3tAKjzl/lib/python3.12/site-packages/django/core/serializers/json.py", line 78, in _handle_object
    yield from super()._handle_object(obj)
  File "/home/pwayper/.local/share/virtualenvs/advisor-backend-A3tAKjzl/lib/python3.12/site-packages/django/core/serializers/python.py", line 160, in _handle_object
    field = Model._meta.get_field(field_name)
            ^^^^^^^^^^^^^^^^^^^^^^^^^^^^^^^^^
  File "/home/pwayper/.local/share/virtualenvs/advisor-backend-A3tAKjzl/lib/python3.12/site-packages/django/db/models/options.py", line 685, in get_field
    raise FieldDoesNotExist(
django.core.exceptions.FieldDoesNotExist: InventoryHost has no field named 'stale_warning_timestamp'

The above exception was the direct cause of the following exception:

Traceback (most recent call last):
  File "/home/pwayper/.local/share/virtualenvs/advisor-backend-A3tAKjzl/lib/python3.12/site-packages/django/core/management/__init__.py", line 194, in call_command
    return command.execute(*args, **defaults)
           ^^^^^^^^^^^^^^^^^^^^^^^^^^^^^^^^^^
  File "/home/pwayper/.local/share/virtualenvs/advisor-backend-A3tAKjzl/lib/python3.12/site-packages/django/core/management/base.py", line 464, in execute
    output = self.handle(*args, **options)
             ^^^^^^^^^^^^^^^^^^^^^^^^^^^^^
  File "/home/pwayper/.local/share/virtualenvs/advisor-backend-A3tAKjzl/lib/python3.12/site-packages/django/core/management/commands/loaddata.py", line 103, in handle
    self.loaddata(fixture_labels)
  File "/home/pwayper/.local/share/virtualenvs/advisor-backend-A3tAKjzl/lib/python3.12/site-packages/django/core/management/commands/loaddata.py", line 164, in loaddata
    self.load_label(fixture_label)
  File "/home/pwayper/.local/share/virtualenvs/advisor-backend-A3tAKjzl/lib/python3.12/site-packages/django/core/management/commands/loaddata.py", line 252, in load_label
    for obj in objects:
               ^^^^^^^
  File "/home/pwayper/.local/share/virtualenvs/advisor-backend-A3tAKjzl/lib/python3.12/site-packages/django/core/serializers/python.py", line 123, in __iter__
    yield from self._handle_object(obj)
  File "/home/pwayper/.local/share/virtualenvs/advisor-backend-A3tAKjzl/lib/python3.12/site-packages/django/core/serializers/json.py", line 82, in _handle_object
    raise DeserializationError(f"Error deserializing object: {exc}") from exc
django.core.serializers.base.DeserializationError: Problem installing fixture '/home/pwayper/Code/insights/advisor-backend/api/advisor/api/fixtures/basic_test_data.json': Error deserializing object: InventoryHost has no field named 'stale_warning_timestamp'
]]></error>
	</testcase>
	<testcase classname="" name="setUpClass (api.tests.test_host_groups.HostGroupsTestCase)" time="0.000" timestamp="0001-01-01T00:00:00" file="advisor/api/tests/test_autosubexclusion_views.py" line="66">
		<error type="DeserializationError" message="Problem installing fixture '/home/pwayper/Code/insights/advisor-backend/api/advisor/api/fixtures/basic_test_data.json': Error deserializing object: InventoryHost has no field named 'stale_warning_timestamp'"><![CDATA[Traceback (most recent call last):
  File "/home/pwayper/.local/share/virtualenvs/advisor-backend-A3tAKjzl/lib/python3.12/site-packages/django/db/models/options.py", line 683, in get_field
    return self.fields_map[field_name]
           ~~~~~~~~~~~~~~~^^^^^^^^^^^^
KeyError: 'stale_warning_timestamp'

During handling of the above exception, another exception occurred:

Traceback (most recent call last):
  File "/home/pwayper/.local/share/virtualenvs/advisor-backend-A3tAKjzl/lib/python3.12/site-packages/django/core/serializers/json.py", line 78, in _handle_object
    yield from super()._handle_object(obj)
  File "/home/pwayper/.local/share/virtualenvs/advisor-backend-A3tAKjzl/lib/python3.12/site-packages/django/core/serializers/python.py", line 160, in _handle_object
    field = Model._meta.get_field(field_name)
            ^^^^^^^^^^^^^^^^^^^^^^^^^^^^^^^^^
  File "/home/pwayper/.local/share/virtualenvs/advisor-backend-A3tAKjzl/lib/python3.12/site-packages/django/db/models/options.py", line 685, in get_field
    raise FieldDoesNotExist(
django.core.exceptions.FieldDoesNotExist: InventoryHost has no field named 'stale_warning_timestamp'

The above exception was the direct cause of the following exception:

Traceback (most recent call last):
  File "/home/pwayper/Code/insights/advisor-backend/api/advisor/api/tests/test_host_groups.py", line 57, in setUpClass
    super().setUpClass()
  File "/home/pwayper/.local/share/virtualenvs/advisor-backend-A3tAKjzl/lib/python3.12/site-packages/django/test/testcases.py", line 1419, in setUpClass
    call_command(
  File "/home/pwayper/.local/share/virtualenvs/advisor-backend-A3tAKjzl/lib/python3.12/site-packages/django/core/management/__init__.py", line 194, in call_command
    return command.execute(*args, **defaults)
           ^^^^^^^^^^^^^^^^^^^^^^^^^^^^^^^^^^
  File "/home/pwayper/.local/share/virtualenvs/advisor-backend-A3tAKjzl/lib/python3.12/site-packages/django/core/management/base.py", line 464, in execute
    output = self.handle(*args, **options)
             ^^^^^^^^^^^^^^^^^^^^^^^^^^^^^
  File "/home/pwayper/.local/share/virtualenvs/advisor-backend-A3tAKjzl/lib/python3.12/site-packages/django/core/management/commands/loaddata.py", line 103, in handle
    self.loaddata(fixture_labels)
  File "/home/pwayper/.local/share/virtualenvs/advisor-backend-A3tAKjzl/lib/python3.12/site-packages/django/core/management/commands/loaddata.py", line 164, in loaddata
    self.load_label(fixture_label)
  File "/home/pwayper/.local/share/virtualenvs/advisor-backend-A3tAKjzl/lib/python3.12/site-packages/django/core/management/commands/loaddata.py", line 252, in load_label
    for obj in objects:
               ^^^^^^^
  File "/home/pwayper/.local/share/virtualenvs/advisor-backend-A3tAKjzl/lib/python3.12/site-packages/django/core/serializers/python.py", line 123, in __iter__
    yield from self._handle_object(obj)
  File "/home/pwayper/.local/share/virtualenvs/advisor-backend-A3tAKjzl/lib/python3.12/site-packages/django/core/serializers/json.py", line 82, in _handle_object
    raise DeserializationError(f"Error deserializing object: {exc}") from exc
django.core.serializers.base.DeserializationError: Problem installing fixture '/home/pwayper/Code/insights/advisor-backend/api/advisor/api/fixtures/basic_test_data.json': Error deserializing object: InventoryHost has no field named 'stale_warning_timestamp'
]]></error>
	</testcase>
	<testcase classname="" name="setUpClass (api.tests.test_host_models.HostModelTestCase)" time="0.000" timestamp="0001-01-01T00:00:00" file="advisor/api/tests/test_autosubexclusion_views.py" line="66">
		<error type="DeserializationError" message="Problem installing fixture '/home/pwayper/Code/insights/advisor-backend/api/advisor/api/fixtures/basic_test_data.json': Error deserializing object: InventoryHost has no field named 'stale_warning_timestamp'"><![CDATA[Traceback (most recent call last):
  File "/home/pwayper/.local/share/virtualenvs/advisor-backend-A3tAKjzl/lib/python3.12/site-packages/django/db/models/options.py", line 683, in get_field
    return self.fields_map[field_name]
           ~~~~~~~~~~~~~~~^^^^^^^^^^^^
KeyError: 'stale_warning_timestamp'

During handling of the above exception, another exception occurred:

Traceback (most recent call last):
  File "/home/pwayper/.local/share/virtualenvs/advisor-backend-A3tAKjzl/lib/python3.12/site-packages/django/core/serializers/json.py", line 78, in _handle_object
    yield from super()._handle_object(obj)
  File "/home/pwayper/.local/share/virtualenvs/advisor-backend-A3tAKjzl/lib/python3.12/site-packages/django/core/serializers/python.py", line 160, in _handle_object
    field = Model._meta.get_field(field_name)
            ^^^^^^^^^^^^^^^^^^^^^^^^^^^^^^^^^
  File "/home/pwayper/.local/share/virtualenvs/advisor-backend-A3tAKjzl/lib/python3.12/site-packages/django/db/models/options.py", line 685, in get_field
    raise FieldDoesNotExist(
django.core.exceptions.FieldDoesNotExist: InventoryHost has no field named 'stale_warning_timestamp'

The above exception was the direct cause of the following exception:

Traceback (most recent call last):
  File "/home/pwayper/.local/share/virtualenvs/advisor-backend-A3tAKjzl/lib/python3.12/site-packages/django/core/management/__init__.py", line 194, in call_command
    return command.execute(*args, **defaults)
           ^^^^^^^^^^^^^^^^^^^^^^^^^^^^^^^^^^
  File "/home/pwayper/.local/share/virtualenvs/advisor-backend-A3tAKjzl/lib/python3.12/site-packages/django/core/management/base.py", line 464, in execute
    output = self.handle(*args, **options)
             ^^^^^^^^^^^^^^^^^^^^^^^^^^^^^
  File "/home/pwayper/.local/share/virtualenvs/advisor-backend-A3tAKjzl/lib/python3.12/site-packages/django/core/management/commands/loaddata.py", line 103, in handle
    self.loaddata(fixture_labels)
  File "/home/pwayper/.local/share/virtualenvs/advisor-backend-A3tAKjzl/lib/python3.12/site-packages/django/core/management/commands/loaddata.py", line 164, in loaddata
    self.load_label(fixture_label)
  File "/home/pwayper/.local/share/virtualenvs/advisor-backend-A3tAKjzl/lib/python3.12/site-packages/django/core/management/commands/loaddata.py", line 252, in load_label
    for obj in objects:
               ^^^^^^^
  File "/home/pwayper/.local/share/virtualenvs/advisor-backend-A3tAKjzl/lib/python3.12/site-packages/django/core/serializers/python.py", line 123, in __iter__
    yield from self._handle_object(obj)
  File "/home/pwayper/.local/share/virtualenvs/advisor-backend-A3tAKjzl/lib/python3.12/site-packages/django/core/serializers/json.py", line 82, in _handle_object
    raise DeserializationError(f"Error deserializing object: {exc}") from exc
django.core.serializers.base.DeserializationError: Problem installing fixture '/home/pwayper/Code/insights/advisor-backend/api/advisor/api/fixtures/basic_test_data.json': Error deserializing object: InventoryHost has no field named 'stale_warning_timestamp'
]]></error>
	</testcase>
	<testcase classname="" name="setUpClass (api.tests.test_hostack_models.HostAckModelTestCase)" time="0.000" timestamp="0001-01-01T00:00:00" file="advisor/api/tests/test_autosubexclusion_views.py" line="66">
		<error type="DeserializationError" message="Problem installing fixture '/home/pwayper/Code/insights/advisor-backend/api/advisor/api/fixtures/basic_test_data.json': Error deserializing object: InventoryHost has no field named 'stale_warning_timestamp'"><![CDATA[Traceback (most recent call last):
  File "/home/pwayper/.local/share/virtualenvs/advisor-backend-A3tAKjzl/lib/python3.12/site-packages/django/db/models/options.py", line 683, in get_field
    return self.fields_map[field_name]
           ~~~~~~~~~~~~~~~^^^^^^^^^^^^
KeyError: 'stale_warning_timestamp'

During handling of the above exception, another exception occurred:

Traceback (most recent call last):
  File "/home/pwayper/.local/share/virtualenvs/advisor-backend-A3tAKjzl/lib/python3.12/site-packages/django/core/serializers/json.py", line 78, in _handle_object
    yield from super()._handle_object(obj)
  File "/home/pwayper/.local/share/virtualenvs/advisor-backend-A3tAKjzl/lib/python3.12/site-packages/django/core/serializers/python.py", line 160, in _handle_object
    field = Model._meta.get_field(field_name)
            ^^^^^^^^^^^^^^^^^^^^^^^^^^^^^^^^^
  File "/home/pwayper/.local/share/virtualenvs/advisor-backend-A3tAKjzl/lib/python3.12/site-packages/django/db/models/options.py", line 685, in get_field
    raise FieldDoesNotExist(
django.core.exceptions.FieldDoesNotExist: InventoryHost has no field named 'stale_warning_timestamp'

The above exception was the direct cause of the following exception:

Traceback (most recent call last):
  File "/home/pwayper/.local/share/virtualenvs/advisor-backend-A3tAKjzl/lib/python3.12/site-packages/django/core/management/__init__.py", line 194, in call_command
    return command.execute(*args, **defaults)
           ^^^^^^^^^^^^^^^^^^^^^^^^^^^^^^^^^^
  File "/home/pwayper/.local/share/virtualenvs/advisor-backend-A3tAKjzl/lib/python3.12/site-packages/django/core/management/base.py", line 464, in execute
    output = self.handle(*args, **options)
             ^^^^^^^^^^^^^^^^^^^^^^^^^^^^^
  File "/home/pwayper/.local/share/virtualenvs/advisor-backend-A3tAKjzl/lib/python3.12/site-packages/django/core/management/commands/loaddata.py", line 103, in handle
    self.loaddata(fixture_labels)
  File "/home/pwayper/.local/share/virtualenvs/advisor-backend-A3tAKjzl/lib/python3.12/site-packages/django/core/management/commands/loaddata.py", line 164, in loaddata
    self.load_label(fixture_label)
  File "/home/pwayper/.local/share/virtualenvs/advisor-backend-A3tAKjzl/lib/python3.12/site-packages/django/core/management/commands/loaddata.py", line 252, in load_label
    for obj in objects:
               ^^^^^^^
  File "/home/pwayper/.local/share/virtualenvs/advisor-backend-A3tAKjzl/lib/python3.12/site-packages/django/core/serializers/python.py", line 123, in __iter__
    yield from self._handle_object(obj)
  File "/home/pwayper/.local/share/virtualenvs/advisor-backend-A3tAKjzl/lib/python3.12/site-packages/django/core/serializers/json.py", line 82, in _handle_object
    raise DeserializationError(f"Error deserializing object: {exc}") from exc
django.core.serializers.base.DeserializationError: Problem installing fixture '/home/pwayper/Code/insights/advisor-backend/api/advisor/api/fixtures/basic_test_data.json': Error deserializing object: InventoryHost has no field named 'stale_warning_timestamp'
]]></error>
	</testcase>
	<testcase classname="" name="setUpClass (api.tests.test_hostack_views.HostAckViewHostTagsTestCase)" time="0.000" timestamp="0001-01-01T00:00:00" file="advisor/api/tests/test_autosubexclusion_views.py" line="66">
		<error type="DeserializationError" message="Problem installing fixture '/home/pwayper/Code/insights/advisor-backend/api/advisor/api/fixtures/basic_test_data.json': Error deserializing object: InventoryHost has no field named 'stale_warning_timestamp'"><![CDATA[Traceback (most recent call last):
  File "/home/pwayper/.local/share/virtualenvs/advisor-backend-A3tAKjzl/lib/python3.12/site-packages/django/db/models/options.py", line 683, in get_field
    return self.fields_map[field_name]
           ~~~~~~~~~~~~~~~^^^^^^^^^^^^
KeyError: 'stale_warning_timestamp'

During handling of the above exception, another exception occurred:

Traceback (most recent call last):
  File "/home/pwayper/.local/share/virtualenvs/advisor-backend-A3tAKjzl/lib/python3.12/site-packages/django/core/serializers/json.py", line 78, in _handle_object
    yield from super()._handle_object(obj)
  File "/home/pwayper/.local/share/virtualenvs/advisor-backend-A3tAKjzl/lib/python3.12/site-packages/django/core/serializers/python.py", line 160, in _handle_object
    field = Model._meta.get_field(field_name)
            ^^^^^^^^^^^^^^^^^^^^^^^^^^^^^^^^^
  File "/home/pwayper/.local/share/virtualenvs/advisor-backend-A3tAKjzl/lib/python3.12/site-packages/django/db/models/options.py", line 685, in get_field
    raise FieldDoesNotExist(
django.core.exceptions.FieldDoesNotExist: InventoryHost has no field named 'stale_warning_timestamp'

The above exception was the direct cause of the following exception:

Traceback (most recent call last):
  File "/home/pwayper/Code/insights/advisor-backend/api/advisor/api/tests/test_hostack_views.py", line 427, in setUpClass
    super().setUpClass()
  File "/home/pwayper/.local/share/virtualenvs/advisor-backend-A3tAKjzl/lib/python3.12/site-packages/django/test/testcases.py", line 1419, in setUpClass
    call_command(
  File "/home/pwayper/.local/share/virtualenvs/advisor-backend-A3tAKjzl/lib/python3.12/site-packages/django/core/management/__init__.py", line 194, in call_command
    return command.execute(*args, **defaults)
           ^^^^^^^^^^^^^^^^^^^^^^^^^^^^^^^^^^
  File "/home/pwayper/.local/share/virtualenvs/advisor-backend-A3tAKjzl/lib/python3.12/site-packages/django/core/management/base.py", line 464, in execute
    output = self.handle(*args, **options)
             ^^^^^^^^^^^^^^^^^^^^^^^^^^^^^
  File "/home/pwayper/.local/share/virtualenvs/advisor-backend-A3tAKjzl/lib/python3.12/site-packages/django/core/management/commands/loaddata.py", line 103, in handle
    self.loaddata(fixture_labels)
  File "/home/pwayper/.local/share/virtualenvs/advisor-backend-A3tAKjzl/lib/python3.12/site-packages/django/core/management/commands/loaddata.py", line 164, in loaddata
    self.load_label(fixture_label)
  File "/home/pwayper/.local/share/virtualenvs/advisor-backend-A3tAKjzl/lib/python3.12/site-packages/django/core/management/commands/loaddata.py", line 252, in load_label
    for obj in objects:
               ^^^^^^^
  File "/home/pwayper/.local/share/virtualenvs/advisor-backend-A3tAKjzl/lib/python3.12/site-packages/django/core/serializers/python.py", line 123, in __iter__
    yield from self._handle_object(obj)
  File "/home/pwayper/.local/share/virtualenvs/advisor-backend-A3tAKjzl/lib/python3.12/site-packages/django/core/serializers/json.py", line 82, in _handle_object
    raise DeserializationError(f"Error deserializing object: {exc}") from exc
django.core.serializers.base.DeserializationError: Problem installing fixture '/home/pwayper/Code/insights/advisor-backend/api/advisor/api/fixtures/basic_test_data.json': Error deserializing object: InventoryHost has no field named 'stale_warning_timestamp'
]]></error>
	</testcase>
	<testcase classname="" name="setUpClass (api.tests.test_hostack_views.HostAckViewTestCase)" time="0.000" timestamp="0001-01-01T00:00:00" file="advisor/api/tests/test_autosubexclusion_views.py" line="66">
		<error type="DeserializationError" message="Problem installing fixture '/home/pwayper/Code/insights/advisor-backend/api/advisor/api/fixtures/basic_test_data.json': Error deserializing object: InventoryHost has no field named 'stale_warning_timestamp'"><![CDATA[Traceback (most recent call last):
  File "/home/pwayper/.local/share/virtualenvs/advisor-backend-A3tAKjzl/lib/python3.12/site-packages/django/db/models/options.py", line 683, in get_field
    return self.fields_map[field_name]
           ~~~~~~~~~~~~~~~^^^^^^^^^^^^
KeyError: 'stale_warning_timestamp'

During handling of the above exception, another exception occurred:

Traceback (most recent call last):
  File "/home/pwayper/.local/share/virtualenvs/advisor-backend-A3tAKjzl/lib/python3.12/site-packages/django/core/serializers/json.py", line 78, in _handle_object
    yield from super()._handle_object(obj)
  File "/home/pwayper/.local/share/virtualenvs/advisor-backend-A3tAKjzl/lib/python3.12/site-packages/django/core/serializers/python.py", line 160, in _handle_object
    field = Model._meta.get_field(field_name)
            ^^^^^^^^^^^^^^^^^^^^^^^^^^^^^^^^^
  File "/home/pwayper/.local/share/virtualenvs/advisor-backend-A3tAKjzl/lib/python3.12/site-packages/django/db/models/options.py", line 685, in get_field
    raise FieldDoesNotExist(
django.core.exceptions.FieldDoesNotExist: InventoryHost has no field named 'stale_warning_timestamp'

The above exception was the direct cause of the following exception:

Traceback (most recent call last):
  File "/home/pwayper/Code/insights/advisor-backend/api/advisor/api/tests/test_hostack_views.py", line 38, in setUpClass
    super().setUpClass()
  File "/home/pwayper/.local/share/virtualenvs/advisor-backend-A3tAKjzl/lib/python3.12/site-packages/django/test/testcases.py", line 1419, in setUpClass
    call_command(
  File "/home/pwayper/.local/share/virtualenvs/advisor-backend-A3tAKjzl/lib/python3.12/site-packages/django/core/management/__init__.py", line 194, in call_command
    return command.execute(*args, **defaults)
           ^^^^^^^^^^^^^^^^^^^^^^^^^^^^^^^^^^
  File "/home/pwayper/.local/share/virtualenvs/advisor-backend-A3tAKjzl/lib/python3.12/site-packages/django/core/management/base.py", line 464, in execute
    output = self.handle(*args, **options)
             ^^^^^^^^^^^^^^^^^^^^^^^^^^^^^
  File "/home/pwayper/.local/share/virtualenvs/advisor-backend-A3tAKjzl/lib/python3.12/site-packages/django/core/management/commands/loaddata.py", line 103, in handle
    self.loaddata(fixture_labels)
  File "/home/pwayper/.local/share/virtualenvs/advisor-backend-A3tAKjzl/lib/python3.12/site-packages/django/core/management/commands/loaddata.py", line 164, in loaddata
    self.load_label(fixture_label)
  File "/home/pwayper/.local/share/virtualenvs/advisor-backend-A3tAKjzl/lib/python3.12/site-packages/django/core/management/commands/loaddata.py", line 252, in load_label
    for obj in objects:
               ^^^^^^^
  File "/home/pwayper/.local/share/virtualenvs/advisor-backend-A3tAKjzl/lib/python3.12/site-packages/django/core/serializers/python.py", line 123, in __iter__
    yield from self._handle_object(obj)
  File "/home/pwayper/.local/share/virtualenvs/advisor-backend-A3tAKjzl/lib/python3.12/site-packages/django/core/serializers/json.py", line 82, in _handle_object
    raise DeserializationError(f"Error deserializing object: {exc}") from exc
django.core.serializers.base.DeserializationError: Problem installing fixture '/home/pwayper/Code/insights/advisor-backend/api/advisor/api/fixtures/basic_test_data.json': Error deserializing object: InventoryHost has no field named 'stale_warning_timestamp'
]]></error>
	</testcase>
	<testcase classname="" name="setUpClass (api.tests.test_import_content.ImportContentAutoAckTestCase)" time="0.000" timestamp="0001-01-01T00:00:00" file="advisor/api/tests/test_autosubexclusion_views.py" line="66">
		<error type="DeserializationError" message="Problem installing fixture '/home/pwayper/Code/insights/advisor-backend/api/advisor/api/fixtures/basic_test_data.json': Error deserializing object: InventoryHost has no field named 'stale_warning_timestamp'"><![CDATA[Traceback (most recent call last):
  File "/home/pwayper/.local/share/virtualenvs/advisor-backend-A3tAKjzl/lib/python3.12/site-packages/django/db/models/options.py", line 683, in get_field
    return self.fields_map[field_name]
           ~~~~~~~~~~~~~~~^^^^^^^^^^^^
KeyError: 'stale_warning_timestamp'

During handling of the above exception, another exception occurred:

Traceback (most recent call last):
  File "/home/pwayper/.local/share/virtualenvs/advisor-backend-A3tAKjzl/lib/python3.12/site-packages/django/core/serializers/json.py", line 78, in _handle_object
    yield from super()._handle_object(obj)
  File "/home/pwayper/.local/share/virtualenvs/advisor-backend-A3tAKjzl/lib/python3.12/site-packages/django/core/serializers/python.py", line 160, in _handle_object
    field = Model._meta.get_field(field_name)
            ^^^^^^^^^^^^^^^^^^^^^^^^^^^^^^^^^
  File "/home/pwayper/.local/share/virtualenvs/advisor-backend-A3tAKjzl/lib/python3.12/site-packages/django/db/models/options.py", line 685, in get_field
    raise FieldDoesNotExist(
django.core.exceptions.FieldDoesNotExist: InventoryHost has no field named 'stale_warning_timestamp'

The above exception was the direct cause of the following exception:

Traceback (most recent call last):
  File "/home/pwayper/.local/share/virtualenvs/advisor-backend-A3tAKjzl/lib/python3.12/site-packages/django/core/management/__init__.py", line 194, in call_command
    return command.execute(*args, **defaults)
           ^^^^^^^^^^^^^^^^^^^^^^^^^^^^^^^^^^
  File "/home/pwayper/.local/share/virtualenvs/advisor-backend-A3tAKjzl/lib/python3.12/site-packages/django/core/management/base.py", line 464, in execute
    output = self.handle(*args, **options)
             ^^^^^^^^^^^^^^^^^^^^^^^^^^^^^
  File "/home/pwayper/.local/share/virtualenvs/advisor-backend-A3tAKjzl/lib/python3.12/site-packages/django/core/management/commands/loaddata.py", line 103, in handle
    self.loaddata(fixture_labels)
  File "/home/pwayper/.local/share/virtualenvs/advisor-backend-A3tAKjzl/lib/python3.12/site-packages/django/core/management/commands/loaddata.py", line 164, in loaddata
    self.load_label(fixture_label)
  File "/home/pwayper/.local/share/virtualenvs/advisor-backend-A3tAKjzl/lib/python3.12/site-packages/django/core/management/commands/loaddata.py", line 252, in load_label
    for obj in objects:
               ^^^^^^^
  File "/home/pwayper/.local/share/virtualenvs/advisor-backend-A3tAKjzl/lib/python3.12/site-packages/django/core/serializers/python.py", line 123, in __iter__
    yield from self._handle_object(obj)
  File "/home/pwayper/.local/share/virtualenvs/advisor-backend-A3tAKjzl/lib/python3.12/site-packages/django/core/serializers/json.py", line 82, in _handle_object
    raise DeserializationError(f"Error deserializing object: {exc}") from exc
django.core.serializers.base.DeserializationError: Problem installing fixture '/home/pwayper/Code/insights/advisor-backend/api/advisor/api/fixtures/basic_test_data.json': Error deserializing object: InventoryHost has no field named 'stale_warning_timestamp'
]]></error>
	</testcase>
	<testcase classname="" name="setUpClass (api.tests.test_import_content.ImportContentNotifAction)" time="0.000" timestamp="0001-01-01T00:00:00" file="advisor/api/tests/test_autosubexclusion_views.py" line="66">
		<error type="DeserializationError" message="Problem installing fixture '/home/pwayper/Code/insights/advisor-backend/api/advisor/api/fixtures/basic_test_data.json': Error deserializing object: InventoryHost has no field named 'stale_warning_timestamp'"><![CDATA[Traceback (most recent call last):
  File "/home/pwayper/.local/share/virtualenvs/advisor-backend-A3tAKjzl/lib/python3.12/site-packages/django/db/models/options.py", line 683, in get_field
    return self.fields_map[field_name]
           ~~~~~~~~~~~~~~~^^^^^^^^^^^^
KeyError: 'stale_warning_timestamp'

During handling of the above exception, another exception occurred:

Traceback (most recent call last):
  File "/home/pwayper/.local/share/virtualenvs/advisor-backend-A3tAKjzl/lib/python3.12/site-packages/django/core/serializers/json.py", line 78, in _handle_object
    yield from super()._handle_object(obj)
  File "/home/pwayper/.local/share/virtualenvs/advisor-backend-A3tAKjzl/lib/python3.12/site-packages/django/core/serializers/python.py", line 160, in _handle_object
    field = Model._meta.get_field(field_name)
            ^^^^^^^^^^^^^^^^^^^^^^^^^^^^^^^^^
  File "/home/pwayper/.local/share/virtualenvs/advisor-backend-A3tAKjzl/lib/python3.12/site-packages/django/db/models/options.py", line 685, in get_field
    raise FieldDoesNotExist(
django.core.exceptions.FieldDoesNotExist: InventoryHost has no field named 'stale_warning_timestamp'

The above exception was the direct cause of the following exception:

Traceback (most recent call last):
  File "/home/pwayper/.local/share/virtualenvs/advisor-backend-A3tAKjzl/lib/python3.12/site-packages/django/core/management/__init__.py", line 194, in call_command
    return command.execute(*args, **defaults)
           ^^^^^^^^^^^^^^^^^^^^^^^^^^^^^^^^^^
  File "/home/pwayper/.local/share/virtualenvs/advisor-backend-A3tAKjzl/lib/python3.12/site-packages/django/core/management/base.py", line 464, in execute
    output = self.handle(*args, **options)
             ^^^^^^^^^^^^^^^^^^^^^^^^^^^^^
  File "/home/pwayper/.local/share/virtualenvs/advisor-backend-A3tAKjzl/lib/python3.12/site-packages/django/core/management/commands/loaddata.py", line 103, in handle
    self.loaddata(fixture_labels)
  File "/home/pwayper/.local/share/virtualenvs/advisor-backend-A3tAKjzl/lib/python3.12/site-packages/django/core/management/commands/loaddata.py", line 164, in loaddata
    self.load_label(fixture_label)
  File "/home/pwayper/.local/share/virtualenvs/advisor-backend-A3tAKjzl/lib/python3.12/site-packages/django/core/management/commands/loaddata.py", line 252, in load_label
    for obj in objects:
               ^^^^^^^
  File "/home/pwayper/.local/share/virtualenvs/advisor-backend-A3tAKjzl/lib/python3.12/site-packages/django/core/serializers/python.py", line 123, in __iter__
    yield from self._handle_object(obj)
  File "/home/pwayper/.local/share/virtualenvs/advisor-backend-A3tAKjzl/lib/python3.12/site-packages/django/core/serializers/json.py", line 82, in _handle_object
    raise DeserializationError(f"Error deserializing object: {exc}") from exc
django.core.serializers.base.DeserializationError: Problem installing fixture '/home/pwayper/Code/insights/advisor-backend/api/advisor/api/fixtures/basic_test_data.json': Error deserializing object: InventoryHost has no field named 'stale_warning_timestamp'
]]></error>
	</testcase>
	<testcase classname="" name="setUpClass (api.tests.test_import_content.ImportContentPathways)" time="0.000" timestamp="0001-01-01T00:00:00" file="advisor/api/tests/test_autosubexclusion_views.py" line="66">
		<error type="DeserializationError" message="Problem installing fixture '/home/pwayper/Code/insights/advisor-backend/api/advisor/api/fixtures/basic_test_data.json': Error deserializing object: InventoryHost has no field named 'stale_warning_timestamp'"><![CDATA[Traceback (most recent call last):
  File "/home/pwayper/.local/share/virtualenvs/advisor-backend-A3tAKjzl/lib/python3.12/site-packages/django/db/models/options.py", line 683, in get_field
    return self.fields_map[field_name]
           ~~~~~~~~~~~~~~~^^^^^^^^^^^^
KeyError: 'stale_warning_timestamp'

During handling of the above exception, another exception occurred:

Traceback (most recent call last):
  File "/home/pwayper/.local/share/virtualenvs/advisor-backend-A3tAKjzl/lib/python3.12/site-packages/django/core/serializers/json.py", line 78, in _handle_object
    yield from super()._handle_object(obj)
  File "/home/pwayper/.local/share/virtualenvs/advisor-backend-A3tAKjzl/lib/python3.12/site-packages/django/core/serializers/python.py", line 160, in _handle_object
    field = Model._meta.get_field(field_name)
            ^^^^^^^^^^^^^^^^^^^^^^^^^^^^^^^^^
  File "/home/pwayper/.local/share/virtualenvs/advisor-backend-A3tAKjzl/lib/python3.12/site-packages/django/db/models/options.py", line 685, in get_field
    raise FieldDoesNotExist(
django.core.exceptions.FieldDoesNotExist: InventoryHost has no field named 'stale_warning_timestamp'

The above exception was the direct cause of the following exception:

Traceback (most recent call last):
  File "/home/pwayper/.local/share/virtualenvs/advisor-backend-A3tAKjzl/lib/python3.12/site-packages/django/core/management/__init__.py", line 194, in call_command
    return command.execute(*args, **defaults)
           ^^^^^^^^^^^^^^^^^^^^^^^^^^^^^^^^^^
  File "/home/pwayper/.local/share/virtualenvs/advisor-backend-A3tAKjzl/lib/python3.12/site-packages/django/core/management/base.py", line 464, in execute
    output = self.handle(*args, **options)
             ^^^^^^^^^^^^^^^^^^^^^^^^^^^^^
  File "/home/pwayper/.local/share/virtualenvs/advisor-backend-A3tAKjzl/lib/python3.12/site-packages/django/core/management/commands/loaddata.py", line 103, in handle
    self.loaddata(fixture_labels)
  File "/home/pwayper/.local/share/virtualenvs/advisor-backend-A3tAKjzl/lib/python3.12/site-packages/django/core/management/commands/loaddata.py", line 164, in loaddata
    self.load_label(fixture_label)
  File "/home/pwayper/.local/share/virtualenvs/advisor-backend-A3tAKjzl/lib/python3.12/site-packages/django/core/management/commands/loaddata.py", line 252, in load_label
    for obj in objects:
               ^^^^^^^
  File "/home/pwayper/.local/share/virtualenvs/advisor-backend-A3tAKjzl/lib/python3.12/site-packages/django/core/serializers/python.py", line 123, in __iter__
    yield from self._handle_object(obj)
  File "/home/pwayper/.local/share/virtualenvs/advisor-backend-A3tAKjzl/lib/python3.12/site-packages/django/core/serializers/json.py", line 82, in _handle_object
    raise DeserializationError(f"Error deserializing object: {exc}") from exc
django.core.serializers.base.DeserializationError: Problem installing fixture '/home/pwayper/Code/insights/advisor-backend/api/advisor/api/fixtures/basic_test_data.json': Error deserializing object: InventoryHost has no field named 'stale_warning_timestamp'
]]></error>
	</testcase>
	<testcase classname="" name="setUpClass (api.tests.test_import_content.ImportContentRuleRenamingTestCase)" time="0.000" timestamp="0001-01-01T00:00:00" file="advisor/api/tests/test_autosubexclusion_views.py" line="66">
		<error type="DeserializationError" message="Problem installing fixture '/home/pwayper/Code/insights/advisor-backend/api/advisor/api/fixtures/basic_test_data.json': Error deserializing object: InventoryHost has no field named 'stale_warning_timestamp'"><![CDATA[Traceback (most recent call last):
  File "/home/pwayper/.local/share/virtualenvs/advisor-backend-A3tAKjzl/lib/python3.12/site-packages/django/db/models/options.py", line 683, in get_field
    return self.fields_map[field_name]
           ~~~~~~~~~~~~~~~^^^^^^^^^^^^
KeyError: 'stale_warning_timestamp'

During handling of the above exception, another exception occurred:

Traceback (most recent call last):
  File "/home/pwayper/.local/share/virtualenvs/advisor-backend-A3tAKjzl/lib/python3.12/site-packages/django/core/serializers/json.py", line 78, in _handle_object
    yield from super()._handle_object(obj)
  File "/home/pwayper/.local/share/virtualenvs/advisor-backend-A3tAKjzl/lib/python3.12/site-packages/django/core/serializers/python.py", line 160, in _handle_object
    field = Model._meta.get_field(field_name)
            ^^^^^^^^^^^^^^^^^^^^^^^^^^^^^^^^^
  File "/home/pwayper/.local/share/virtualenvs/advisor-backend-A3tAKjzl/lib/python3.12/site-packages/django/db/models/options.py", line 685, in get_field
    raise FieldDoesNotExist(
django.core.exceptions.FieldDoesNotExist: InventoryHost has no field named 'stale_warning_timestamp'

The above exception was the direct cause of the following exception:

Traceback (most recent call last):
  File "/home/pwayper/.local/share/virtualenvs/advisor-backend-A3tAKjzl/lib/python3.12/site-packages/django/core/management/__init__.py", line 194, in call_command
    return command.execute(*args, **defaults)
           ^^^^^^^^^^^^^^^^^^^^^^^^^^^^^^^^^^
  File "/home/pwayper/.local/share/virtualenvs/advisor-backend-A3tAKjzl/lib/python3.12/site-packages/django/core/management/base.py", line 464, in execute
    output = self.handle(*args, **options)
             ^^^^^^^^^^^^^^^^^^^^^^^^^^^^^
  File "/home/pwayper/.local/share/virtualenvs/advisor-backend-A3tAKjzl/lib/python3.12/site-packages/django/core/management/commands/loaddata.py", line 103, in handle
    self.loaddata(fixture_labels)
  File "/home/pwayper/.local/share/virtualenvs/advisor-backend-A3tAKjzl/lib/python3.12/site-packages/django/core/management/commands/loaddata.py", line 164, in loaddata
    self.load_label(fixture_label)
  File "/home/pwayper/.local/share/virtualenvs/advisor-backend-A3tAKjzl/lib/python3.12/site-packages/django/core/management/commands/loaddata.py", line 252, in load_label
    for obj in objects:
               ^^^^^^^
  File "/home/pwayper/.local/share/virtualenvs/advisor-backend-A3tAKjzl/lib/python3.12/site-packages/django/core/serializers/python.py", line 123, in __iter__
    yield from self._handle_object(obj)
  File "/home/pwayper/.local/share/virtualenvs/advisor-backend-A3tAKjzl/lib/python3.12/site-packages/django/core/serializers/json.py", line 82, in _handle_object
    raise DeserializationError(f"Error deserializing object: {exc}") from exc
django.core.serializers.base.DeserializationError: Problem installing fixture '/home/pwayper/Code/insights/advisor-backend/api/advisor/api/fixtures/basic_test_data.json': Error deserializing object: InventoryHost has no field named 'stale_warning_timestamp'
]]></error>
	</testcase>
	<testcase classname="" name="setUpClass (api.tests.test_import_content_command.FixtureCoverageTestCase)" time="0.000" timestamp="0001-01-01T00:00:00" file="advisor/api/tests/test_import_content_command.py" line="846">
		<error type="DeserializationError" message="Problem installing fixture '/home/pwayper/Code/insights/advisor-backend/api/advisor/api/fixtures/basic_test_data.json': Error deserializing object: InventoryHost has no field named 'stale_warning_timestamp'"><![CDATA[Traceback (most recent call last):
  File "/home/pwayper/.local/share/virtualenvs/advisor-backend-A3tAKjzl/lib/python3.12/site-packages/django/db/models/options.py", line 683, in get_field
    return self.fields_map[field_name]
           ~~~~~~~~~~~~~~~^^^^^^^^^^^^
KeyError: 'stale_warning_timestamp'

During handling of the above exception, another exception occurred:

Traceback (most recent call last):
  File "/home/pwayper/.local/share/virtualenvs/advisor-backend-A3tAKjzl/lib/python3.12/site-packages/django/core/serializers/json.py", line 78, in _handle_object
    yield from super()._handle_object(obj)
  File "/home/pwayper/.local/share/virtualenvs/advisor-backend-A3tAKjzl/lib/python3.12/site-packages/django/core/serializers/python.py", line 160, in _handle_object
    field = Model._meta.get_field(field_name)
            ^^^^^^^^^^^^^^^^^^^^^^^^^^^^^^^^^
  File "/home/pwayper/.local/share/virtualenvs/advisor-backend-A3tAKjzl/lib/python3.12/site-packages/django/db/models/options.py", line 685, in get_field
    raise FieldDoesNotExist(
django.core.exceptions.FieldDoesNotExist: InventoryHost has no field named 'stale_warning_timestamp'

The above exception was the direct cause of the following exception:

Traceback (most recent call last):
  File "/home/pwayper/.local/share/virtualenvs/advisor-backend-A3tAKjzl/lib/python3.12/site-packages/django/core/management/__init__.py", line 194, in call_command
    return command.execute(*args, **defaults)
           ^^^^^^^^^^^^^^^^^^^^^^^^^^^^^^^^^^
  File "/home/pwayper/.local/share/virtualenvs/advisor-backend-A3tAKjzl/lib/python3.12/site-packages/django/core/management/base.py", line 464, in execute
    output = self.handle(*args, **options)
             ^^^^^^^^^^^^^^^^^^^^^^^^^^^^^
  File "/home/pwayper/.local/share/virtualenvs/advisor-backend-A3tAKjzl/lib/python3.12/site-packages/django/core/management/commands/loaddata.py", line 103, in handle
    self.loaddata(fixture_labels)
  File "/home/pwayper/.local/share/virtualenvs/advisor-backend-A3tAKjzl/lib/python3.12/site-packages/django/core/management/commands/loaddata.py", line 164, in loaddata
    self.load_label(fixture_label)
  File "/home/pwayper/.local/share/virtualenvs/advisor-backend-A3tAKjzl/lib/python3.12/site-packages/django/core/management/commands/loaddata.py", line 252, in load_label
    for obj in objects:
               ^^^^^^^
  File "/home/pwayper/.local/share/virtualenvs/advisor-backend-A3tAKjzl/lib/python3.12/site-packages/django/core/serializers/python.py", line 123, in __iter__
    yield from self._handle_object(obj)
  File "/home/pwayper/.local/share/virtualenvs/advisor-backend-A3tAKjzl/lib/python3.12/site-packages/django/core/serializers/json.py", line 82, in _handle_object
    raise DeserializationError(f"Error deserializing object: {exc}") from exc
django.core.serializers.base.DeserializationError: Problem installing fixture '/home/pwayper/Code/insights/advisor-backend/api/advisor/api/fixtures/basic_test_data.json': Error deserializing object: InventoryHost has no field named 'stale_warning_timestamp'
]]></error>
	</testcase>
	<testcase classname="" name="setUpClass (api.tests.test_import_content_command.ImportContentTestCase)" time="0.000" timestamp="0001-01-01T00:00:00" file="advisor/api/tests/test_import_content_command.py" line="846">
		<error type="DeserializationError" message="Problem installing fixture '/home/pwayper/Code/insights/advisor-backend/api/advisor/api/fixtures/basic_test_data.json': Error deserializing object: InventoryHost has no field named 'stale_warning_timestamp'"><![CDATA[Traceback (most recent call last):
  File "/home/pwayper/.local/share/virtualenvs/advisor-backend-A3tAKjzl/lib/python3.12/site-packages/django/db/models/options.py", line 683, in get_field
    return self.fields_map[field_name]
           ~~~~~~~~~~~~~~~^^^^^^^^^^^^
KeyError: 'stale_warning_timestamp'

During handling of the above exception, another exception occurred:

Traceback (most recent call last):
  File "/home/pwayper/.local/share/virtualenvs/advisor-backend-A3tAKjzl/lib/python3.12/site-packages/django/core/serializers/json.py", line 78, in _handle_object
    yield from super()._handle_object(obj)
  File "/home/pwayper/.local/share/virtualenvs/advisor-backend-A3tAKjzl/lib/python3.12/site-packages/django/core/serializers/python.py", line 160, in _handle_object
    field = Model._meta.get_field(field_name)
            ^^^^^^^^^^^^^^^^^^^^^^^^^^^^^^^^^
  File "/home/pwayper/.local/share/virtualenvs/advisor-backend-A3tAKjzl/lib/python3.12/site-packages/django/db/models/options.py", line 685, in get_field
    raise FieldDoesNotExist(
django.core.exceptions.FieldDoesNotExist: InventoryHost has no field named 'stale_warning_timestamp'

The above exception was the direct cause of the following exception:

Traceback (most recent call last):
  File "/home/pwayper/.local/share/virtualenvs/advisor-backend-A3tAKjzl/lib/python3.12/site-packages/django/core/management/__init__.py", line 194, in call_command
    return command.execute(*args, **defaults)
           ^^^^^^^^^^^^^^^^^^^^^^^^^^^^^^^^^^
  File "/home/pwayper/.local/share/virtualenvs/advisor-backend-A3tAKjzl/lib/python3.12/site-packages/django/core/management/base.py", line 464, in execute
    output = self.handle(*args, **options)
             ^^^^^^^^^^^^^^^^^^^^^^^^^^^^^
  File "/home/pwayper/.local/share/virtualenvs/advisor-backend-A3tAKjzl/lib/python3.12/site-packages/django/core/management/commands/loaddata.py", line 103, in handle
    self.loaddata(fixture_labels)
  File "/home/pwayper/.local/share/virtualenvs/advisor-backend-A3tAKjzl/lib/python3.12/site-packages/django/core/management/commands/loaddata.py", line 164, in loaddata
    self.load_label(fixture_label)
  File "/home/pwayper/.local/share/virtualenvs/advisor-backend-A3tAKjzl/lib/python3.12/site-packages/django/core/management/commands/loaddata.py", line 252, in load_label
    for obj in objects:
               ^^^^^^^
  File "/home/pwayper/.local/share/virtualenvs/advisor-backend-A3tAKjzl/lib/python3.12/site-packages/django/core/serializers/python.py", line 123, in __iter__
    yield from self._handle_object(obj)
  File "/home/pwayper/.local/share/virtualenvs/advisor-backend-A3tAKjzl/lib/python3.12/site-packages/django/core/serializers/json.py", line 82, in _handle_object
    raise DeserializationError(f"Error deserializing object: {exc}") from exc
django.core.serializers.base.DeserializationError: Problem installing fixture '/home/pwayper/Code/insights/advisor-backend/api/advisor/api/fixtures/basic_test_data.json': Error deserializing object: InventoryHost has no field named 'stale_warning_timestamp'
]]></error>
	</testcase>
	<testcase classname="" name="setUpClass (api.tests.test_inventory_host_model.InventoryHostTestCase)" time="0.000" timestamp="0001-01-01T00:00:00" file="advisor/api/tests/test_import_content_command.py" line="426">
		<!--
        Test updates to content.
        -->
		<error type="DeserializationError" message="Problem installing fixture '/home/pwayper/Code/insights/advisor-backend/api/advisor/api/fixtures/basic_test_data.json': Error deserializing object: InventoryHost has no field named 'stale_warning_timestamp'"><![CDATA[Traceback (most recent call last):
  File "/home/pwayper/.local/share/virtualenvs/advisor-backend-A3tAKjzl/lib/python3.12/site-packages/django/db/models/options.py", line 683, in get_field
    return self.fields_map[field_name]
           ~~~~~~~~~~~~~~~^^^^^^^^^^^^
KeyError: 'stale_warning_timestamp'

During handling of the above exception, another exception occurred:

Traceback (most recent call last):
  File "/home/pwayper/.local/share/virtualenvs/advisor-backend-A3tAKjzl/lib/python3.12/site-packages/django/core/serializers/json.py", line 78, in _handle_object
    yield from super()._handle_object(obj)
  File "/home/pwayper/.local/share/virtualenvs/advisor-backend-A3tAKjzl/lib/python3.12/site-packages/django/core/serializers/python.py", line 160, in _handle_object
    field = Model._meta.get_field(field_name)
            ^^^^^^^^^^^^^^^^^^^^^^^^^^^^^^^^^
  File "/home/pwayper/.local/share/virtualenvs/advisor-backend-A3tAKjzl/lib/python3.12/site-packages/django/db/models/options.py", line 685, in get_field
    raise FieldDoesNotExist(
django.core.exceptions.FieldDoesNotExist: InventoryHost has no field named 'stale_warning_timestamp'

The above exception was the direct cause of the following exception:

Traceback (most recent call last):
  File "/home/pwayper/.local/share/virtualenvs/advisor-backend-A3tAKjzl/lib/python3.12/site-packages/django/core/management/__init__.py", line 194, in call_command
    return command.execute(*args, **defaults)
           ^^^^^^^^^^^^^^^^^^^^^^^^^^^^^^^^^^
  File "/home/pwayper/.local/share/virtualenvs/advisor-backend-A3tAKjzl/lib/python3.12/site-packages/django/core/management/base.py", line 464, in execute
    output = self.handle(*args, **options)
             ^^^^^^^^^^^^^^^^^^^^^^^^^^^^^
  File "/home/pwayper/.local/share/virtualenvs/advisor-backend-A3tAKjzl/lib/python3.12/site-packages/django/core/management/commands/loaddata.py", line 103, in handle
    self.loaddata(fixture_labels)
  File "/home/pwayper/.local/share/virtualenvs/advisor-backend-A3tAKjzl/lib/python3.12/site-packages/django/core/management/commands/loaddata.py", line 164, in loaddata
    self.load_label(fixture_label)
[...]
    raise DeserializationError(f"Error deserializing object: {exc}") from exc
django.core.serializers.base.DeserializationError: Problem installing fixture '/home/pwayper/Code/insights/advisor-backend/api/advisor/api/fixtures/basic_test_data.json': Error deserializing object: InventoryHost has no field named 'stale_warning_timestamp'
]]></error>
	</testcase>
	<testcase classname="" name="setUpClass (sat_compat.tests.test_systems_views.SystemDupInsightsIDViewTestCase)" time="0.000" timestamp="0001-01-01T00:00:00" file="advisor/sat_compat/tests/test_static_views.py" line="151">
		<error type="DeserializationError" message="Problem installing fixture '/home/pwayper/Code/insights/advisor-backend/api/advisor/api/fixtures/basic_test_data.json': Error deserializing object: InventoryHost has no field named 'stale_warning_timestamp'"><![CDATA[Traceback (most recent call last):
  File "/home/pwayper/.local/share/virtualenvs/advisor-backend-A3tAKjzl/lib/python3.12/site-packages/django/db/models/options.py", line 683, in get_field
    return self.fields_map[field_name]
           ~~~~~~~~~~~~~~~^^^^^^^^^^^^
KeyError: 'stale_warning_timestamp'

During handling of the above exception, another exception occurred:

Traceback (most recent call last):
  File "/home/pwayper/.local/share/virtualenvs/advisor-backend-A3tAKjzl/lib/python3.12/site-packages/django/core/serializers/json.py", line 78, in _handle_object
    yield from super()._handle_object(obj)
  File "/home/pwayper/.local/share/virtualenvs/advisor-backend-A3tAKjzl/lib/python3.12/site-packages/django/core/serializers/python.py", line 160, in _handle_object
    field = Model._meta.get_field(field_name)
            ^^^^^^^^^^^^^^^^^^^^^^^^^^^^^^^^^
  File "/home/pwayper/.local/share/virtualenvs/advisor-backend-A3tAKjzl/lib/python3.12/site-packages/django/db/models/options.py", line 685, in get_field
    raise FieldDoesNotExist(
django.core.exceptions.FieldDoesNotExist: InventoryHost has no field named 'stale_warning_timestamp'

The above exception was the direct cause of the following exception:

Traceback (most recent call last):
  File "/home/pwayper/Code/insights/advisor-backend/api/advisor/sat_compat/tests/test_systems_views.py", line 1039, in setUpClass
    super().setUpClass()
  File "/home/pwayper/.local/share/virtualenvs/advisor-backend-A3tAKjzl/lib/python3.12/site-packages/django/test/testcases.py", line 1419, in setUpClass
    call_command(
  File "/home/pwayper/.local/share/virtualenvs/advisor-backend-A3tAKjzl/lib/python3.12/site-packages/django/core/management/__init__.py", line 194, in call_command
    return command.execute(*args, **defaults)
           ^^^^^^^^^^^^^^^^^^^^^^^^^^^^^^^^^^
  File "/home/pwayper/.local/share/virtualenvs/advisor-backend-A3tAKjzl/lib/python3.12/site-packages/django/core/management/base.py", line 464, in execute
    output = self.handle(*args, **options)
             ^^^^^^^^^^^^^^^^^^^^^^^^^^^^^
  File "/home/pwayper/.local/share/virtualenvs/advisor-backend-A3tAKjzl/lib/python3.12/site-packages/django/core/management/commands/loaddata.py", line 103, in handle
    self.loaddata(fixture_labels)
  File "/home/pwayper/.local/share/virtualenvs/advisor-backend-A3tAKjzl/lib/python3.12/site-packages/django/core/management/commands/loaddata.py", line 164, in loaddata
    self.load_label(fixture_label)
  File "/home/pwayper/.local/share/virtualenvs/advisor-backend-A3tAKjzl/lib/python3.12/site-packages/django/core/management/commands/loaddata.py", line 252, in load_label
    for obj in objects:
               ^^^^^^^
  File "/home/pwayper/.local/share/virtualenvs/advisor-backend-A3tAKjzl/lib/python3.12/site-packages/django/core/serializers/python.py", line 123, in __iter__
    yield from self._handle_object(obj)
  File "/home/pwayper/.local/share/virtualenvs/advisor-backend-A3tAKjzl/lib/python3.12/site-packages/django/core/serializers/json.py", line 82, in _handle_object
    raise DeserializationError(f"Error deserializing object: {exc}") from exc
django.core.serializers.base.DeserializationError: Problem installing fixture '/home/pwayper/Code/insights/advisor-backend/api/advisor/api/fixtures/basic_test_data.json': Error deserializing object: InventoryHost has no field named 'stale_warning_timestamp'
]]></error>
	</testcase>
	<testcase classname="" name="setUpClass (sat_compat.tests.test_systems_views.SystemV1ViewTestCase)" time="0.000" timestamp="0001-01-01T00:00:00" file="advisor/sat_compat/tests/test_static_views.py" line="151">
		<error type="DeserializationError" message="Problem installing fixture '/home/pwayper/Code/insights/advisor-backend/api/advisor/api/fixtures/basic_test_data.json': Error deserializing object: InventoryHost has no field named 'stale_warning_timestamp'"><![CDATA[Traceback (most recent call last):
  File "/home/pwayper/.local/share/virtualenvs/advisor-backend-A3tAKjzl/lib/python3.12/site-packages/django/db/models/options.py", line 683, in get_field
    return self.fields_map[field_name]
           ~~~~~~~~~~~~~~~^^^^^^^^^^^^
KeyError: 'stale_warning_timestamp'

During handling of the above exception, another exception occurred:

Traceback (most recent call last):
  File "/home/pwayper/.local/share/virtualenvs/advisor-backend-A3tAKjzl/lib/python3.12/site-packages/django/core/serializers/json.py", line 78, in _handle_object
    yield from super()._handle_object(obj)
  File "/home/pwayper/.local/share/virtualenvs/advisor-backend-A3tAKjzl/lib/python3.12/site-packages/django/core/serializers/python.py", line 160, in _handle_object
    field = Model._meta.get_field(field_name)
            ^^^^^^^^^^^^^^^^^^^^^^^^^^^^^^^^^
  File "/home/pwayper/.local/share/virtualenvs/advisor-backend-A3tAKjzl/lib/python3.12/site-packages/django/db/models/options.py", line 685, in get_field
    raise FieldDoesNotExist(
django.core.exceptions.FieldDoesNotExist: InventoryHost has no field named 'stale_warning_timestamp'

The above exception was the direct cause of the following exception:

Traceback (most recent call last):
  File "/home/pwayper/Code/insights/advisor-backend/api/advisor/sat_compat/tests/test_systems_views.py", line 1157, in setUpClass
    super().setUpClass()
  File "/home/pwayper/.local/share/virtualenvs/advisor-backend-A3tAKjzl/lib/python3.12/site-packages/django/test/testcases.py", line 1419, in setUpClass
    call_command(
  File "/home/pwayper/.local/share/virtualenvs/advisor-backend-A3tAKjzl/lib/python3.12/site-packages/django/core/management/__init__.py", line 194, in call_command
    return command.execute(*args, **defaults)
           ^^^^^^^^^^^^^^^^^^^^^^^^^^^^^^^^^^
  File "/home/pwayper/.local/share/virtualenvs/advisor-backend-A3tAKjzl/lib/python3.12/site-packages/django/core/management/base.py", line 464, in execute
    output = self.handle(*args, **options)
             ^^^^^^^^^^^^^^^^^^^^^^^^^^^^^
  File "/home/pwayper/.local/share/virtualenvs/advisor-backend-A3tAKjzl/lib/python3.12/site-packages/django/core/management/commands/loaddata.py", line 103, in handle
    self.loaddata(fixture_labels)
  File "/home/pwayper/.local/share/virtualenvs/advisor-backend-A3tAKjzl/lib/python3.12/site-packages/django/core/management/commands/loaddata.py", line 164, in loaddata
    self.load_label(fixture_label)
  File "/home/pwayper/.local/share/virtualenvs/advisor-backend-A3tAKjzl/lib/python3.12/site-packages/django/core/management/commands/loaddata.py", line 252, in load_label
    for obj in objects:
               ^^^^^^^
  File "/home/pwayper/.local/share/virtualenvs/advisor-backend-A3tAKjzl/lib/python3.12/site-packages/django/core/serializers/python.py", line 123, in __iter__
    yield from self._handle_object(obj)
  File "/home/pwayper/.local/share/virtualenvs/advisor-backend-A3tAKjzl/lib/python3.12/site-packages/django/core/serializers/json.py", line 82, in _handle_object
    raise DeserializationError(f"Error deserializing object: {exc}") from exc
django.core.serializers.base.DeserializationError: Problem installing fixture '/home/pwayper/Code/insights/advisor-backend/api/advisor/api/fixtures/basic_test_data.json': Error deserializing object: InventoryHost has no field named 'stale_warning_timestamp'
]]></error>
	</testcase>
	<testcase classname="" name="setUpClass (sat_compat.tests.test_systems_views.SystemViewTestCase)" time="0.000" timestamp="0001-01-01T00:00:00" file="advisor/sat_compat/tests/test_static_views.py" line="151">
		<error type="DeserializationError" message="Problem installing fixture '/home/pwayper/Code/insights/advisor-backend/api/advisor/api/fixtures/basic_test_data.json': Error deserializing object: InventoryHost has no field named 'stale_warning_timestamp'"><![CDATA[Traceback (most recent call last):
  File "/home/pwayper/.local/share/virtualenvs/advisor-backend-A3tAKjzl/lib/python3.12/site-packages/django/db/models/options.py", line 683, in get_field
    return self.fields_map[field_name]
           ~~~~~~~~~~~~~~~^^^^^^^^^^^^
KeyError: 'stale_warning_timestamp'

During handling of the above exception, another exception occurred:

Traceback (most recent call last):
  File "/home/pwayper/.local/share/virtualenvs/advisor-backend-A3tAKjzl/lib/python3.12/site-packages/django/core/serializers/json.py", line 78, in _handle_object
    yield from super()._handle_object(obj)
  File "/home/pwayper/.local/share/virtualenvs/advisor-backend-A3tAKjzl/lib/python3.12/site-packages/django/core/serializers/python.py", line 160, in _handle_object
    field = Model._meta.get_field(field_name)
            ^^^^^^^^^^^^^^^^^^^^^^^^^^^^^^^^^
  File "/home/pwayper/.local/share/virtualenvs/advisor-backend-A3tAKjzl/lib/python3.12/site-packages/django/db/models/options.py", line 685, in get_field
    raise FieldDoesNotExist(
django.core.exceptions.FieldDoesNotExist: InventoryHost has no field named 'stale_warning_timestamp'

The above exception was the direct cause of the following exception:

Traceback (most recent call last):
  File "/home/pwayper/Code/insights/advisor-backend/api/advisor/sat_compat/tests/test_systems_views.py", line 129, in setUpClass
    super().setUpClass()
  File "/home/pwayper/.local/share/virtualenvs/advisor-backend-A3tAKjzl/lib/python3.12/site-packages/django/test/testcases.py", line 1419, in setUpClass
    call_command(
  File "/home/pwayper/.local/share/virtualenvs/advisor-backend-A3tAKjzl/lib/python3.12/site-packages/django/core/management/__init__.py", line 194, in call_command
    return command.execute(*args, **defaults)
           ^^^^^^^^^^^^^^^^^^^^^^^^^^^^^^^^^^
  File "/home/pwayper/.local/share/virtualenvs/advisor-backend-A3tAKjzl/lib/python3.12/site-packages/django/core/management/base.py", line 464, in execute
    output = self.handle(*args, **options)
             ^^^^^^^^^^^^^^^^^^^^^^^^^^^^^
  File "/home/pwayper/.local/share/virtualenvs/advisor-backend-A3tAKjzl/lib/python3.12/site-packages/django/core/management/commands/loaddata.py", line 103, in handle
    self.loaddata(fixture_labels)
  File "/home/pwayper/.local/share/virtualenvs/advisor-backend-A3tAKjzl/lib/python3.12/site-packages/django/core/management/commands/loaddata.py", line 164, in loaddata
    self.load_label(fixture_label)
  File "/home/pwayper/.local/share/virtualenvs/advisor-backend-A3tAKjzl/lib/python3.12/site-packages/django/core/management/commands/loaddata.py", line 252, in load_label
    for obj in objects:
               ^^^^^^^
  File "/home/pwayper/.local/share/virtualenvs/advisor-backend-A3tAKjzl/lib/python3.12/site-packages/django/core/serializers/python.py", line 123, in __iter__
    yield from self._handle_object(obj)
  File "/home/pwayper/.local/share/virtualenvs/advisor-backend-A3tAKjzl/lib/python3.12/site-packages/django/core/serializers/json.py", line 82, in _handle_object
    raise DeserializationError(f"Error deserializing object: {exc}") from exc
django.core.serializers.base.DeserializationError: Problem installing fixture '/home/pwayper/Code/insights/advisor-backend/api/advisor/api/fixtures/basic_test_data.json': Error deserializing object: InventoryHost has no field named 'stale_warning_timestamp'
]]></error>
	</testcase>
	<testcase classname="" name="setUpClass (sat_compat.tests.test_topics_views.TopicTestCase)" time="0.000" timestamp="0001-01-01T00:00:00" file="advisor/sat_compat/tests/test_static_views.py" line="151">
		<error type="DeserializationError" message="Problem installing fixture '/home/pwayper/Code/insights/advisor-backend/api/advisor/api/fixtures/basic_test_data.json': Error deserializing object: InventoryHost has no field named 'stale_warning_timestamp'"><![CDATA[Traceback (most recent call last):
  File "/home/pwayper/.local/share/virtualenvs/advisor-backend-A3tAKjzl/lib/python3.12/site-packages/django/db/models/options.py", line 683, in get_field
    return self.fields_map[field_name]
           ~~~~~~~~~~~~~~~^^^^^^^^^^^^
KeyError: 'stale_warning_timestamp'

During handling of the above exception, another exception occurred:

Traceback (most recent call last):
  File "/home/pwayper/.local/share/virtualenvs/advisor-backend-A3tAKjzl/lib/python3.12/site-packages/django/core/serializers/json.py", line 78, in _handle_object
    yield from super()._handle_object(obj)
  File "/home/pwayper/.local/share/virtualenvs/advisor-backend-A3tAKjzl/lib/python3.12/site-packages/django/core/serializers/python.py", line 160, in _handle_object
    field = Model._meta.get_field(field_name)
            ^^^^^^^^^^^^^^^^^^^^^^^^^^^^^^^^^
  File "/home/pwayper/.local/share/virtualenvs/advisor-backend-A3tAKjzl/lib/python3.12/site-packages/django/db/models/options.py", line 685, in get_field
    raise FieldDoesNotExist(
django.core.exceptions.FieldDoesNotExist: InventoryHost has no field named 'stale_warning_timestamp'

The above exception was the direct cause of the following exception:

Traceback (most recent call last):
  File "/home/pwayper/Code/insights/advisor-backend/api/advisor/sat_compat/tests/test_topics_views.py", line 32, in setUpClass
    super().setUpClass()
  File "/home/pwayper/.local/share/virtualenvs/advisor-backend-A3tAKjzl/lib/python3.12/site-packages/django/test/testcases.py", line 1419, in setUpClass
    call_command(
  File "/home/pwayper/.local/share/virtualenvs/advisor-backend-A3tAKjzl/lib/python3.12/site-packages/django/core/management/__init__.py", line 194, in call_command
    return command.execute(*args, **defaults)
           ^^^^^^^^^^^^^^^^^^^^^^^^^^^^^^^^^^
  File "/home/pwayper/.local/share/virtualenvs/advisor-backend-A3tAKjzl/lib/python3.12/site-packages/django/core/management/base.py", line 464, in execute
    output = self.handle(*args, **options)
             ^^^^^^^^^^^^^^^^^^^^^^^^^^^^^
  File "/home/pwayper/.local/share/virtualenvs/advisor-backend-A3tAKjzl/lib/python3.12/site-packages/django/core/management/commands/loaddata.py", line 103, in handle
    self.loaddata(fixture_labels)
  File "/home/pwayper/.local/share/virtualenvs/advisor-backend-A3tAKjzl/lib/python3.12/site-packages/django/core/management/commands/loaddata.py", line 164, in loaddata
    self.load_label(fixture_label)
  File "/home/pwayper/.local/share/virtualenvs/advisor-backend-A3tAKjzl/lib/python3.12/site-packages/django/core/management/commands/loaddata.py", line 252, in load_label
    for obj in objects:
               ^^^^^^^
  File "/home/pwayper/.local/share/virtualenvs/advisor-backend-A3tAKjzl/lib/python3.12/site-packages/django/core/serializers/python.py", line 123, in __iter__
    yield from self._handle_object(obj)
  File "/home/pwayper/.local/share/virtualenvs/advisor-backend-A3tAKjzl/lib/python3.12/site-packages/django/core/serializers/json.py", line 82, in _handle_object
    raise DeserializationError(f"Error deserializing object: {exc}") from exc
django.core.serializers.base.DeserializationError: Problem installing fixture '/home/pwayper/Code/insights/advisor-backend/api/advisor/api/fixtures/basic_test_data.json': Error deserializing object: InventoryHost has no field named 'stale_warning_timestamp'
]]></error>
	</testcase>
	<testcase classname="" name="setUpClass (sat_compat.tests.test_upload_views.UploaderTestCase)" time="0.000" timestamp="0001-01-01T00:00:00" file="advisor/sat_compat/tests/test_static_views.py" line="151">
		<error type="DeserializationError" message="Problem installing fixture '/home/pwayper/Code/insights/advisor-backend/api/advisor/api/fixtures/basic_test_data.json': Error deserializing object: InventoryHost has no field named 'stale_warning_timestamp'"><![CDATA[Traceback (most recent call last):
  File "/home/pwayper/.local/share/virtualenvs/advisor-backend-A3tAKjzl/lib/python3.12/site-packages/django/db/models/options.py", line 683, in get_field
    return self.fields_map[field_name]
           ~~~~~~~~~~~~~~~^^^^^^^^^^^^
KeyError: 'stale_warning_timestamp'

During handling of the above exception, another exception occurred:

Traceback (most recent call last):
  File "/home/pwayper/.local/share/virtualenvs/advisor-backend-A3tAKjzl/lib/python3.12/site-packages/django/core/serializers/json.py", line 78, in _handle_object
    yield from super()._handle_object(obj)
  File "/home/pwayper/.local/share/virtualenvs/advisor-backend-A3tAKjzl/lib/python3.12/site-packages/django/core/serializers/python.py", line 160, in _handle_object
    field = Model._meta.get_field(field_name)
            ^^^^^^^^^^^^^^^^^^^^^^^^^^^^^^^^^
  File "/home/pwayper/.local/share/virtualenvs/advisor-backend-A3tAKjzl/lib/python3.12/site-packages/django/db/models/options.py", line 685, in get_field
    raise FieldDoesNotExist(
django.core.exceptions.FieldDoesNotExist: InventoryHost has no field named 'stale_warning_timestamp'

The above exception was the direct cause of the following exception:

Traceback (most recent call last):
  File "/home/pwayper/Code/insights/advisor-backend/api/advisor/sat_compat/tests/test_upload_views.py", line 32, in setUpClass
    super().setUpClass()
  File "/home/pwayper/.local/share/virtualenvs/advisor-backend-A3tAKjzl/lib/python3.12/site-packages/django/test/testcases.py", line 1419, in setUpClass
    call_command(
  File "/home/pwayper/.local/share/virtualenvs/advisor-backend-A3tAKjzl/lib/python3.12/site-packages/django/core/management/__init__.py", line 194, in call_command
    return command.execute(*args, **defaults)
           ^^^^^^^^^^^^^^^^^^^^^^^^^^^^^^^^^^
  File "/home/pwayper/.local/share/virtualenvs/advisor-backend-A3tAKjzl/lib/python3.12/site-packages/django/core/management/base.py", line 464, in execute
    output = self.handle(*args, **options)
             ^^^^^^^^^^^^^^^^^^^^^^^^^^^^^
  File "/home/pwayper/.local/share/virtualenvs/advisor-backend-A3tAKjzl/lib/python3.12/site-packages/django/core/management/commands/loaddata.py", line 103, in handle
    self.loaddata(fixture_labels)
  File "/home/pwayper/.local/share/virtualenvs/advisor-backend-A3tAKjzl/lib/python3.12/site-packages/django/core/management/commands/loaddata.py", line 164, in loaddata
    self.load_label(fixture_label)
  File "/home/pwayper/.local/share/virtualenvs/advisor-backend-A3tAKjzl/lib/python3.12/site-packages/django/core/management/commands/loaddata.py", line 252, in load_label
    for obj in objects:
               ^^^^^^^
  File "/home/pwayper/.local/share/virtualenvs/advisor-backend-A3tAKjzl/lib/python3.12/site-packages/django/core/serializers/python.py", line 123, in __iter__
    yield from self._handle_object(obj)
  File "/home/pwayper/.local/share/virtualenvs/advisor-backend-A3tAKjzl/lib/python3.12/site-packages/django/core/serializers/json.py", line 82, in _handle_object
    raise DeserializationError(f"Error deserializing object: {exc}") from exc
django.core.serializers.base.DeserializationError: Problem installing fixture '/home/pwayper/Code/insights/advisor-backend/api/advisor/api/fixtures/basic_test_data.json': Error deserializing object: InventoryHost has no field named 'stale_warning_timestamp'
]]></error>
	</testcase>
</testsuite>
