<?xml version="1.0" encoding="UTF-8"?>
<testsuite name="tasks.tests.test_task_views.TaskViewTestCase-20260211234528" tests="13" file="tasks/tests/test_task_views.py" time="1.443" timestamp="2026-02-11T23:50:06" failures="0" errors="0" skipped="0">
	<testcase classname="tasks.tests.test_task_views.TaskViewTestCase" name="test_task_detail" time="0.022" timestamp="2026-02-11T23:50:04" file="advisor/tasks/tests/test_task_views.py" line="108"/>
	<testcase classname="tasks.tests.test_task_views.TaskViewTestCase" name="test_task_list" time="0.024" timestamp="2026-02-11T23:50:04" file="advisor/tasks/tests/test_task_views.py" line="53"/>
	<testcase classname="tasks.tests.test_task_views.TaskViewTestCase" name="test_task_no_public_edit" time="0.011" timestamp="2026-02-11T23:50:04" file="advisor/tasks/tests/test_task_views.py" line="142"/>
	<testcase classname="tasks.tests.test_task_views.TaskViewTestCase" name="test_task_playbook" time="0.111" timestamp="2026-02-11T23:50:05" file="advisor/tasks/tests/test_task_views.py" line="156"/>
	<testcase classname="tasks.tests.test_task_views.TaskViewTestCase" name="test_task_playbook_with_host_ansible" time="0.029" timestamp="2026-02-11T23:50:05" file="advisor/tasks/tests/test_task_views.py" line="282"/>
	<testcase classname="tasks.tests.test_task_views.TaskViewTestCase" name="test_task_playbook_with_host_fqdn" time="0.034" timestamp="2026-02-11T23:50:05" file="advisor/tasks/tests/test_task_views.py" line="254"/>
	<testcase classname="tasks.tests.test_task_views.TaskViewTestCase" name="test_task_system_list_connection_status_pd_available" time="0.074" timestamp="2026-02-11T23:50:05" file="advisor/tasks/tests/test_task_views.py" line="739"/>
	<testcase classname="tasks.tests.test_task_views.TaskViewTestCase" name="test_task_systems_all_systems_new_rhc_connection" time="0.107" timestamp="2026-02-11T23:50:05" file="advisor/tasks/tests/test_task_views.py" line="707"/>
	<testcase classname="tasks.tests.test_task_views.TaskViewTestCase" name="test_task_systems_host_group_filtering" time="0.122" timestamp="2026-02-11T23:50:05" file="advisor/tasks/tests/test_task_views.py" line="388"/>
	<testcase classname="tasks.tests.test_task_views.TaskViewTestCase" name="test_task_systems_requirements" time="0.148" timestamp="2026-02-11T23:50:05" file="advisor/tasks/tests/test_task_views.py" line="311"/>
	<testcase classname="tasks.tests.test_task_views.TaskViewTestCase" name="test_task_systems_requirements_bootc_image" time="0.179" timestamp="2026-02-11T23:50:05" file="advisor/tasks/tests/test_task_views.py" line="422"/>
	<testcase classname="tasks.tests.test_task_views.TaskViewTestCase" name="test_task_systems_requirements_rhel_os_versions" time="0.318" timestamp="2026-02-11T23:50:06" file="advisor/tasks/tests/test_task_views.py" line="579"/>
	<testcase classname="tasks.tests.test_task_views.TaskViewTestCase" name="test_task_systems_requirements_rhelai_image" time="0.263" timestamp="2026-02-11T23:50:06" file="advisor/tasks/tests/test_task_views.py" line="495"/>
</testsuite>
