<?xml version="1.0" encoding="UTF-8"?>
<testsuite name="api.tests.test_advisor_logging.AdvisorLoggingTestCase-20260216000108" tests="7" file="api/tests/test_advisor_logging.py" time="0.749" timestamp="2026-02-16T00:01:11" failures="0" errors="0" skipped="0">
	<testcase classname="api.tests.test_advisor_logging.AdvisorLoggingTestCase" name="test_format_method_django_server" time="0.006" timestamp="2026-02-16T00:01:10" file="api/advisor/api/tests/test_advisor_logging.py" line="226">
		<!--
        This is going to be a bit of a hack as actually getting to format a
        log line in normal operation is hard to set up AFAICS.
        -->
	</testcase>
	<testcase classname="api.tests.test_advisor_logging.AdvisorLoggingTestCase" name="test_format_method_django_server_tuple" time="0.002" timestamp="2026-02-16T00:01:10" file="api/advisor/api/tests/test_advisor_logging.py" line="295">
		<!--
        This is going to be a bit of a hack as actually getting to format a
        log line in normal operation is hard to set up AFAICS.
        -->
	</testcase>
	<testcase classname="api.tests.test_advisor_logging.AdvisorLoggingTestCase" name="test_format_method_gunicorn" time="0.006" timestamp="2026-02-16T00:01:10" file="api/advisor/api/tests/test_advisor_logging.py" line="325">
		<!--
        This is going to be a bit of a hack as actually getting to format a
        log line in normal operation is hard to set up AFAICS.
        -->
	</testcase>
	<testcase classname="api.tests.test_advisor_logging.AdvisorLoggingTestCase" name="test_hide_metrics" time="0.003" timestamp="2026-02-16T00:01:10" file="api/advisor/api/tests/test_advisor_logging.py" line="444">
		<!--
        Test all the code paths through hide_metrics, including failure modes.
        -->
	</testcase>
	<testcase classname="api.tests.test_advisor_logging.AdvisorLoggingTestCase" name="test_logging_conf_cloudwatch_enabled" time="0.726" timestamp="2026-02-16T00:01:11" file="api/advisor/api/tests/test_advisor_logging.py" line="414">
		<!--
        The 'logging_conf' module defines USE_CLOUDWATCH_LOGGING at the
        module level, and the code that relies on it also at the module level.
        importlib.reimport doesn't cause the code to be re-evaluated though?
        So we've put the code we want to test into a function we can call.
        -->
	</testcase>
	<testcase classname="api.tests.test_advisor_logging.AdvisorLoggingTestCase" name="test_modify_gunicorn_logs" time="0.004" timestamp="2026-02-16T00:01:11" file="api/advisor/api/tests/test_advisor_logging.py" line="149">
		<!--
        Testing with mildly modified, anonymised real-world data.
        -->
	</testcase>
	<testcase classname="api.tests.test_advisor_logging.AdvisorLoggingTestCase" name="test_update_record_from_request" time="0.003" timestamp="2026-02-16T00:01:11" file="api/advisor/api/tests/test_advisor_logging.py" line="200"/>
</testsuite>
