<?xml version="1.0" encoding="UTF-8"?>
<testsuite name="api.tests.test_import_content.ImportContentRuleRenamingTestCase-20260216000108" tests="2" file="api/tests/test_import_content.py" time="0.593" timestamp="2026-02-16T00:01:34" failures="0" errors="0" skipped="0">
	<testcase classname="api.tests.test_import_content.ImportContentRuleRenamingTestCase" name="test_fixture_matches_test_data" time="0.018" timestamp="2026-02-16T00:01:34" file="api/advisor/api/tests/test_import_content.py" line="1449"/>
	<testcase classname="api.tests.test_import_content.ImportContentRuleRenamingTestCase" name="test_rule_renaming" time="0.575" timestamp="2026-02-16T00:01:34" file="api/advisor/api/tests/test_import_content.py" line="1478"/>
</testsuite>
