<?xml version="1.0" encoding="UTF-8"?>
<testsuite name="sat_compat.tests.test_me.MeTestCase-20260216000108" tests="2" file="sat_compat/tests/test_me.py" time="0.007" timestamp="2026-02-16T00:02:34" failures="0" errors="0" skipped="0">
	<testcase classname="sat_compat.tests.test_me.MeTestCase" name="test_me_view" time="0.003" timestamp="2026-02-16T00:02:34" file="api/advisor/sat_compat/tests/test_me.py" line="25"/>
	<testcase classname="sat_compat.tests.test_me.MeTestCase" name="test_me_view_cert_auth" time="0.004" timestamp="2026-02-16T00:02:34" file="api/advisor/sat_compat/tests/test_me.py" line="34"/>
</testsuite>
