<?xml version="1.0" encoding="UTF-8"?>
<testsuite name="api.tests.test_stats_views.StatsTestCase-20260216001056" tests="5" file="api/tests/test_stats_views.py" time="0.167" timestamp="2026-02-16T00:11:56" failures="0" errors="0" skipped="0">
	<testcase classname="api.tests.test_stats_views.StatsTestCase" name="test_overview_stats" time="0.020" timestamp="2026-02-16T00:11:56" file="api/advisor/api/tests/test_stats_views.py" line="54"/>
	<testcase classname="api.tests.test_stats_views.StatsTestCase" name="test_reports_stats" time="0.048" timestamp="2026-02-16T00:11:56" file="api/advisor/api/tests/test_stats_views.py" line="102"/>
	<testcase classname="api.tests.test_stats_views.StatsTestCase" name="test_rules_stats" time="0.047" timestamp="2026-02-16T00:11:56" file="api/advisor/api/tests/test_stats_views.py" line="70"/>
	<testcase classname="api.tests.test_stats_views.StatsTestCase" name="test_stats_list" time="0.004" timestamp="2026-02-16T00:11:56" file="api/advisor/api/tests/test_stats_views.py" line="45"/>
	<testcase classname="api.tests.test_stats_views.StatsTestCase" name="test_systems_stats" time="0.048" timestamp="2026-02-16T00:11:56" file="api/advisor/api/tests/test_stats_views.py" line="141"/>
</testsuite>
