<?xml version="1.0" encoding="UTF-8"?>
<testsuite name="sat_compat.tests.test_acks_views.SatAcksTestCase-20260216001056" tests="6" file="sat_compat/tests/test_acks_views.py" time="0.312" timestamp="2026-02-16T00:12:08" failures="0" errors="0" skipped="0">
	<testcase classname="sat_compat.tests.test_acks_views.SatAcksTestCase" name="test_ack_list" time="0.129" timestamp="2026-02-16T00:12:08" file="api/advisor/sat_compat/tests/test_acks_views.py" line="35"/>
	<testcase classname="sat_compat.tests.test_acks_views.SatAcksTestCase" name="test_ack_list_cert_auth" time="0.009" timestamp="2026-02-16T00:12:08" file="api/advisor/sat_compat/tests/test_acks_views.py" line="156"/>
	<testcase classname="sat_compat.tests.test_acks_views.SatAcksTestCase" name="test_advisor_ack_no_satellite" time="0.067" timestamp="2026-02-16T00:12:08" file="api/advisor/sat_compat/tests/test_acks_views.py" line="175"/>
	<testcase classname="sat_compat.tests.test_acks_views.SatAcksTestCase" name="test_create_destroy" time="0.039" timestamp="2026-02-16T00:12:08" file="api/advisor/sat_compat/tests/test_acks_views.py" line="229"/>
	<testcase classname="sat_compat.tests.test_acks_views.SatAcksTestCase" name="test_create_destroy_cert_auth" time="0.036" timestamp="2026-02-16T00:12:08" file="api/advisor/sat_compat/tests/test_acks_views.py" line="297"/>
	<testcase classname="sat_compat.tests.test_acks_views.SatAcksTestCase" name="test_create_destroy_with_branch_id_param" time="0.033" timestamp="2026-02-16T00:12:08" file="api/advisor/sat_compat/tests/test_acks_views.py" line="366"/>
</testsuite>
