<?xml version="1.0" encoding="UTF-8"?>
<testsuite name="tasks.tests.test_task_script_upload.TaskJobUpdateScriptUploadTestCase-20260216000108" tests="5" file="tasks/tests/test_task_script_upload.py" time="0.157" timestamp="2026-02-16T00:02:51" failures="0" errors="0" skipped="0">
	<testcase classname="tasks.tests.test_task_script_upload.TaskJobUpdateScriptUploadTestCase" name="test_job_update_script_upload" time="0.032" timestamp="2026-02-16T00:02:51" file="api/advisor/tasks/tests/test_task_script_upload.py" line="66"/>
	<testcase classname="tasks.tests.test_task_script_upload.TaskJobUpdateScriptUploadTestCase" name="test_job_update_script_upload_completed_with_alert_true" time="0.027" timestamp="2026-02-16T00:02:51" file="api/advisor/tasks/tests/test_task_script_upload.py" line="165"/>
	<testcase classname="tasks.tests.test_task_script_upload.TaskJobUpdateScriptUploadTestCase" name="test_job_update_script_upload_failure" time="0.041" timestamp="2026-02-16T00:02:51" file="api/advisor/tasks/tests/test_task_script_upload.py" line="90"/>
	<testcase classname="tasks.tests.test_task_script_upload.TaskJobUpdateScriptUploadTestCase" name="test_job_update_script_upload_missing_alert_flag" time="0.030" timestamp="2026-02-16T00:02:51" file="api/advisor/tasks/tests/test_task_script_upload.py" line="136"/>
	<testcase classname="tasks.tests.test_task_script_upload.TaskJobUpdateScriptUploadTestCase" name="test_job_update_script_upload_parse_fail" time="0.028" timestamp="2026-02-16T00:02:51" file="api/advisor/tasks/tests/test_task_script_upload.py" line="116"/>
</testsuite>
