<?xml version="1.0" encoding="UTF-8"?>
<testsuite name="api.tests.test_ack_views.AckCountViewTestCase-20260216001056" tests="5" file="api/tests/test_ack_views.py" time="0.559" timestamp="2026-02-16T00:10:57" failures="0" errors="0" skipped="0">
	<testcase classname="api.tests.test_ack_views.AckCountViewTestCase" name="test_ackcount_detail" time="0.499" timestamp="2026-02-16T00:10:57" file="api/advisor/api/tests/test_ack_views.py" line="429"/>
	<testcase classname="api.tests.test_ack_views.AckCountViewTestCase" name="test_ackcount_detail_invalid_rule_id" time="0.008" timestamp="2026-02-16T00:10:57" file="api/advisor/api/tests/test_ack_views.py" line="466"/>
	<testcase classname="api.tests.test_ack_views.AckCountViewTestCase" name="test_ackcount_endpoint_access_fails_for_non_internal_user" time="0.008" timestamp="2026-02-16T00:10:57" file="api/advisor/api/tests/test_ack_views.py" line="483"/>
	<testcase classname="api.tests.test_ack_views.AckCountViewTestCase" name="test_ackcount_list" time="0.007" timestamp="2026-02-16T00:10:57" file="api/advisor/api/tests/test_ack_views.py" line="414"/>
	<testcase classname="api.tests.test_ack_views.AckCountViewTestCase" name="test_add_deleting_acks_to_modify_ack_counts" time="0.035" timestamp="2026-02-16T00:10:57" file="api/advisor/api/tests/test_ack_views.py" line="440">
		<system-err><![CDATA[Returning default value for feature: advisor.kessel_enabled
Error checking feature flag: 'advisor.kessel_enabled'
]]></system-err>
	</testcase>
</testsuite>
