<?xml version="1.0" encoding="UTF-8"?>
<testsuite name="sat_compat.tests.test_systems_views.SystemDupInsightsIDViewTestCase-20260216000108" tests="8" file="sat_compat/tests/test_systems_views.py" time="0.262" timestamp="2026-02-16T00:02:40" failures="0" errors="0" skipped="0">
	<testcase classname="sat_compat.tests.test_systems_views.SystemDupInsightsIDViewTestCase" name="test_destroy" time="0.039" timestamp="2026-02-16T00:02:39" file="api/advisor/sat_compat/tests/test_systems_views.py" line="1135"/>
	<testcase classname="sat_compat.tests.test_systems_views.SystemDupInsightsIDViewTestCase" name="test_groups" time="0.029" timestamp="2026-02-16T00:02:40" file="api/advisor/sat_compat/tests/test_systems_views.py" line="1090"/>
	<testcase classname="sat_compat.tests.test_systems_views.SystemDupInsightsIDViewTestCase" name="test_links" time="0.033" timestamp="2026-02-16T00:02:40" file="api/advisor/sat_compat/tests/test_systems_views.py" line="1124"/>
	<testcase classname="sat_compat.tests.test_systems_views.SystemDupInsightsIDViewTestCase" name="test_list_systems_name_filter" time="0.038" timestamp="2026-02-16T00:02:40" file="api/advisor/sat_compat/tests/test_systems_views.py" line="1055"/>
	<testcase classname="sat_compat.tests.test_systems_views.SystemDupInsightsIDViewTestCase" name="test_metadata" time="0.030" timestamp="2026-02-16T00:02:40" file="api/advisor/sat_compat/tests/test_systems_views.py" line="1113"/>
	<testcase classname="sat_compat.tests.test_systems_views.SystemDupInsightsIDViewTestCase" name="test_reports" time="0.056" timestamp="2026-02-16T00:02:40" file="api/advisor/sat_compat/tests/test_systems_views.py" line="1102"/>
	<testcase classname="sat_compat.tests.test_systems_views.SystemDupInsightsIDViewTestCase" name="test_retrieve" time="0.031" timestamp="2026-02-16T00:02:40" file="api/advisor/sat_compat/tests/test_systems_views.py" line="1075"/>
	<testcase classname="sat_compat.tests.test_systems_views.SystemDupInsightsIDViewTestCase" name="test_systems_available" time="0.006" timestamp="2026-02-16T00:02:40" file="api/advisor/sat_compat/tests/test_systems_views.py" line="1042"/>
</testsuite>
